#
# There is insufficient memory for the Java Runtime Environment to continue.
# Native memory allocation (mmap) failed to map 33554432 bytes for G1 virtual space
# Possible reasons:
#   The system is out of physical RAM or swap space
# Possible solutions:
#   Reduce memory load on the system
#   Increase physical memory or swap space
#   Check if swap backing store is full
#   Decrease Java heap size (-Xmx/-Xms)
#   Decrease number of Java threads
#   Decrease Java thread stack sizes (-Xss)
#   Set larger code cache with -XX:ReservedCodeCacheSize=
# This output file may be truncated or incomplete.
#
#  Out of Memory Error (./open/src/hotspot/os/windows/os_windows.cpp:3472), pid=19348, tid=14172
#
# JRE version: OpenJDK Runtime Environment (15.0.1+9) (build 15.0.1+9-18)
# Java VM: OpenJDK 64-Bit Server VM (15.0.1+9-18, mixed mode, sharing, tiered, g1 gc, windows-amd64)
# No core dump will be written. Minidumps are not enabled by default on client versions of Windows
#

---------------  S U M M A R Y ------------

Command Line: -Xmx50g MainKt

Host: Intel(R) Core(TM) i5-8265U CPU @ 1.60GHz, 8 cores, 7G,  Windows 10 , 64 bit Build 18362 (10.0.18362.1350)
Time: Thu Apr 29 15:19:34 2021 Mitteleuropäische Sommerzeit elapsed time: 1776.572455 seconds (0d 0h 29m 36s)

---------------  T H R E A D  ---------------

Current thread (0x0000019534030ad0):  JavaThread "Thread-52" [_thread_in_vm, id=14172, stack(0x000000783a100000,0x000000783a200000)]

Stack: [0x000000783a100000,0x000000783a200000]
Native frames: (J=compiled Java code, j=interpreted, Vv=VM code, C=native code)
V  [jvm.dll+0x62ae9a]
V  [jvm.dll+0x781389]
V  [jvm.dll+0x782ae3]
V  [jvm.dll+0x783143]
V  [jvm.dll+0x216265]
V  [jvm.dll+0x6281d9]
V  [jvm.dll+0x61cd15]
V  [jvm.dll+0x2d01fd]
V  [jvm.dll+0x2d0062]
V  [jvm.dll+0x2d603c]
V  [jvm.dll+0x325b2a]
V  [jvm.dll+0x325291]
V  [jvm.dll+0x324f11]
V  [jvm.dll+0x2a790e]
V  [jvm.dll+0x2a2fbf]
V  [jvm.dll+0x5bcf53]
V  [jvm.dll+0x1e4995]
V  [jvm.dll+0x75b786]
V  [jvm.dll+0x34bbea]
C  0x000001885a50ef6d

Java frames: (J=compiled Java code, j=interpreted, Vv=VM code)
j  lupos.endpoint.LuposdateEndpoint.importTurtleString(Ljava/lang/String;Ljava/util/Map;)Ljava/lang/String;+124
j  lupos.endpoint_launcher.HttpEndpointLauncher$start$1$1$25.invoke()V+105
j  lupos.endpoint_launcher.HttpEndpointLauncher$start$1$1$25.invoke()Ljava/lang/Object;+1
j  lupos.endpoint_launcher.HttpEndpointLauncher$start$1$1.invoke()V+2919
j  lupos.endpoint_launcher.HttpEndpointLauncher$start$1$1.invoke()Ljava/lang/Object;+1
j  lupos.Luposdate3000_Endpoint_Launcher_Java_Sockets.ParallelThread.runBlocking$Luposdate3000_Endpoint_Launcher_Java_Sockets(Lkotlin/jvm/functions/Function0;)Ljava/lang/Object;+1
j  lupos.endpoint_launcher.HttpEndpointLauncher$start$1.run()V+38
j  java.lang.Thread.run()V+11 java.base@15.0.1
v  ~StubRoutines::call_stub

---------------  P R O C E S S  ---------------

Threads class SMR info:
_java_thread_list=0x000001953288a280, length=12, elements={
0x0000018850b08000, 0x00000195317810d0, 0x0000019531781ca0, 0x000001953179cce0,
0x000001953179f6b0, 0x00000195317a0160, 0x00000195317a0f40, 0x00000195317a1ae0,
0x00000195317a25d0, 0x0000019532219f70, 0x000001953221f5f0, 0x0000019534030ad0
}

Java Threads: ( => current thread )
  0x0000018850b08000 JavaThread "main" [_thread_in_native, id=20364, stack(0x000000783a400000,0x000000783a500000)]
  0x00000195317810d0 JavaThread "Reference Handler" daemon [_thread_blocked, id=16564, stack(0x000000783ab00000,0x000000783ac00000)]
  0x0000019531781ca0 JavaThread "Finalizer" daemon [_thread_blocked, id=18476, stack(0x000000783ac00000,0x000000783ad00000)]
  0x000001953179cce0 JavaThread "Signal Dispatcher" daemon [_thread_blocked, id=9852, stack(0x000000783ad00000,0x000000783ae00000)]
  0x000001953179f6b0 JavaThread "Attach Listener" daemon [_thread_blocked, id=20004, stack(0x000000783ae00000,0x000000783af00000)]
  0x00000195317a0160 JavaThread "Service Thread" daemon [_thread_blocked, id=6240, stack(0x000000783af00000,0x000000783b000000)]
  0x00000195317a0f40 JavaThread "C2 CompilerThread0" daemon [_thread_blocked, id=604, stack(0x000000783b000000,0x000000783b100000)]
  0x00000195317a1ae0 JavaThread "C1 CompilerThread0" daemon [_thread_blocked, id=10580, stack(0x000000783b100000,0x000000783b200000)]
  0x00000195317a25d0 JavaThread "Sweeper thread" daemon [_thread_blocked, id=19264, stack(0x000000783b200000,0x000000783b300000)]
  0x0000019532219f70 JavaThread "Notification Thread" daemon [_thread_blocked, id=18708, stack(0x000000783b300000,0x000000783b400000)]
  0x000001953221f5f0 JavaThread "Common-Cleaner" daemon [_thread_blocked, id=18996, stack(0x000000783b500000,0x000000783b600000)]
=>0x0000019534030ad0 JavaThread "Thread-52" [_thread_in_vm, id=14172, stack(0x000000783a100000,0x000000783a200000)]

Other Threads:
  0x0000018850bce8d0 VMThread "VM Thread" [stack: 0x000000783aa00000,0x000000783ab00000] [id=6916]
  0x000001953221a440 WatcherThread [stack: 0x000000783b400000,0x000000783b500000] [id=20948]
  0x0000018850b4e790 GCTaskThread "GC Thread#0" [stack: 0x000000783a500000,0x000000783a600000] [id=17596]
  0x00000195325e9e00 GCTaskThread "GC Thread#1" [stack: 0x000000783b700000,0x000000783b800000] [id=20000]
  0x00000195325ebde0 GCTaskThread "GC Thread#2" [stack: 0x000000783b900000,0x000000783ba00000] [id=19632]
  0x00000195325ea460 GCTaskThread "GC Thread#3" [stack: 0x000000783ba00000,0x000000783bb00000] [id=7908]
  0x00000195325e9ad0 GCTaskThread "GC Thread#4" [stack: 0x000000783bb00000,0x000000783bc00000] [id=19884]
  0x00000195325ea790 GCTaskThread "GC Thread#5" [stack: 0x000000783bc00000,0x000000783bd00000] [id=20244]
  0x00000195325eadf0 GCTaskThread "GC Thread#6" [stack: 0x000000783b800000,0x000000783b900000] [id=2768]
  0x00000195325eb780 GCTaskThread "GC Thread#7" [stack: 0x000000783be00000,0x000000783bf00000] [id=9184]
  0x0000018850b5c0e0 ConcurrentGCThread "G1 Main Marker" [stack: 0x000000783a600000,0x000000783a700000] [id=10760]
  0x0000018850b5ccd0 ConcurrentGCThread "G1 Conc#0" [stack: 0x000000783a700000,0x000000783a800000] [id=6856]
  0x00000195325ec440 ConcurrentGCThread "G1 Conc#1" [stack: 0x000000783bd00000,0x000000783be00000] [id=12536]
  0x0000018850b8bff0 ConcurrentGCThread "G1 Refine#0" [stack: 0x000000783a800000,0x000000783a900000] [id=2208]
  0x0000018850b8cbf0 ConcurrentGCThread "G1 Young RemSet Sampling" [stack: 0x000000783a900000,0x000000783aa00000] [id=10452]

Threads with active compile tasks:

VM state: not at safepoint (normal execution)

VM Mutex/Monitor currently owned by a thread:  ([mutex/lock_event])
[0x0000018850b03920] Heap_lock - owner thread: 0x0000019534030ad0

GC Precious Log:
 CPUs: 8 total, 8 available
 Memory: 7998M
 Large Page Support: Disabled
 NUMA Support: Disabled
 Compressed Oops: Disabled
 Heap Region Size: 32M
 Heap Min Capacity: 32M
 Heap Initial Capacity: 128M
 Heap Max Capacity: 50G
 Pre-touch: Disabled
 Parallel Workers: 8
 Concurrent Workers: 2
 Concurrent Refinement Workers: 8
 Periodic GC: Disabled

Heap:
 garbage-first heap   total 6815744K, used 6492973K [0x000001886a000000, 0x00000194ea000000)
  region size 32768K, 4 young (131072K), 1 survivors (32768K)
 Metaspace       used 7502K, capacity 10506K, committed 10752K, reserved 1058816K
  class space    used 628K, capacity 942K, committed 1024K, reserved 1048576K

Heap Regions: E=young(eden), S=young(survivor), O=old, HS=humongous(starts), HC=humongous(continues), CS=collection set, F=free, OA=open archive, CA=closed archive, TAMS=top-at-mark-start (previous, next)
|   0|0x000001886a000000, 0x000001886c000000, 0x000001886c000000|100%|HS|  |TAMS 0x000001886a000000, 0x000001886a000000| Complete 
|   1|0x000001886c000000, 0x000001886e000000, 0x000001886e000000|100%|HC|  |TAMS 0x000001886c000000, 0x000001886c000000| Complete 
|   2|0x000001886e000000, 0x0000018870000000, 0x0000018870000000|100%|HC|  |TAMS 0x000001886e000000, 0x000001886e000000| Complete 
|   3|0x0000018870000000, 0x0000018872000000, 0x0000018872000000|100%|HC|  |TAMS 0x0000018870000000, 0x0000018870000000| Complete 
|   4|0x0000018872000000, 0x0000018874000000, 0x0000018874000000|100%|HC|  |TAMS 0x0000018872000000, 0x0000018872000000| Complete 
|   5|0x0000018874000000, 0x0000018876000000, 0x0000018876000000|100%|HC|  |TAMS 0x0000018874000000, 0x0000018874000000| Complete 
|   6|0x0000018876000000, 0x0000018878000000, 0x0000018878000000|100%|HC|  |TAMS 0x0000018876000000, 0x0000018876000000| Complete 
|   7|0x0000018878000000, 0x000001887a000000, 0x000001887a000000|100%|HC|  |TAMS 0x0000018878000000, 0x0000018878000000| Complete 
|   8|0x000001887a000000, 0x000001887c000000, 0x000001887c000000|100%|HC|  |TAMS 0x000001887a000000, 0x000001887a000000| Complete 
|   9|0x000001887c000000, 0x000001887e000000, 0x000001887e000000|100%|HC|  |TAMS 0x000001887c000000, 0x000001887c000000| Complete 
|  10|0x000001887e000000, 0x0000018880000000, 0x0000018880000000|100%|HC|  |TAMS 0x000001887e000000, 0x000001887e000000| Complete 
|  11|0x0000018880000000, 0x0000018882000000, 0x0000018882000000|100%|HC|  |TAMS 0x0000018880000000, 0x0000018880000000| Complete 
|  12|0x0000018882000000, 0x0000018884000000, 0x0000018884000000|100%|HC|  |TAMS 0x0000018882000000, 0x0000018882000000| Complete 
|  13|0x0000018884000000, 0x0000018886000000, 0x0000018886000000|100%|HC|  |TAMS 0x0000018884000000, 0x0000018884000000| Complete 
|  14|0x0000018886000000, 0x0000018888000000, 0x0000018888000000|100%|HC|  |TAMS 0x0000018886000000, 0x0000018886000000| Complete 
|  15|0x0000018888000000, 0x000001888a000000, 0x000001888a000000|100%|HC|  |TAMS 0x0000018888000000, 0x0000018888000000| Complete 
|  16|0x000001888a000000, 0x000001888c000000, 0x000001888c000000|100%|HC|  |TAMS 0x000001888a000000, 0x000001888a000000| Complete 
|  17|0x000001888c000000, 0x000001888e000000, 0x000001888e000000|100%|HS|  |TAMS 0x000001888c000000, 0x000001888c000000| Complete 
|  18|0x000001888e000000, 0x0000018890000000, 0x0000018890000000|100%|HC|  |TAMS 0x000001888e000000, 0x000001888e000000| Complete 
|  19|0x0000018890000000, 0x0000018892000000, 0x0000018892000000|100%|HC|  |TAMS 0x0000018890000000, 0x0000018890000000| Complete 
|  20|0x0000018892000000, 0x0000018894000000, 0x0000018894000000|100%|HC|  |TAMS 0x0000018892000000, 0x0000018892000000| Complete 
|  21|0x0000018894000000, 0x0000018896000000, 0x0000018896000000|100%|HC|  |TAMS 0x0000018894000000, 0x0000018894000000| Complete 
|  22|0x0000018896000000, 0x0000018898000000, 0x0000018898000000|100%|HC|  |TAMS 0x0000018896000000, 0x0000018896000000| Complete 
|  23|0x0000018898000000, 0x000001889a000000, 0x000001889a000000|100%|HC|  |TAMS 0x0000018898000000, 0x0000018898000000| Complete 
|  24|0x000001889a000000, 0x000001889c000000, 0x000001889c000000|100%|HC|  |TAMS 0x000001889a000000, 0x000001889a000000| Complete 
|  25|0x000001889c000000, 0x000001889e000000, 0x000001889e000000|100%|HC|  |TAMS 0x000001889c000000, 0x000001889c000000| Complete 
|  26|0x000001889e000000, 0x00000188a0000000, 0x00000188a0000000|100%|HC|  |TAMS 0x000001889e000000, 0x000001889e000000| Complete 
|  27|0x00000188a0000000, 0x00000188a2000000, 0x00000188a2000000|100%|HC|  |TAMS 0x00000188a0000000, 0x00000188a0000000| Complete 
|  28|0x00000188a2000000, 0x00000188a4000000, 0x00000188a4000000|100%|HC|  |TAMS 0x00000188a2000000, 0x00000188a2000000| Complete 
|  29|0x00000188a4000000, 0x00000188a6000000, 0x00000188a6000000|100%|HC|  |TAMS 0x00000188a4000000, 0x00000188a4000000| Complete 
|  30|0x00000188a6000000, 0x00000188a8000000, 0x00000188a8000000|100%|HC|  |TAMS 0x00000188a6000000, 0x00000188a6000000| Complete 
|  31|0x00000188a8000000, 0x00000188aa000000, 0x00000188aa000000|100%|HC|  |TAMS 0x00000188a8000000, 0x00000188a8000000| Complete 
|  32|0x00000188aa000000, 0x00000188ac000000, 0x00000188ac000000|100%|HC|  |TAMS 0x00000188aa000000, 0x00000188aa000000| Complete 
|  33|0x00000188ac000000, 0x00000188ae000000, 0x00000188ae000000|100%|HC|  |TAMS 0x00000188ac000000, 0x00000188ac000000| Complete 
|  34|0x00000188ae000000, 0x00000188b0000000, 0x00000188b0000000|100%|HS|  |TAMS 0x00000188ae000000, 0x00000188ae000000| Complete 
|  35|0x00000188b0000000, 0x00000188b2000000, 0x00000188b2000000|100%|HC|  |TAMS 0x00000188b0000000, 0x00000188b0000000| Complete 
|  36|0x00000188b2000000, 0x00000188b4000000, 0x00000188b4000000|100%|HC|  |TAMS 0x00000188b2000000, 0x00000188b2000000| Complete 
|  37|0x00000188b4000000, 0x00000188b6000000, 0x00000188b6000000|100%|HC|  |TAMS 0x00000188b4000000, 0x00000188b4000000| Complete 
|  38|0x00000188b6000000, 0x00000188b8000000, 0x00000188b8000000|100%|HC|  |TAMS 0x00000188b6000000, 0x00000188b6000000| Complete 
|  39|0x00000188b8000000, 0x00000188ba000000, 0x00000188ba000000|100%|HC|  |TAMS 0x00000188b8000000, 0x00000188b8000000| Complete 
|  40|0x00000188ba000000, 0x00000188bc000000, 0x00000188bc000000|100%|HC|  |TAMS 0x00000188ba000000, 0x00000188ba000000| Complete 
|  41|0x00000188bc000000, 0x00000188be000000, 0x00000188be000000|100%|HC|  |TAMS 0x00000188bc000000, 0x00000188bc000000| Complete 
|  42|0x00000188be000000, 0x00000188c0000000, 0x00000188c0000000|100%|HC|  |TAMS 0x00000188be000000, 0x00000188be000000| Complete 
|  43|0x00000188c0000000, 0x00000188c2000000, 0x00000188c2000000|100%|HC|  |TAMS 0x00000188c0000000, 0x00000188c0000000| Complete 
|  44|0x00000188c2000000, 0x00000188c4000000, 0x00000188c4000000|100%|HC|  |TAMS 0x00000188c2000000, 0x00000188c2000000| Complete 
|  45|0x00000188c4000000, 0x00000188c6000000, 0x00000188c6000000|100%|HC|  |TAMS 0x00000188c4000000, 0x00000188c4000000| Complete 
|  46|0x00000188c6000000, 0x00000188c8000000, 0x00000188c8000000|100%|HC|  |TAMS 0x00000188c6000000, 0x00000188c6000000| Complete 
|  47|0x00000188c8000000, 0x00000188ca000000, 0x00000188ca000000|100%|HC|  |TAMS 0x00000188c8000000, 0x00000188c8000000| Complete 
|  48|0x00000188ca000000, 0x00000188cc000000, 0x00000188cc000000|100%|HC|  |TAMS 0x00000188ca000000, 0x00000188ca000000| Complete 
|  49|0x00000188cc000000, 0x00000188ce000000, 0x00000188ce000000|100%|HC|  |TAMS 0x00000188cc000000, 0x00000188cc000000| Complete 
|  50|0x00000188ce000000, 0x00000188d0000000, 0x00000188d0000000|100%|HC|  |TAMS 0x00000188ce000000, 0x00000188ce000000| Complete 
|  51|0x00000188d0000000, 0x00000188d2000000, 0x00000188d2000000|100%|HS|  |TAMS 0x00000188d0000000, 0x00000188d0000000| Complete 
|  52|0x00000188d2000000, 0x00000188d4000000, 0x00000188d4000000|100%|HC|  |TAMS 0x00000188d2000000, 0x00000188d2000000| Complete 
|  53|0x00000188d4000000, 0x00000188d6000000, 0x00000188d6000000|100%|HC|  |TAMS 0x00000188d4000000, 0x00000188d4000000| Complete 
|  54|0x00000188d6000000, 0x00000188d8000000, 0x00000188d8000000|100%|HC|  |TAMS 0x00000188d6000000, 0x00000188d6000000| Complete 
|  55|0x00000188d8000000, 0x00000188da000000, 0x00000188da000000|100%|HC|  |TAMS 0x00000188d8000000, 0x00000188d8000000| Complete 
|  56|0x00000188da000000, 0x00000188dc000000, 0x00000188dc000000|100%|HS|  |TAMS 0x00000188da000000, 0x00000188da000000| Complete 
|  57|0x00000188dc000000, 0x00000188de000000, 0x00000188de000000|100%|HC|  |TAMS 0x00000188dc000000, 0x00000188dc000000| Complete 
|  58|0x00000188de000000, 0x00000188e0000000, 0x00000188e0000000|100%|HC|  |TAMS 0x00000188de000000, 0x00000188de000000| Complete 
|  59|0x00000188e0000000, 0x00000188e2000000, 0x00000188e2000000|100%|HC|  |TAMS 0x00000188e0000000, 0x00000188e0000000| Complete 
|  60|0x00000188e2000000, 0x00000188e4000000, 0x00000188e4000000|100%|HC|  |TAMS 0x00000188e2000000, 0x00000188e2000000| Complete 
|  61|0x00000188e4000000, 0x00000188e4070c00, 0x00000188e6000000|  1%| O|  |TAMS 0x00000188e4070c00, 0x00000188e4000000| Complete 
|  62|0x00000188e6000000, 0x00000188e6015a00, 0x00000188e8000000|  0%| O|  |TAMS 0x00000188e6015a00, 0x00000188e6000000| Complete 
|  63|0x00000188e8000000, 0x00000188e8010e00, 0x00000188ea000000|  0%| O|  |TAMS 0x00000188e8001a00, 0x00000188e8000000| Complete 
|  64|0x00000188ea000000, 0x00000188ec000000, 0x00000188ec000000|100%|HS|  |TAMS 0x00000188ea000000, 0x00000188ea000000| Complete 
|  65|0x00000188ec000000, 0x00000188ee000000, 0x00000188ee000000|100%|HC|  |TAMS 0x00000188ec000000, 0x00000188ec000000| Complete 
|  66|0x00000188ee000000, 0x00000188f0000000, 0x00000188f0000000|100%|HC|  |TAMS 0x00000188ee000000, 0x00000188ee000000| Complete 
|  67|0x00000188f0000000, 0x00000188f2000000, 0x00000188f2000000|100%|HC|  |TAMS 0x00000188f0000000, 0x00000188f0000000| Complete 
|  68|0x00000188f2000000, 0x00000188f4000000, 0x00000188f4000000|100%|HC|  |TAMS 0x00000188f2000000, 0x00000188f2000000| Complete 
|  69|0x00000188f4000000, 0x00000188f5cd0f48, 0x00000188f6000000| 90%| E|  |TAMS 0x00000188f4000000, 0x00000188f4000000| Complete 
|  70|0x00000188f6000000, 0x00000188f8000000, 0x00000188f8000000|100%| E|CS|TAMS 0x00000188f6000000, 0x00000188f6000000| Complete 
|  71|0x00000188f8000000, 0x00000188f83cac00, 0x00000188fa000000| 11%| O|  |TAMS 0x00000188f83cac00, 0x00000188f8000000| Complete 
|  72|0x00000188fa000000, 0x00000188fc000000, 0x00000188fc000000|100%| E|CS|TAMS 0x00000188fa000000, 0x00000188fa000000| Complete 
|  73|0x00000188fc000000, 0x00000188fe000000, 0x00000188fe000000|100%|HS|  |TAMS 0x00000188fc000000, 0x00000188fc000000| Complete 
|  74|0x00000188fe000000, 0x0000018900000000, 0x0000018900000000|100%|HC|  |TAMS 0x00000188fe000000, 0x00000188fe000000| Complete 
|  75|0x0000018900000000, 0x0000018902000000, 0x0000018902000000|100%|HC|  |TAMS 0x0000018900000000, 0x0000018900000000| Complete 
|  76|0x0000018902000000, 0x0000018904000000, 0x0000018904000000|100%|HC|  |TAMS 0x0000018902000000, 0x0000018902000000| Complete 
|  77|0x0000018904000000, 0x0000018906000000, 0x0000018906000000|100%|HC|  |TAMS 0x0000018904000000, 0x0000018904000000| Complete 
|  78|0x0000018906000000, 0x0000018908000000, 0x0000018908000000|100%|HS|  |TAMS 0x0000018906000000, 0x0000018906000000| Complete 
|  79|0x0000018908000000, 0x000001890a000000, 0x000001890a000000|100%|HC|  |TAMS 0x0000018908000000, 0x0000018908000000| Complete 
|  80|0x000001890a000000, 0x000001890c000000, 0x000001890c000000|100%|HC|  |TAMS 0x000001890a000000, 0x000001890a000000| Complete 
|  81|0x000001890c000000, 0x000001890e000000, 0x000001890e000000|100%|HC|  |TAMS 0x000001890c000000, 0x000001890c000000| Complete 
|  82|0x000001890e000000, 0x0000018910000000, 0x0000018910000000|100%|HC|  |TAMS 0x000001890e000000, 0x000001890e000000| Complete 
|  83|0x0000018910000000, 0x0000018912000000, 0x0000018912000000|100%|HS|  |TAMS 0x0000018910000000, 0x0000018910000000| Complete 
|  84|0x0000018912000000, 0x0000018914000000, 0x0000018914000000|100%|HC|  |TAMS 0x0000018912000000, 0x0000018912000000| Complete 
|  85|0x0000018914000000, 0x0000018916000000, 0x0000018916000000|100%|HC|  |TAMS 0x0000018914000000, 0x0000018914000000| Complete 
|  86|0x0000018916000000, 0x0000018918000000, 0x0000018918000000|100%|HC|  |TAMS 0x0000018916000000, 0x0000018916000000| Complete 
|  87|0x0000018918000000, 0x000001891a000000, 0x000001891a000000|100%|HC|  |TAMS 0x0000018918000000, 0x0000018918000000| Complete 
|  88|0x000001891a000000, 0x000001891c000000, 0x000001891c000000|100%|HS|  |TAMS 0x000001891a000000, 0x000001891a000000| Complete 
|  89|0x000001891c000000, 0x000001891e000000, 0x000001891e000000|100%|HC|  |TAMS 0x000001891c000000, 0x000001891c000000| Complete 
|  90|0x000001891e000000, 0x0000018920000000, 0x0000018920000000|100%|HC|  |TAMS 0x000001891e000000, 0x000001891e000000| Complete 
|  91|0x0000018920000000, 0x0000018922000000, 0x0000018922000000|100%|HC|  |TAMS 0x0000018920000000, 0x0000018920000000| Complete 
|  92|0x0000018922000000, 0x0000018924000000, 0x0000018924000000|100%|HC|  |TAMS 0x0000018922000000, 0x0000018922000000| Complete 
|  93|0x0000018924000000, 0x0000018926000000, 0x0000018926000000|100%|HC|  |TAMS 0x0000018924000000, 0x0000018924000000| Complete 
|  94|0x0000018926000000, 0x0000018928000000, 0x0000018928000000|100%|HC|  |TAMS 0x0000018926000000, 0x0000018926000000| Complete 
|  95|0x0000018928000000, 0x000001892a000000, 0x000001892a000000|100%|HC|  |TAMS 0x0000018928000000, 0x0000018928000000| Complete 
|  96|0x000001892a000000, 0x000001892c000000, 0x000001892c000000|100%|HC|  |TAMS 0x000001892a000000, 0x000001892a000000| Complete 
|  97|0x000001892c000000, 0x000001892e000000, 0x000001892e000000|100%|HC|  |TAMS 0x000001892c000000, 0x000001892c000000| Complete 
|  98|0x000001892e000000, 0x0000018930000000, 0x0000018930000000|100%|HC|  |TAMS 0x000001892e000000, 0x000001892e000000| Complete 
|  99|0x0000018930000000, 0x0000018932000000, 0x0000018932000000|100%|HC|  |TAMS 0x0000018930000000, 0x0000018930000000| Complete 
| 100|0x0000018932000000, 0x0000018934000000, 0x0000018934000000|100%|HC|  |TAMS 0x0000018932000000, 0x0000018932000000| Complete 
| 101|0x0000018934000000, 0x0000018936000000, 0x0000018936000000|100%|HC|  |TAMS 0x0000018934000000, 0x0000018934000000| Complete 
| 102|0x0000018936000000, 0x0000018938000000, 0x0000018938000000|100%|HC|  |TAMS 0x0000018936000000, 0x0000018936000000| Complete 
| 103|0x0000018938000000, 0x000001893a000000, 0x000001893a000000|100%|HC|  |TAMS 0x0000018938000000, 0x0000018938000000| Complete 
| 104|0x000001893a000000, 0x000001893c000000, 0x000001893c000000|100%|HC|  |TAMS 0x000001893a000000, 0x000001893a000000| Complete 
| 105|0x000001893c000000, 0x000001893e000000, 0x000001893e000000|100%|HS|  |TAMS 0x000001893c000000, 0x000001893c000000| Complete 
| 106|0x000001893e000000, 0x0000018940000000, 0x0000018940000000|100%|HC|  |TAMS 0x000001893e000000, 0x000001893e000000| Complete 
| 107|0x0000018940000000, 0x0000018942000000, 0x0000018942000000|100%|HC|  |TAMS 0x0000018940000000, 0x0000018940000000| Complete 
| 108|0x0000018942000000, 0x0000018944000000, 0x0000018944000000|100%|HC|  |TAMS 0x0000018942000000, 0x0000018942000000| Complete 
| 109|0x0000018944000000, 0x0000018946000000, 0x0000018946000000|100%|HC|  |TAMS 0x0000018944000000, 0x0000018944000000| Complete 
| 110|0x0000018946000000, 0x0000018948000000, 0x0000018948000000|100%|HC|  |TAMS 0x0000018946000000, 0x0000018946000000| Complete 
| 111|0x0000018948000000, 0x000001894a000000, 0x000001894a000000|100%|HC|  |TAMS 0x0000018948000000, 0x0000018948000000| Complete 
| 112|0x000001894a000000, 0x000001894c000000, 0x000001894c000000|100%|HC|  |TAMS 0x000001894a000000, 0x000001894a000000| Complete 
| 113|0x000001894c000000, 0x000001894e000000, 0x000001894e000000|100%|HC|  |TAMS 0x000001894c000000, 0x000001894c000000| Complete 
| 114|0x000001894e000000, 0x0000018950000000, 0x0000018950000000|100%|HC|  |TAMS 0x000001894e000000, 0x000001894e000000| Complete 
| 115|0x0000018950000000, 0x0000018952000000, 0x0000018952000000|100%|HC|  |TAMS 0x0000018950000000, 0x0000018950000000| Complete 
| 116|0x0000018952000000, 0x0000018954000000, 0x0000018954000000|100%|HC|  |TAMS 0x0000018952000000, 0x0000018952000000| Complete 
| 117|0x0000018954000000, 0x0000018956000000, 0x0000018956000000|100%|HC|  |TAMS 0x0000018954000000, 0x0000018954000000| Complete 
| 118|0x0000018956000000, 0x0000018958000000, 0x0000018958000000|100%|HC|  |TAMS 0x0000018956000000, 0x0000018956000000| Complete 
| 119|0x0000018958000000, 0x000001895a000000, 0x000001895a000000|100%|HC|  |TAMS 0x0000018958000000, 0x0000018958000000| Complete 
| 120|0x000001895a000000, 0x000001895c000000, 0x000001895c000000|100%|HC|  |TAMS 0x000001895a000000, 0x000001895a000000| Complete 
| 121|0x000001895c000000, 0x000001895e000000, 0x000001895e000000|100%|HC|  |TAMS 0x000001895c000000, 0x000001895c000000| Complete 
| 124|0x0000018962000000, 0x0000018962069750, 0x0000018964000000|  1%| S|CS|TAMS 0x0000018962000000, 0x0000018962000000| Complete 
| 125|0x0000018964000000, 0x0000018966000000, 0x0000018966000000|100%|HS|  |TAMS 0x0000018964000000, 0x0000018964000000| Complete 
| 126|0x0000018966000000, 0x0000018968000000, 0x0000018968000000|100%|HC|  |TAMS 0x0000018966000000, 0x0000018966000000| Complete 
| 127|0x0000018968000000, 0x000001896a000000, 0x000001896a000000|100%|HC|  |TAMS 0x0000018968000000, 0x0000018968000000| Complete 
| 128|0x000001896a000000, 0x000001896c000000, 0x000001896c000000|100%|HC|  |TAMS 0x000001896a000000, 0x000001896a000000| Complete 
| 129|0x000001896c000000, 0x000001896e000000, 0x000001896e000000|100%|HC|  |TAMS 0x000001896c000000, 0x000001896c000000| Complete 
| 130|0x000001896e000000, 0x0000018970000000, 0x0000018970000000|100%|HC|  |TAMS 0x000001896e000000, 0x000001896e000000| Complete 
| 131|0x0000018970000000, 0x0000018972000000, 0x0000018972000000|100%|HC|  |TAMS 0x0000018970000000, 0x0000018970000000| Complete 
| 132|0x0000018972000000, 0x0000018974000000, 0x0000018974000000|100%|HC|  |TAMS 0x0000018972000000, 0x0000018972000000| Complete 
| 133|0x0000018974000000, 0x0000018976000000, 0x0000018976000000|100%|HC|  |TAMS 0x0000018974000000, 0x0000018974000000| Complete 
| 134|0x0000018976000000, 0x0000018978000000, 0x0000018978000000|100%|HC|  |TAMS 0x0000018976000000, 0x0000018976000000| Complete 
| 135|0x0000018978000000, 0x000001897a000000, 0x000001897a000000|100%|HC|  |TAMS 0x0000018978000000, 0x0000018978000000| Complete 
| 136|0x000001897a000000, 0x000001897c000000, 0x000001897c000000|100%|HC|  |TAMS 0x000001897a000000, 0x000001897a000000| Complete 
| 137|0x000001897c000000, 0x000001897e000000, 0x000001897e000000|100%|HC|  |TAMS 0x000001897c000000, 0x000001897c000000| Complete 
| 138|0x000001897e000000, 0x0000018980000000, 0x0000018980000000|100%|HC|  |TAMS 0x000001897e000000, 0x000001897e000000| Complete 
| 139|0x0000018980000000, 0x0000018982000000, 0x0000018982000000|100%|HC|  |TAMS 0x0000018980000000, 0x0000018980000000| Complete 
| 140|0x0000018982000000, 0x0000018984000000, 0x0000018984000000|100%|HC|  |TAMS 0x0000018982000000, 0x0000018982000000| Complete 
| 141|0x0000018984000000, 0x0000018986000000, 0x0000018986000000|100%|HC|  |TAMS 0x0000018984000000, 0x0000018984000000| Complete 
| 142|0x0000018986000000, 0x0000018988000000, 0x0000018988000000|100%|HS|  |TAMS 0x0000018986000000, 0x0000018986000000| Complete 
| 143|0x0000018988000000, 0x000001898a000000, 0x000001898a000000|100%|HC|  |TAMS 0x0000018988000000, 0x0000018988000000| Complete 
| 144|0x000001898a000000, 0x000001898c000000, 0x000001898c000000|100%|HC|  |TAMS 0x000001898a000000, 0x000001898a000000| Complete 
| 145|0x000001898c000000, 0x000001898e000000, 0x000001898e000000|100%|HC|  |TAMS 0x000001898c000000, 0x000001898c000000| Complete 
| 146|0x000001898e000000, 0x0000018990000000, 0x0000018990000000|100%|HC|  |TAMS 0x000001898e000000, 0x000001898e000000| Complete 
| 147|0x0000018990000000, 0x0000018992000000, 0x0000018992000000|100%|HS|  |TAMS 0x0000018990000000, 0x0000018990000000| Complete 
| 148|0x0000018992000000, 0x0000018994000000, 0x0000018994000000|100%|HC|  |TAMS 0x0000018992000000, 0x0000018992000000| Complete 
| 149|0x0000018994000000, 0x0000018996000000, 0x0000018996000000|100%|HC|  |TAMS 0x0000018994000000, 0x0000018994000000| Complete 
| 150|0x0000018996000000, 0x0000018998000000, 0x0000018998000000|100%|HC|  |TAMS 0x0000018996000000, 0x0000018996000000| Complete 
| 151|0x0000018998000000, 0x000001899a000000, 0x000001899a000000|100%|HC|  |TAMS 0x0000018998000000, 0x0000018998000000| Complete 
| 152|0x000001899a000000, 0x000001899c000000, 0x000001899c000000|100%|HS|  |TAMS 0x000001899a000000, 0x000001899a000000| Complete 
| 153|0x000001899c000000, 0x000001899e000000, 0x000001899e000000|100%|HC|  |TAMS 0x000001899c000000, 0x000001899c000000| Complete 
| 154|0x000001899e000000, 0x00000189a0000000, 0x00000189a0000000|100%|HC|  |TAMS 0x000001899e000000, 0x000001899e000000| Complete 
| 155|0x00000189a0000000, 0x00000189a2000000, 0x00000189a2000000|100%|HC|  |TAMS 0x00000189a0000000, 0x00000189a0000000| Complete 
| 156|0x00000189a2000000, 0x00000189a4000000, 0x00000189a4000000|100%|HC|  |TAMS 0x00000189a2000000, 0x00000189a2000000| Complete 
| 157|0x00000189a4000000, 0x00000189a6000000, 0x00000189a6000000|100%|HS|  |TAMS 0x00000189a4000000, 0x00000189a4000000| Complete 
| 158|0x00000189a6000000, 0x00000189a8000000, 0x00000189a8000000|100%|HC|  |TAMS 0x00000189a6000000, 0x00000189a6000000| Complete 
| 159|0x00000189a8000000, 0x00000189aa000000, 0x00000189aa000000|100%|HC|  |TAMS 0x00000189a8000000, 0x00000189a8000000| Complete 
| 160|0x00000189aa000000, 0x00000189ac000000, 0x00000189ac000000|100%|HC|  |TAMS 0x00000189aa000000, 0x00000189aa000000| Complete 
| 161|0x00000189ac000000, 0x00000189ae000000, 0x00000189ae000000|100%|HC|  |TAMS 0x00000189ac000000, 0x00000189ac000000| Complete 
| 162|0x00000189ae000000, 0x00000189b0000000, 0x00000189b0000000|100%|HS|  |TAMS 0x00000189ae000000, 0x00000189ae000000| Complete 
| 163|0x00000189b0000000, 0x00000189b2000000, 0x00000189b2000000|100%|HC|  |TAMS 0x00000189b0000000, 0x00000189b0000000| Complete 
| 164|0x00000189b2000000, 0x00000189b4000000, 0x00000189b4000000|100%|HC|  |TAMS 0x00000189b2000000, 0x00000189b2000000| Complete 
| 165|0x00000189b4000000, 0x00000189b6000000, 0x00000189b6000000|100%|HC|  |TAMS 0x00000189b4000000, 0x00000189b4000000| Complete 
| 166|0x00000189b6000000, 0x00000189b8000000, 0x00000189b8000000|100%|HC|  |TAMS 0x00000189b6000000, 0x00000189b6000000| Complete 
| 167|0x00000189b8000000, 0x00000189ba000000, 0x00000189ba000000|100%|HS|  |TAMS 0x00000189b8000000, 0x00000189b8000000| Complete 
| 168|0x00000189ba000000, 0x00000189bc000000, 0x00000189bc000000|100%|HC|  |TAMS 0x00000189ba000000, 0x00000189ba000000| Complete 
| 169|0x00000189bc000000, 0x00000189be000000, 0x00000189be000000|100%|HC|  |TAMS 0x00000189bc000000, 0x00000189bc000000| Complete 
| 170|0x00000189be000000, 0x00000189c0000000, 0x00000189c0000000|100%|HC|  |TAMS 0x00000189be000000, 0x00000189be000000| Complete 
| 171|0x00000189c0000000, 0x00000189c2000000, 0x00000189c2000000|100%|HC|  |TAMS 0x00000189c0000000, 0x00000189c0000000| Complete 
| 172|0x00000189c2000000, 0x00000189c4000000, 0x00000189c4000000|100%|HS|  |TAMS 0x00000189c2000000, 0x00000189c2000000| Complete 
| 173|0x00000189c4000000, 0x00000189c6000000, 0x00000189c6000000|100%|HC|  |TAMS 0x00000189c4000000, 0x00000189c4000000| Complete 
| 174|0x00000189c6000000, 0x00000189c8000000, 0x00000189c8000000|100%|HC|  |TAMS 0x00000189c6000000, 0x00000189c6000000| Complete 
| 175|0x00000189c8000000, 0x00000189ca000000, 0x00000189ca000000|100%|HC|  |TAMS 0x00000189c8000000, 0x00000189c8000000| Complete 
| 176|0x00000189ca000000, 0x00000189cc000000, 0x00000189cc000000|100%|HC|  |TAMS 0x00000189ca000000, 0x00000189ca000000| Complete 
| 177|0x00000189cc000000, 0x00000189ce000000, 0x00000189ce000000|100%|HC|  |TAMS 0x00000189cc000000, 0x00000189cc000000| Complete 
| 178|0x00000189ce000000, 0x00000189d0000000, 0x00000189d0000000|100%|HC|  |TAMS 0x00000189ce000000, 0x00000189ce000000| Complete 
| 179|0x00000189d0000000, 0x00000189d2000000, 0x00000189d2000000|100%|HC|  |TAMS 0x00000189d0000000, 0x00000189d0000000| Complete 
| 180|0x00000189d2000000, 0x00000189d4000000, 0x00000189d4000000|100%|HC|  |TAMS 0x00000189d2000000, 0x00000189d2000000| Complete 
| 181|0x00000189d4000000, 0x00000189d6000000, 0x00000189d6000000|100%|HC|  |TAMS 0x00000189d4000000, 0x00000189d4000000| Complete 
| 182|0x00000189d6000000, 0x00000189d8000000, 0x00000189d8000000|100%|HC|  |TAMS 0x00000189d6000000, 0x00000189d6000000| Complete 
| 183|0x00000189d8000000, 0x00000189da000000, 0x00000189da000000|100%|HC|  |TAMS 0x00000189d8000000, 0x00000189d8000000| Complete 
| 184|0x00000189da000000, 0x00000189dc000000, 0x00000189dc000000|100%|HC|  |TAMS 0x00000189da000000, 0x00000189da000000| Complete 
| 185|0x00000189dc000000, 0x00000189de000000, 0x00000189de000000|100%|HC|  |TAMS 0x00000189dc000000, 0x00000189dc000000| Complete 
| 186|0x00000189de000000, 0x00000189e0000000, 0x00000189e0000000|100%|HC|  |TAMS 0x00000189de000000, 0x00000189de000000| Complete 
| 187|0x00000189e0000000, 0x00000189e2000000, 0x00000189e2000000|100%|HC|  |TAMS 0x00000189e0000000, 0x00000189e0000000| Complete 
| 188|0x00000189e2000000, 0x00000189e4000000, 0x00000189e4000000|100%|HC|  |TAMS 0x00000189e2000000, 0x00000189e2000000| Complete 
| 189|0x00000189e4000000, 0x00000189e6000000, 0x00000189e6000000|100%|HS|  |TAMS 0x00000189e4000000, 0x00000189e4000000| Complete 
| 190|0x00000189e6000000, 0x00000189e8000000, 0x00000189e8000000|100%|HC|  |TAMS 0x00000189e6000000, 0x00000189e6000000| Complete 
| 191|0x00000189e8000000, 0x00000189ea000000, 0x00000189ea000000|100%|HC|  |TAMS 0x00000189e8000000, 0x00000189e8000000| Complete 
| 192|0x00000189ea000000, 0x00000189ec000000, 0x00000189ec000000|100%|HC|  |TAMS 0x00000189ea000000, 0x00000189ea000000| Complete 
| 193|0x00000189ec000000, 0x00000189ee000000, 0x00000189ee000000|100%|HC|  |TAMS 0x00000189ec000000, 0x00000189ec000000| Complete 
| 194|0x00000189ee000000, 0x00000189f0000000, 0x00000189f0000000|100%|HC|  |TAMS 0x00000189ee000000, 0x00000189ee000000| Complete 
| 195|0x00000189f0000000, 0x00000189f2000000, 0x00000189f2000000|100%|HC|  |TAMS 0x00000189f0000000, 0x00000189f0000000| Complete 
| 196|0x00000189f2000000, 0x00000189f4000000, 0x00000189f4000000|100%|HC|  |TAMS 0x00000189f2000000, 0x00000189f2000000| Complete 
| 197|0x00000189f4000000, 0x00000189f6000000, 0x00000189f6000000|100%|HC|  |TAMS 0x00000189f4000000, 0x00000189f4000000| Complete 
| 198|0x00000189f6000000, 0x00000189f8000000, 0x00000189f8000000|100%|HC|  |TAMS 0x00000189f6000000, 0x00000189f6000000| Complete 
| 199|0x00000189f8000000, 0x00000189fa000000, 0x00000189fa000000|100%|HC|  |TAMS 0x00000189f8000000, 0x00000189f8000000| Complete 
| 200|0x00000189fa000000, 0x00000189fc000000, 0x00000189fc000000|100%|HC|  |TAMS 0x00000189fa000000, 0x00000189fa000000| Complete 
| 201|0x00000189fc000000, 0x00000189fe000000, 0x00000189fe000000|100%|HC|  |TAMS 0x00000189fc000000, 0x00000189fc000000| Complete 
| 202|0x00000189fe000000, 0x0000018a00000000, 0x0000018a00000000|100%|HC|  |TAMS 0x00000189fe000000, 0x00000189fe000000| Complete 
| 203|0x0000018a00000000, 0x0000018a02000000, 0x0000018a02000000|100%|HC|  |TAMS 0x0000018a00000000, 0x0000018a00000000| Complete 
| 204|0x0000018a02000000, 0x0000018a04000000, 0x0000018a04000000|100%|HC|  |TAMS 0x0000018a02000000, 0x0000018a02000000| Complete 
| 205|0x0000018a04000000, 0x0000018a06000000, 0x0000018a06000000|100%|HC|  |TAMS 0x0000018a04000000, 0x0000018a04000000| Complete 
| 206|0x0000018a06000000, 0x0000018a06000000, 0x0000018a08000000|  0%| F|  |TAMS 0x0000018a06000000, 0x0000018a06000000| Untracked 
| 207|0x0000018a08000000, 0x0000018a08000000, 0x0000018a0a000000|  0%| F|  |TAMS 0x0000018a08000000, 0x0000018a08000000| Untracked 
| 208|0x0000018a0a000000, 0x0000018a0a000000, 0x0000018a0c000000|  0%| F|  |TAMS 0x0000018a0a000000, 0x0000018a0a000000| Untracked 

Card table byte_map: [0x00000194f05a0000,0x00000194f69a0000] _byte_map_base: 0x000001942c250000

Marking Bits (Prev, Next): (CMBitMap*) 0x0000018850b4ef80, (CMBitMap*) 0x0000018850b4efc0
 Prev Bits: [0x0000018800000000, 0x0000018832000000)
 Next Bits: [0x00000194fcda0000, 0x000001952eda0000)

Polling page: 0x0000018850870000

Metaspace:

Usage:
  Non-class:      9.34 MB capacity,     6.71 MB ( 72%) used,     2.62 MB ( 28%) free+waste,     6.19 KB ( <1%) overhead. 
      Class:    942.00 KB capacity,   628.21 KB ( 67%) used,   312.10 KB ( 33%) free+waste,     1.69 KB ( <1%) overhead. 
       Both:     10.26 MB capacity,     7.33 MB ( 71%) used,     2.93 MB ( 29%) free+waste,     7.88 KB ( <1%) overhead. 

Virtual space:
  Non-class space:       10.00 MB reserved,       9.50 MB ( 95%) committed 
      Class space:        1.00 GB reserved,       1.00 MB ( <1%) committed 
             Both:        1.01 GB reserved,      10.50 MB (  1%) committed 

Chunk freelists:
   Non-Class:  36.00 KB
       Class:  18.00 KB
        Both:  54.00 KB

MaxMetaspaceSize: 17179869184.00 GB
CompressedClassSpaceSize: 1.00 GB

CodeHeap 'non-profiled nmethods': size=120000Kb used=907Kb max_used=907Kb free=119092Kb
 bounds [0x0000018861fc0000, 0x0000018862230000, 0x00000188694f0000]
CodeHeap 'profiled nmethods': size=120000Kb used=3660Kb max_used=3660Kb free=116339Kb
 bounds [0x000001885aa90000, 0x000001885ae30000, 0x0000018861fc0000]
CodeHeap 'non-nmethods': size=5760Kb used=1165Kb max_used=1210Kb free=4594Kb
 bounds [0x000001885a4f0000, 0x000001885a760000, 0x000001885aa90000]
 total_blobs=2177 nmethods=1756 adapters=334
 compilation: enabled
              stopped_count=0, restarted_count=0
 full_count=0

Compilation events (20 events):
Event: 1465.820 Thread 0x00000195317a1ae0 1771       3       java.lang.Class::cast (27 bytes)
Event: 1465.822 Thread 0x00000195317a1ae0 nmethod 1771 0x000001885ae20810 code [0x000001885ae209c0, 0x000001885ae20c98]
Event: 1465.824 Thread 0x00000195317a1ae0 1772       3       lupos.parser.LookAheadTokenIterator::lookahead$default (14 bytes)
Event: 1465.824 Thread 0x00000195317a1ae0 nmethod 1772 0x000001885ae20d90 code [0x000001885ae20f40, 0x000001885ae210a8]
Event: 1465.825 Thread 0x00000195317a1ae0 1773       3       lupos.parser.LookAheadTokenIterator::lookahead (148 bytes)
Event: 1465.830 Thread 0x00000195317a1ae0 nmethod 1773 0x000001885ae21190 code [0x000001885ae213c0, 0x000001885ae21cf8]
Event: 1465.838 Thread 0x00000195317a0f40 1774       4       java.util.ArrayList::fastRemove (44 bytes)
Event: 1465.838 Thread 0x00000195317a1ae0 1775       3       java.util.ArrayList::isEmpty (13 bytes)
Event: 1465.838 Thread 0x00000195317a1ae0 nmethod 1775 0x000001885ae22110 code [0x000001885ae222a0, 0x000001885ae223f8]
Event: 1465.839 Thread 0x00000195317a0f40 nmethod 1774 0x00000188620a1a10 code [0x00000188620a1ba0, 0x00000188620a1d78]
Event: 1465.840 Thread 0x00000195317a1ae0 1776       1       lupos.triple_store_manager.POPTripleStoreIterator::childrenToVerifyCount (2 bytes)
Event: 1465.840 Thread 0x00000195317a1ae0 nmethod 1776 0x00000188620a1e90 code [0x00000188620a2020, 0x00000188620a20d8]
Event: 1465.842 Thread 0x00000195317a0f40 1777       4       kotlin.text.StringsKt__StringsJVMKt::decodeToString (21 bytes)
Event: 1465.848 Thread 0x00000195317a0f40 nmethod 1777 0x00000188620a2190 code [0x00000188620a2320, 0x00000188620a2528]
Event: 1465.848 Thread 0x00000195317a0f40 1778       4       java.util.HashMap::isEmpty (13 bytes)
Event: 1465.848 Thread 0x00000195317a0f40 nmethod 1778 0x00000188620a2710 code [0x00000188620a2880, 0x00000188620a28f8]
Event: 1775.023 Thread 0x00000195317a1ae0 1780  s    3       java.lang.Throwable::getOurStackTrace (55 bytes)
Event: 1775.030 Thread 0x00000195317a1ae0 nmethod 1780 0x000001885ae22490 code [0x000001885ae22640, 0x000001885ae229e8]
Event: 1775.030 Thread 0x00000195317a1ae0 1781  s    3       java.lang.Throwable::getSuppressed (37 bytes)
Event: 1775.032 Thread 0x00000195317a1ae0 nmethod 1781 0x000001885ae22a90 code [0x000001885ae22c60, 0x000001885ae230c8]

GC Heap History (20 events):
Event: 432.077 GC heap before
{Heap before GC invocations=32 (full 0):
 garbage-first heap   total 4259840K, used 2724861K [0x000001886a000000, 0x00000194ea000000)
  region size 32768K, 4 young (131072K), 1 survivors (32768K)
 Metaspace       used 7419K, capacity 10442K, committed 10752K, reserved 1058816K
  class space    used 628K, capacity 942K, committed 1024K, reserved 1048576K
}
Event: 432.081 GC heap after
{Heap after GC invocations=33 (full 0):
 garbage-first heap   total 4259840K, used 5083K [0x000001886a000000, 0x00000194ea000000)
  region size 32768K, 1 young (32768K), 1 survivors (32768K)
 Metaspace       used 7419K, capacity 10442K, committed 10752K, reserved 1058816K
  class space    used 628K, capacity 942K, committed 1024K, reserved 1048576K
}
Event: 433.388 GC heap before
{Heap before GC invocations=34 (full 0):
 garbage-first heap   total 2293760K, used 1709019K [0x000001886a000000, 0x00000194ea000000)
  region size 32768K, 3 young (98304K), 1 survivors (32768K)
 Metaspace       used 7427K, capacity 10442K, committed 10752K, reserved 1058816K
  class space    used 628K, capacity 942K, committed 1024K, reserved 1048576K
}
Event: 433.390 GC heap after
{Heap after GC invocations=35 (full 0):
 garbage-first heap   total 2293760K, used 1676039K [0x000001886a000000, 0x00000194ea000000)
  region size 32768K, 1 young (32768K), 1 survivors (32768K)
 Metaspace       used 7427K, capacity 10442K, committed 10752K, reserved 1058816K
  class space    used 628K, capacity 942K, committed 1024K, reserved 1048576K
}
Event: 434.011 GC heap before
{Heap before GC invocations=36 (full 0):
 garbage-first heap   total 3178496K, used 2167559K [0x000001886a000000, 0x00000194ea000000)
  region size 32768K, 2 young (65536K), 1 survivors (32768K)
 Metaspace       used 7427K, capacity 10442K, committed 10752K, reserved 1058816K
  class space    used 628K, capacity 942K, committed 1024K, reserved 1048576K
}
Event: 434.014 GC heap after
{Heap after GC invocations=37 (full 0):
 garbage-first heap   total 3178496K, used 2167577K [0x000001886a000000, 0x00000194ea000000)
  region size 32768K, 1 young (32768K), 1 survivors (32768K)
 Metaspace       used 7427K, capacity 10442K, committed 10752K, reserved 1058816K
  class space    used 628K, capacity 942K, committed 1024K, reserved 1048576K
}
Event: 440.834 GC heap before
{Heap before GC invocations=38 (full 0):
 garbage-first heap   total 4063232K, used 2724633K [0x000001886a000000, 0x00000194ea000000)
  region size 32768K, 4 young (131072K), 1 survivors (32768K)
 Metaspace       used 7431K, capacity 10442K, committed 10752K, reserved 1058816K
  class space    used 628K, capacity 942K, committed 1024K, reserved 1048576K
}
Event: 440.837 GC heap after
{Heap after GC invocations=39 (full 0):
 garbage-first heap   total 4063232K, used 4860K [0x000001886a000000, 0x00000194ea000000)
  region size 32768K, 1 young (32768K), 1 survivors (32768K)
 Metaspace       used 7431K, capacity 10442K, committed 10752K, reserved 1058816K
  class space    used 628K, capacity 942K, committed 1024K, reserved 1048576K
}
Event: 441.477 GC heap before
{Heap before GC invocations=40 (full 0):
 garbage-first heap   total 2293760K, used 1708796K [0x000001886a000000, 0x00000194ea000000)
  region size 32768K, 3 young (98304K), 1 survivors (32768K)
 Metaspace       used 7491K, capacity 10506K, committed 10752K, reserved 1058816K
  class space    used 628K, capacity 942K, committed 1024K, reserved 1048576K
}
Event: 441.478 GC heap after
{Heap after GC invocations=41 (full 0):
 garbage-first heap   total 2293760K, used 1676080K [0x000001886a000000, 0x00000194ea000000)
  region size 32768K, 1 young (32768K), 1 survivors (32768K)
 Metaspace       used 7491K, capacity 10506K, committed 10752K, reserved 1058816K
  class space    used 628K, capacity 942K, committed 1024K, reserved 1048576K
}
Event: 441.541 GC heap before
{Heap before GC invocations=42 (full 0):
 garbage-first heap   total 3244032K, used 2167600K [0x000001886a000000, 0x00000194ea000000)
  region size 32768K, 2 young (65536K), 1 survivors (32768K)
 Metaspace       used 7493K, capacity 10506K, committed 10752K, reserved 1058816K
  class space    used 628K, capacity 942K, committed 1024K, reserved 1048576K
}
Event: 441.542 GC heap after
{Heap after GC invocations=43 (full 0):
 garbage-first heap   total 3244032K, used 2167614K [0x000001886a000000, 0x00000194ea000000)
  region size 32768K, 1 young (32768K), 1 survivors (32768K)
 Metaspace       used 7493K, capacity 10506K, committed 10752K, reserved 1058816K
  class space    used 628K, capacity 942K, committed 1024K, reserved 1048576K
}
Event: 1243.215 GC heap before
{Heap before GC invocations=44 (full 0):
 garbage-first heap   total 4096000K, used 2691902K [0x000001886a000000, 0x00000194ea000000)
  region size 32768K, 3 young (98304K), 1 survivors (32768K)
 Metaspace       used 7493K, capacity 10506K, committed 10752K, reserved 1058816K
  class space    used 628K, capacity 942K, committed 1024K, reserved 1048576K
}
Event: 1243.250 GC heap after
{Heap after GC invocations=45 (full 0):
 garbage-first heap   total 4096000K, used 4901K [0x000001886a000000, 0x00000194ea000000)
  region size 32768K, 1 young (32768K), 1 survivors (32768K)
 Metaspace       used 7493K, capacity 10506K, committed 10752K, reserved 1058816K
  class space    used 628K, capacity 942K, committed 1024K, reserved 1048576K
}
Event: 1244.965 GC heap before
{Heap before GC invocations=46 (full 0):
 garbage-first heap   total 2293760K, used 1676069K [0x000001886a000000, 0x00000194ea000000)
  region size 32768K, 2 young (65536K), 1 survivors (32768K)
 Metaspace       used 7493K, capacity 10506K, committed 10752K, reserved 1058816K
  class space    used 628K, capacity 942K, committed 1024K, reserved 1048576K
}
Event: 1244.975 GC heap after
{Heap after GC invocations=47 (full 0):
 garbage-first heap   total 2293760K, used 1676099K [0x000001886a000000, 0x00000194ea000000)
  region size 32768K, 1 young (32768K), 1 survivors (32768K)
 Metaspace       used 7493K, capacity 10506K, committed 10752K, reserved 1058816K
  class space    used 628K, capacity 942K, committed 1024K, reserved 1048576K
}
Event: 1245.653 GC heap before
{Heap before GC invocations=48 (full 0):
 garbage-first heap   total 3276800K, used 2167619K [0x000001886a000000, 0x00000194ea000000)
  region size 32768K, 2 young (65536K), 1 survivors (32768K)
 Metaspace       used 7493K, capacity 10506K, committed 10752K, reserved 1058816K
  class space    used 628K, capacity 942K, committed 1024K, reserved 1048576K
}
Event: 1245.772 GC heap after
{Heap after GC invocations=49 (full 0):
 garbage-first heap   total 3276800K, used 2167625K [0x000001886a000000, 0x00000194ea000000)
  region size 32768K, 1 young (32768K), 1 survivors (32768K)
 Metaspace       used 7493K, capacity 10506K, committed 10752K, reserved 1058816K
  class space    used 628K, capacity 942K, committed 1024K, reserved 1048576K
}
Event: 1377.598 GC heap before
{Heap before GC invocations=50 (full 0):
 garbage-first heap   total 4161536K, used 2691913K [0x000001886a000000, 0x00000194ea000000)
  region size 32768K, 3 young (98304K), 1 survivors (32768K)
 Metaspace       used 7493K, capacity 10506K, committed 10752K, reserved 1058816K
  class space    used 628K, capacity 942K, committed 1024K, reserved 1048576K
}
Event: 1377.968 GC heap after
{Heap after GC invocations=51 (full 0):
 garbage-first heap   total 4161536K, used 4909K [0x000001886a000000, 0x00000194ea000000)
  region size 32768K, 1 young (32768K), 1 survivors (32768K)
 Metaspace       used 7493K, capacity 10506K, committed 10752K, reserved 1058816K
  class space    used 628K, capacity 942K, committed 1024K, reserved 1048576K
}

Deoptimization events (20 events):
Event: 93.122 Thread 0x000001953250a6c0 DEOPT PACKING pc=0x000001886200d758 sp=0x000000783a1fea70
Event: 93.122 Thread 0x000001953250a6c0 DEOPT UNPACKING pc=0x000001885a53e42f sp=0x000000783a1fe9f8 mode 2
Event: 233.639 Thread 0x000001953250a6c0 DEOPT PACKING pc=0x000001885ad57c2c sp=0x000000783a1feb20
Event: 233.640 Thread 0x000001953250a6c0 DEOPT UNPACKING pc=0x000001885a53e23f sp=0x000000783a1fe0e8 mode 0
Event: 233.641 Thread 0x000001953250a6c0 DEOPT PACKING pc=0x000001885ad57c2c sp=0x000000783a1feb20
Event: 233.641 Thread 0x000001953250a6c0 DEOPT UNPACKING pc=0x000001885a53e23f sp=0x000000783a1fe0e8 mode 0
Event: 233.642 Thread 0x000001953250a6c0 DEOPT PACKING pc=0x000001885ad57c2c sp=0x000000783a1feb20
Event: 233.642 Thread 0x000001953250a6c0 DEOPT UNPACKING pc=0x000001885a53e23f sp=0x000000783a1fe0e8 mode 0
Event: 233.642 Thread 0x000001953250a6c0 DEOPT PACKING pc=0x000001885ad57c2c sp=0x000000783a1feb20
Event: 233.642 Thread 0x000001953250a6c0 DEOPT UNPACKING pc=0x000001885a53e23f sp=0x000000783a1fe0e8 mode 0
Event: 426.594 Thread 0x0000019532a7d010 DEOPT PACKING pc=0x000001885ad761fa sp=0x000000783a1fef10
Event: 426.595 Thread 0x0000019532a7d010 DEOPT UNPACKING pc=0x000001885a53e23f sp=0x000000783a1fe498 mode 0
Event: 426.596 Thread 0x0000019532a7d010 DEOPT PACKING pc=0x000001885ad57c2c sp=0x000000783a1feed0
Event: 426.596 Thread 0x0000019532a7d010 DEOPT UNPACKING pc=0x000001885a53e23f sp=0x000000783a1fe498 mode 0
Event: 426.597 Thread 0x0000019532a7d010 DEOPT PACKING pc=0x000001885ad57c2c sp=0x000000783a1feed0
Event: 426.597 Thread 0x0000019532a7d010 DEOPT UNPACKING pc=0x000001885a53e23f sp=0x000000783a1fe498 mode 0
Event: 426.598 Thread 0x0000019532a7d010 DEOPT PACKING pc=0x000001885ad57c2c sp=0x000000783a1feed0
Event: 426.598 Thread 0x0000019532a7d010 DEOPT UNPACKING pc=0x000001885a53e23f sp=0x000000783a1fe498 mode 0
Event: 432.070 Thread 0x00000195329fc2c0 DEOPT PACKING pc=0x000001885ad761fa sp=0x000000783a1ff000
Event: 432.070 Thread 0x00000195329fc2c0 DEOPT UNPACKING pc=0x000001885a53e23f sp=0x000000783a1fe588 mode 0

Classes unloaded (0 events):
No events

Classes redefined (0 events):
No events

Internal exceptions (3 events):
Event: 0.271 Thread 0x0000018850b08000 Exception <a 'java/lang/NoSuchMethodError'{0x0000018870939228}: 'java.lang.Object java.lang.invoke.DirectMethodHandle$Holder.invokeStatic(java.lang.Object)'> (0x0000018870939228) 
thrown [./open/src/hotspot/share/interpreter/linkResolver.cpp, line 782]
Event: 0.274 Thread 0x0000018850b08000 Exception <a 'java/lang/NoSuchMethodError'{0x00000188709401c0}: 'java.lang.Object java.lang.invoke.DirectMethodHandle$Holder.invokeStaticInit(java.lang.Object)'> (0x00000188709401c0) 
thrown [./open/src/hotspot/share/interpreter/linkResolver.cpp, line 782]
Event: 0.292 Thread 0x0000018850b08000 Exception <a 'java/lang/NoSuchMethodError'{0x000001887096aef0}: 'void java.lang.invoke.DirectMethodHandle$Holder.invokeStatic(java.lang.Object, java.lang.Object)'> (0x000001887096aef0) 
thrown [./open/src/hotspot/share/interpreter/linkResolver.cpp, line 782]

Events (20 events):
Event: 1394.984 Thread 0x0000019534030ad0 Thread exited: 0x0000019534030ad0
Event: 1395.068 Thread 0x0000019534030ad0 Thread added: 0x0000019534030ad0
Event: 1395.105 Thread 0x0000019534030ad0 Thread exited: 0x0000019534030ad0
Event: 1395.113 Thread 0x0000019533a96a60 Thread added: 0x0000019533a96a60
Event: 1395.263 Thread 0x0000019534030ad0 Thread added: 0x0000019534030ad0
Event: 1395.265 Thread 0x0000019534030ad0 Thread exited: 0x0000019534030ad0
Event: 1400.268 Thread 0x0000019533a96a60 Thread exited: 0x0000019533a96a60
Event: 1464.386 Thread 0x0000019534030ad0 Thread added: 0x0000019534030ad0
Event: 1465.805 Thread 0x0000019534030ad0 Thread exited: 0x0000019534030ad0
Event: 1465.820 Thread 0x0000019534030ad0 Thread added: 0x0000019534030ad0
Event: 1465.848 Thread 0x0000019534030ad0 Thread exited: 0x0000019534030ad0
Event: 1465.879 Thread 0x0000019534030ad0 Thread added: 0x0000019534030ad0
Event: 1465.881 Thread 0x0000019534030ad0 Thread exited: 0x0000019534030ad0
Event: 1465.896 Thread 0x0000019534030ad0 Thread added: 0x0000019534030ad0
Event: 1465.899 Thread 0x0000019534030ad0 Thread exited: 0x0000019534030ad0
Event: 1465.996 Thread 0x0000019534030ad0 Thread added: 0x0000019534030ad0
Event: 1465.998 Thread 0x0000019534030ad0 Thread exited: 0x0000019534030ad0
Event: 1466.016 Thread 0x0000019534030ad0 Thread added: 0x0000019534030ad0
Event: 1466.017 Thread 0x0000019534030ad0 Thread exited: 0x0000019534030ad0
Event: 1774.978 Thread 0x0000019534030ad0 Thread added: 0x0000019534030ad0


Dynamic libraries:
0x00007ff72b630000 - 0x00007ff72b63d000 	C:\Program Files\Java\jdk-15.0.1\bin\java.exe
0x00007ffa98a20000 - 0x00007ffa98c10000 	C:\windows\SYSTEM32\ntdll.dll
0x00007ffa97110000 - 0x00007ffa971c2000 	C:\windows\System32\KERNEL32.DLL
0x00007ffa95be0000 - 0x00007ffa95e85000 	C:\windows\System32\KERNELBASE.dll
0x00007ffa960f0000 - 0x00007ffa961ea000 	C:\windows\System32\ucrtbase.dll
0x00007ffa7d450000 - 0x00007ffa7d469000 	C:\Program Files\Java\jdk-15.0.1\bin\VCRUNTIME140.dll
0x00007ffa7dea0000 - 0x00007ffa7deb8000 	C:\Program Files\Java\jdk-15.0.1\bin\jli.dll
0x00007ffa97950000 - 0x00007ffa97ae4000 	C:\windows\System32\USER32.dll
0x00007ffa96a40000 - 0x00007ffa96a61000 	C:\windows\System32\win32u.dll
0x00007ffa97370000 - 0x00007ffa97396000 	C:\windows\System32\GDI32.dll
0x00007ffa95a40000 - 0x00007ffa95bd8000 	C:\windows\System32\gdi32full.dll
0x00007ffa96220000 - 0x00007ffa962be000 	C:\windows\System32\msvcp_win.dll
0x00007ffa7dc10000 - 0x00007ffa7de94000 	C:\windows\WinSxS\amd64_microsoft.windows.common-controls_6595b64144ccf1df_6.0.18362.1440_none_9e7dbfb9e45e8e67\COMCTL32.dll
0x00007ffa973a0000 - 0x00007ffa9743e000 	C:\windows\System32\msvcrt.dll
0x00007ffa98210000 - 0x00007ffa98546000 	C:\windows\System32\combase.dll
0x00007ffa976d0000 - 0x00007ffa977ef000 	C:\windows\System32\RPCRT4.dll
0x00007ffa95eb0000 - 0x00007ffa95f31000 	C:\windows\System32\bcryptPrimitives.dll
0x00007ffa981e0000 - 0x00007ffa9820e000 	C:\windows\System32\IMM32.DLL
0x00007ffa91760000 - 0x00007ffa9176c000 	C:\Program Files\Java\jdk-15.0.1\bin\vcruntime140_1.dll
0x00007ffa7cb70000 - 0x00007ffa7cc01000 	C:\Program Files\Java\jdk-15.0.1\bin\msvcp140.dll
0x00007ffa27260000 - 0x00007ffa27dbe000 	C:\Program Files\Java\jdk-15.0.1\bin\server\jvm.dll
0x00007ffa97620000 - 0x00007ffa976c3000 	C:\windows\System32\ADVAPI32.dll
0x00007ffa96ad0000 - 0x00007ffa96b67000 	C:\windows\System32\sechost.dll
0x00007ffa977f0000 - 0x00007ffa977f8000 	C:\windows\System32\PSAPI.DLL
0x00007ffa73ea0000 - 0x00007ffa73ea9000 	C:\windows\SYSTEM32\WSOCK32.dll
0x00007ffa978e0000 - 0x00007ffa9794f000 	C:\windows\System32\WS2_32.dll
0x00007ffa91c40000 - 0x00007ffa91c64000 	C:\windows\SYSTEM32\WINMM.dll
0x00007ffa87c30000 - 0x00007ffa87c3a000 	C:\windows\SYSTEM32\VERSION.dll
0x00007ffa91c10000 - 0x00007ffa91c3d000 	C:\windows\SYSTEM32\winmmbase.dll
0x00007ffa95f40000 - 0x00007ffa95f8a000 	C:\windows\System32\cfgmgr32.dll
0x00007ffa95970000 - 0x00007ffa95981000 	C:\windows\System32\kernel.appcore.dll
0x00007ffa7d9a0000 - 0x00007ffa7d9aa000 	C:\Program Files\Java\jdk-15.0.1\bin\jimage.dll
0x00007ffa94150000 - 0x00007ffa94344000 	C:\windows\SYSTEM32\DBGHELP.DLL
0x00007ffa70570000 - 0x00007ffa7059a000 	C:\windows\SYSTEM32\dbgcore.DLL
0x00007ffa7ce10000 - 0x00007ffa7ce35000 	C:\Program Files\Java\jdk-15.0.1\bin\java.dll
0x00007ffa97af0000 - 0x00007ffa981d8000 	C:\windows\System32\SHELL32.dll
0x00007ffa988c0000 - 0x00007ffa98967000 	C:\windows\System32\shcore.dll
0x00007ffa962c0000 - 0x00007ffa96a3b000 	C:\windows\System32\windows.storage.dll
0x00007ffa95950000 - 0x00007ffa9596e000 	C:\windows\System32\profapi.dll
0x00007ffa95900000 - 0x00007ffa9594a000 	C:\windows\System32\powrprof.dll
0x00007ffa958d0000 - 0x00007ffa958e0000 	C:\windows\System32\UMPDC.dll
0x00007ffa98550000 - 0x00007ffa985a2000 	C:\windows\System32\shlwapi.dll
0x00007ffa95e90000 - 0x00007ffa95ea7000 	C:\windows\System32\cryptsp.dll
0x00007ffa7cdf0000 - 0x00007ffa7ce09000 	C:\Program Files\Java\jdk-15.0.1\bin\net.dll
0x00007ffa8efa0000 - 0x00007ffa8f09a000 	C:\windows\SYSTEM32\WINHTTP.dll
0x00007ffa95110000 - 0x00007ffa95177000 	C:\windows\system32\mswsock.dll
0x00007ffa7cdd0000 - 0x00007ffa7cde2000 	C:\Program Files\Java\jdk-15.0.1\bin\nio.dll
0x00007ffa7c720000 - 0x00007ffa7c738000 	C:\Program Files\Java\jdk-15.0.1\bin\zip.dll

dbghelp: loaded successfully - version: 4.0.5 - missing functions: none
symbol engine: initialized successfully - sym options: 0x614 - pdb path: .;C:\Program Files\Java\jdk-15.0.1\bin;C:\windows\SYSTEM32;C:\windows\WinSxS\amd64_microsoft.windows.common-controls_6595b64144ccf1df_6.0.18362.1440_none_9e7dbfb9e45e8e67;C:\Program Files\Java\jdk-15.0.1\bin\server

VM Arguments:
jvm_args: -Xmx50g 
java_command: MainKt
java_class_path (initial): C:\Users\ricok\.gradle\caches\modules-2\files-2.1\com.benasher44\uuid-jvm\0.0.7\208de8dbbaa3392a3b3dac5dad317ca4ec8646a9\uuid-jvm-0.0.7.jar;C:\Users\ricok\.gradle\caches\modules-2\files-2.1\com.soywiz.korlibs.krypto\krypto-jvm\1.9.1\4b5015389842f05ff9f7edfed791ccfc5b74dafa\krypto-jvm-1.9.1.jar;C:\Users\ricok\.gradle\caches\modules-2\files-2.1\org.jetbrains.kotlin\kotlin-stdlib-common\1.4.32\ef50bfa2c0491a11dcc35d9822edbfd6170e1ea2\kotlin-stdlib-common-1.4.32.jar;C:\Users\ricok\.gradle\caches\modules-2\files-2.1\org.jetbrains.kotlin\kotlin-stdlib-jdk7\1.4.32\3546900a3ebff0c43f31190baf87a9220e37b7ea\kotlin-stdlib-jdk7-1.4.32.jar;C:\Users\ricok\.gradle\caches\modules-2\files-2.1\org.jetbrains.kotlin\kotlin-stdlib-jdk8\1.4.32\3302f9ec8a5c1ed220781dbd37770072549bd333\kotlin-stdlib-jdk8-1.4.32.jar;C:\Users\ricok\.gradle\caches\modules-2\files-2.1\org.jetbrains.kotlin\kotlin-stdlib\1.4.32\461367948840adbb0839c51d91ed74ef4a9ccb52\kotlin-stdlib-1.4.32.jar;C:\Users\ricok\.gradle\caches\modules-2\files-2.1\org.jetbrains\annotations\13.0\919f0dfe192fb4e063e7dacadee7f8bb9a2672a9\annotations-13.0.jar;C:\Users\ricok\.m2\repository\com\ionspin\kotlin\bignum-jvm\0.3.1-SNAPSHOT\bignum-jvm-0.3.1-SNAPSHOT.jar;build-cache\\bin_Threads_NoInline_Debug\\Luposdate3000_Buffer_Manager_Inmemory-jvm.jar;build-cache\\bin_Threads_NoInline_Debug\\Luposdate3000_Dictionary-jvm.jar;build-cache\\bin_Threads_NoInline_Debug\\Luposdate3000_Endpoint-jvm.jar;build-cache\\bin_Threads_NoInline_Debug\\Luposdate3000_Endpoint_Launcher_Java_Sockets-jvm.jar;build-cache\\bin_Threads_NoInline_Debug\\Luposdate3000_Jena_Wrapper_Off-jvm.jar;build-cache\\bin_Threads_NoInline_Debug\\Luposdate3000_KV-jvm.jar;build-cache\\bin_Threads_NoInline_Debug\\Luposdate3000_Launch_Endpoint-jvm.jar;build-cache\\bin_Threads_NoInline_Debug\\Luposdate3000_Operator_Arithmetik-jvm.jar;build-cache\\bin_Threads_NoInline_Debug\\Luposdate3000_Operator_Base-jvm.jar;build-cache\\bin_Threads_NoInline_Debug\\Luposdate
Launcher Type: SUN_STANDARD

[Global flags]
     intx CICompilerCount                          = 4                                         {product} {ergonomic}
     uint ConcGCThreads                            = 2                                         {product} {ergonomic}
     uint G1ConcRefinementThreads                  = 8                                         {product} {ergonomic}
   size_t G1HeapRegionSize                         = 33554432                                  {product} {ergonomic}
    uintx GCDrainStackTargetSize                   = 64                                        {product} {ergonomic}
   size_t InitialHeapSize                          = 134217728                                 {product} {ergonomic}
   size_t MarkStackSize                            = 4194304                                   {product} {ergonomic}
   size_t MaxHeapSize                              = 53687091200                               {product} {command line}
   size_t MaxNewSize                               = 32212254720                               {product} {ergonomic}
   size_t MinHeapDeltaBytes                        = 33554432                                  {product} {ergonomic}
   size_t MinHeapSize                              = 33554432                                  {product} {ergonomic}
    uintx NonNMethodCodeHeapSize                   = 5839372                                {pd product} {ergonomic}
    uintx NonProfiledCodeHeapSize                  = 122909434                              {pd product} {ergonomic}
    uintx ProfiledCodeHeapSize                     = 122909434                              {pd product} {ergonomic}
    uintx ReservedCodeCacheSize                    = 251658240                              {pd product} {ergonomic}
     bool SegmentedCodeCache                       = true                                      {product} {ergonomic}
   size_t SoftMaxHeapSize                          = 53687091200                            {manageable} {ergonomic}
     bool UseCompressedClassPointers               = true                                 {lp64_product} {ergonomic}
     bool UseG1GC                                  = true                                      {product} {ergonomic}
     bool UseLargePagesIndividualAllocation        = false                                  {pd product} {ergonomic}

Logging:
Log output configuration:
 #0: stdout all=warning uptime,level,tags
 #1: stderr all=off uptime,level,tags

Environment Variables:
PATH=C:\Users\ricok\.sdkman\candidates\gradle\current\bin;C:\Users\ricok\bin;C:\Program Files\Git\mingw64\bin;C:\Program Files\Git\usr\local\bin;C:\Program Files\Git\usr\bin;C:\Program Files\Git\usr\bin;C:\Program Files\Git\mingw64\bin;C:\Program Files\Git\usr\bin;C:\Users\ricok\bin;C:\windows\system32;C:\windows;C:\windows\System32\Wbem;C:\windows\System32\WindowsPowerShell\v1.0;C:\windows\System32\OpenSSH;C:\Program Files\Git\cmd;C:\Program Files\nodejs;C:\Gradle\gradle-7.0\bin;C:\Gradle\gradle-6.8.3\bin;C:\Program Files\Java\jdk-15.0.1\bin;C:\Users\ricok\AppData\Local\Microsoft\WindowsApps;C:\Users\ricok\AppData\Local\Programs\MiKTeX\miktex\bin\x64;C:\Program Files\JetBrains\IntelliJ IDEA 2020.2\bin;C:\Users\ricok\AppData\Roaming\npm;C:\Users\ricok\kotlin\dist\kotlinc\bin;C:\Program Files\Git\usr\bin\vendor_perl;C:\Program Files\Git\usr\bin\core_perl
USERNAME=ricok
SHELL=C:\Program Files\Git\usr\bin\bash.exe
DISPLAY=needs-to-be-defined
LANG=de_DE.UTF-8
OS=Windows_NT
PROCESSOR_IDENTIFIER=Intel64 Family 6 Model 142 Stepping 12, GenuineIntel



---------------  S Y S T E M  ---------------

OS:
 Windows 10 , 64 bit Build 18362 (10.0.18362.1350)
OS uptime: 2 days 0:38 hours

CPU: total 8 (initial active 8) (4 cores per cpu, 2 threads per core) family 6 model 142 stepping 12 microcode 0xde, cmov, cx8, fxsr, mmx, sse, sse2, sse3, ssse3, sse4.1, sse4.2, popcnt, vzeroupper, avx, avx2, aes, clmul, erms, 3dnowpref, lzcnt, ht, tsc, tscinvbit, bmi1, bmi2, adx, fma, clflush, clflushopt

Memory: 4k page, system-wide physical 7998M (371M free)
TotalPageFile size 32574M (AvailPageFile size 11M)
current process WorkingSet (physical memory assigned to process): 685M, peak: 2645M
current process commit charge ("private bytes"): 6980M, peak: 7012M

vm_info: OpenJDK 64-Bit Server VM (15.0.1+9-18) for windows-amd64 JRE (15.0.1+9-18), built on Sep 15 2020 14:39:31 by "mach5one" with unknown MS VC++:1925

END.
