#
# There is insufficient memory for the Java Runtime Environment to continue.
# Native memory allocation (mmap) failed to map 229638144 bytes for G1 virtual space
# Possible reasons:
#   The system is out of physical RAM or swap space
#   The process is running with CompressedOops enabled, and the Java Heap may be blocking the growth of the native heap
# Possible solutions:
#   Reduce memory load on the system
#   Increase physical memory or swap space
#   Check if swap backing store is full
#   Decrease Java heap size (-Xmx/-Xms)
#   Decrease number of Java threads
#   Decrease Java thread stack sizes (-Xss)
#   Set larger code cache with -XX:ReservedCodeCacheSize=
#   JVM is running with Unscaled Compressed Oops mode in which the Java heap is
#     placed in the first 4GB address space. The Java Heap base address is the
#     maximum limit for the native heap growth. Please use -XX:HeapBaseMinAddress
#     to set the Java Heap base and to place the Java Heap above 4GB virtual address.
# This output file may be truncated or incomplete.
#
#  Out of Memory Error (./open/src/hotspot/os/windows/os_windows.cpp:3472), pid=3040, tid=8296
#
# JRE version: OpenJDK Runtime Environment (15.0.1+9) (build 15.0.1+9-18)
# Java VM: OpenJDK 64-Bit Server VM (15.0.1+9-18, mixed mode, sharing, tiered, compressed oops, g1 gc, windows-amd64)
# No core dump will be written. Minidumps are not enabled by default on client versions of Windows
#

---------------  S U M M A R Y ------------

Command Line: org.jetbrains.kotlin.cli.js.dce.K2JSDce @C:\Users\ricok\Desktop\Masterarbeit\luposdate3000\src\luposdate3000_parser\build\20210614_15769021106705464643.compiler.options

Host: Intel(R) Core(TM) i5-8265U CPU @ 1.60GHz, 8 cores, 7G,  Windows 10 , 64 bit Build 19041 (10.0.19041.928)
Time: Mon Jun 14 11:22:01 2021 Mitteleuropäische Sommerzeit elapsed time: 14.862585 seconds (0d 0h 0m 14s)

---------------  T H R E A D  ---------------

Current thread (0x000002d4e0d9bf50):  VMThread "VM Thread" [stack: 0x000000ef16a00000,0x000000ef16b00000] [id=8296]

Stack: [0x000000ef16a00000,0x000000ef16b00000]
[error occurred during error reporting (printing stack bounds), id 0xc0000005, EXCEPTION_ACCESS_VIOLATION (0xc0000005) at pc=0x000002d4ca6010ad]

Native frames: (J=compiled Java code, j=interpreted, Vv=VM code, C=native code)
V  [jvm.dll+0x62ae9a]
V  [jvm.dll+0x781389]
V  [jvm.dll+0x782ae3]
V  [jvm.dll+0x7830a5]
V  [jvm.dll+0x78305b]
V  [jvm.dll+0x62a2b9]
V  [jvm.dll+0x62aa88]
C  [ntdll.dll+0xa217f]
C  [ntdll.dll+0x51454]
C  [ntdll.dll+0xa0cae]
C  0x000002d4ca6010ad

VM_Operation (0x000000ef164fdff0): G1CollectForAllocation, mode: safepoint, requested by thread 0x000002d4c23d57e0


---------------  P R O C E S S  ---------------

Threads class SMR info:
_java_thread_list=0x000002d4e4013f30, length=11, elements={
0x000002d4c23d57e0, 0x000002d4e0d9ff80, 0x000002d4e0da12f0, 0x000002d4e0dbe1c0,
0x000002d4e0dc1490, 0x000002d4e0dc1f40, 0x000002d4e0dc2d20, 0x000002d4e0dc3810,
0x000002d4e0dc6610, 0x000002d4e1822e20, 0x000002d4e182e620
}

Java Threads: ( => current thread )
  0x000002d4c23d57e0 JavaThread "main" [_thread_blocked, id=15600, stack(0x000000ef16400000,0x000000ef16500000)]
  0x000002d4e0d9ff80 JavaThread "Reference Handler" daemon [_thread_blocked, id=11488, stack(0x000000ef16b00000,0x000000ef16c00000)]
  0x000002d4e0da12f0 JavaThread "Finalizer" daemon [_thread_blocked, id=3624, stack(0x000000ef16c00000,0x000000ef16d00000)]
  0x000002d4e0dbe1c0 JavaThread "Signal Dispatcher" daemon [_thread_blocked, id=776, stack(0x000000ef16d00000,0x000000ef16e00000)]
  0x000002d4e0dc1490 JavaThread "Attach Listener" daemon [_thread_blocked, id=948, stack(0x000000ef16e00000,0x000000ef16f00000)]
  0x000002d4e0dc1f40 JavaThread "Service Thread" daemon [_thread_blocked, id=4728, stack(0x000000ef16f00000,0x000000ef17000000)]
  0x000002d4e0dc2d20 JavaThread "C2 CompilerThread0" daemon [_thread_in_native, id=5632, stack(0x000000ef17000000,0x000000ef17100000)]
  0x000002d4e0dc3810 JavaThread "C1 CompilerThread0" daemon [_thread_blocked, id=6976, stack(0x000000ef17100000,0x000000ef17200000)]
  0x000002d4e0dc6610 JavaThread "Sweeper thread" daemon [_thread_blocked, id=10156, stack(0x000000ef17200000,0x000000ef17300000)]
  0x000002d4e1822e20 JavaThread "Notification Thread" daemon [_thread_blocked, id=10196, stack(0x000000ef17300000,0x000000ef17400000)]
  0x000002d4e182e620 JavaThread "Common-Cleaner" daemon [_thread_blocked, id=2720, stack(0x000000ef17500000,0x000000ef17600000)]

Other Threads:
=>0x000002d4e0d9bf50 VMThread "VM Thread" [stack: 0x000000ef16a00000,0x000000ef16b00000] [id=8296]
  0x000002d4e1824300 WatcherThread [stack: 0x000000ef17400000,0x000000ef17500000] [id=10272]
  0x000002d4c2416310 GCTaskThread "GC Thread#0" [stack: 0x000000ef16500000,0x000000ef16600000] [id=12084]
  0x000002d4e197ad40 GCTaskThread "GC Thread#1" [stack: 0x000000ef17800000,0x000000ef17900000] [id=4864]
  0x000002d4e197a6e0 GCTaskThread "GC Thread#2" [stack: 0x000000ef17900000,0x000000ef17a00000] [id=7440]
  0x000002d4e197d050 GCTaskThread "GC Thread#3" [stack: 0x000000ef17600000,0x000000ef17700000] [id=9056]
  0x000002d4e1979a20 GCTaskThread "GC Thread#4" [stack: 0x000000ef17d00000,0x000000ef17e00000] [id=13972]
  0x000002d4c2426e60 ConcurrentGCThread "G1 Main Marker" [stack: 0x000000ef16600000,0x000000ef16700000] [id=5788]
  0x000002d4c2427a50 ConcurrentGCThread "G1 Conc#0" [stack: 0x000000ef16700000,0x000000ef16800000] [id=15932]
  0x000002d4e197aa10 ConcurrentGCThread "G1 Conc#1" [stack: 0x000000ef17700000,0x000000ef17800000] [id=5636]
  0x000002d4c249e040 ConcurrentGCThread "G1 Refine#0" [stack: 0x000000ef16800000,0x000000ef16900000] [id=3100]
  0x000002d4e287a570 ConcurrentGCThread "G1 Refine#1" [stack: 0x000000ef17a00000,0x000000ef17b00000] [id=11780]
  0x000002d4e6a0fc40 ConcurrentGCThread "G1 Refine#2" [stack: 0x000000ef17b00000,0x000000ef17c00000] [id=6072]
  0x000002d4e843d010 ConcurrentGCThread "G1 Refine#3" [stack: 0x000000ef17c00000,0x000000ef17d00000] [id=9348]
  0x000002d4e67f0c40 ConcurrentGCThread "G1 Refine#4" [stack: 0x000000ef17e00000,0x000000ef17f00000] [id=11052]
  0x000002d4e872fc40 ConcurrentGCThread "G1 Refine#5" [stack: 0x000000ef17f00000,0x000000ef18000000] [id=13268]
  0x000002d4e1b13ab0 ConcurrentGCThread "G1 Refine#6" [stack: 0x000000ef18000000,0x000000ef18100000] [id=6512]
  0x000002d4e0c20090 ConcurrentGCThread "G1 Young RemSet Sampling" [stack: 0x000000ef16900000,0x000000ef16a00000] [id=15412]

Threads with active compile tasks:
C2 CompilerThread0    14898 1780       4       org.jetbrains.kotlin.com.google.gwt.dev.js.rhino.Parser::unaryExpr (291 bytes)

VM state: at safepoint (normal execution)

VM Mutex/Monitor currently owned by a thread:  ([mutex/lock_event])
[0x000002d4c23d05e0] Threads_lock - owner thread: 0x000002d4e0d9bf50
[0x000002d4c23d0280] Heap_lock - owner thread: 0x000002d4c23d57e0

Heap address: 0x0000000083000000, size: 2000 MB, Compressed Oops mode: 32-bit
CDS archive(s) mapped at: [0x0000000800000000-0x0000000800b50000-0x0000000800b50000), size 11862016, SharedBaseAddress: 0x0000000800000000, ArchiveRelocationMode: 0.
Compressed class space mapped at: 0x0000000800b50000-0x0000000840b50000, size: 1073741824
Narrow klass base: 0x0000000800000000, Narrow klass shift: 3, Narrow klass range: 0x100000000

GC Precious Log:
 CPUs: 8 total, 8 available
 Memory: 7998M
 Large Page Support: Disabled
 NUMA Support: Disabled
 Compressed Oops: Enabled (32-bit)
 Heap Region Size: 1M
 Heap Min Capacity: 8M
 Heap Initial Capacity: 126M
 Heap Max Capacity: 2000M
 Pre-touch: Disabled
 Parallel Workers: 8
 Concurrent Workers: 2
 Concurrent Refinement Workers: 8
 Periodic GC: Disabled

Heap:
 garbage-first heap   total 448512K, used 132096K [0x0000000083000000, 0x0000000100000000)
  region size 1024K, 2 young (2048K), 2 survivors (2048K)
 Metaspace       used 9614K, capacity 12664K, committed 12800K, reserved 1060864K
  class space    used 974K, capacity 1260K, committed 1280K, reserved 1048576K

Heap Regions: E=young(eden), S=young(survivor), O=old, HS=humongous(starts), HC=humongous(continues), CS=collection set, F=free, OA=open archive, CA=closed archive, TAMS=top-at-mark-start (previous, next)
|   0|0x0000000083000000, 0x0000000083100000, 0x0000000083100000|100%|HS|  |TAMS 0x0000000083100000, 0x0000000083000000| Complete 
|   1|0x0000000083100000, 0x0000000083200000, 0x0000000083200000|100%|HC|  |TAMS 0x0000000083200000, 0x0000000083100000| Complete 
|   2|0x0000000083200000, 0x0000000083300000, 0x0000000083300000|100%|HC|  |TAMS 0x0000000083300000, 0x0000000083200000| Complete 
|   3|0x0000000083300000, 0x0000000083400000, 0x0000000083400000|100%| O|  |TAMS 0x0000000083400000, 0x0000000083300000| Untracked 
|   4|0x0000000083400000, 0x0000000083500000, 0x0000000083500000|100%| O|  |TAMS 0x0000000083500000, 0x0000000083400000| Untracked 
|   5|0x0000000083500000, 0x0000000083600000, 0x0000000083600000|100%| O|  |TAMS 0x0000000083600000, 0x0000000083500000| Untracked 
|   6|0x0000000083600000, 0x0000000083700000, 0x0000000083700000|100%| O|  |TAMS 0x0000000083700000, 0x0000000083600000| Untracked 
|   7|0x0000000083700000, 0x0000000083800000, 0x0000000083800000|100%| O|  |TAMS 0x0000000083800000, 0x0000000083700000| Complete 
|   8|0x0000000083800000, 0x0000000083900000, 0x0000000083900000|100%| O|  |TAMS 0x0000000083900000, 0x0000000083800000| Untracked 
|   9|0x0000000083900000, 0x0000000083a00000, 0x0000000083a00000|100%| O|  |TAMS 0x0000000083a00000, 0x0000000083900000| Complete 
|  10|0x0000000083a00000, 0x0000000083b00000, 0x0000000083b00000|100%| O|  |TAMS 0x0000000083b00000, 0x0000000083a00000| Untracked 
|  11|0x0000000083b00000, 0x0000000083c00000, 0x0000000083c00000|100%| O|  |TAMS 0x0000000083c00000, 0x0000000083b00000| Complete 
|  12|0x0000000083c00000, 0x0000000083d00000, 0x0000000083d00000|100%| O|  |TAMS 0x0000000083d00000, 0x0000000083c00000| Untracked 
|  13|0x0000000083d00000, 0x0000000083e00000, 0x0000000083e00000|100%| O|  |TAMS 0x0000000083e00000, 0x0000000083d00000| Untracked 
|  14|0x0000000083e00000, 0x0000000083f00000, 0x0000000083f00000|100%| O|  |TAMS 0x0000000083e00000, 0x0000000083e00000| Untracked 
|  15|0x0000000083f00000, 0x0000000084000000, 0x0000000084000000|100%| O|  |TAMS 0x0000000083f00000, 0x0000000083f00000| Untracked 
|  16|0x0000000084000000, 0x0000000084100000, 0x0000000084100000|100%|HS|  |TAMS 0x0000000084000000, 0x0000000084000000| Complete 
|  17|0x0000000084100000, 0x0000000084200000, 0x0000000084200000|100%| O|  |TAMS 0x0000000084100000, 0x0000000084100000| Untracked 
|  18|0x0000000084200000, 0x0000000084300000, 0x0000000084300000|100%| O|  |TAMS 0x0000000084300000, 0x0000000084200000| Untracked 
|  19|0x0000000084300000, 0x0000000084400000, 0x0000000084400000|100%| O|  |TAMS 0x0000000084400000, 0x0000000084300000| Untracked 
|  20|0x0000000084400000, 0x0000000084500000, 0x0000000084500000|100%| O|  |TAMS 0x0000000084500000, 0x0000000084400000| Untracked 
|  21|0x0000000084500000, 0x0000000084600000, 0x0000000084600000|100%| O|  |TAMS 0x0000000084600000, 0x0000000084500000| Untracked 
|  22|0x0000000084600000, 0x0000000084700000, 0x0000000084700000|100%| O|  |TAMS 0x0000000084700000, 0x0000000084600000| Untracked 
|  23|0x0000000084700000, 0x0000000084800000, 0x0000000084800000|100%| O|  |TAMS 0x0000000084800000, 0x0000000084700000| Complete 
|  24|0x0000000084800000, 0x0000000084900000, 0x0000000084900000|100%| O|  |TAMS 0x0000000084900000, 0x0000000084800000| Untracked 
|  25|0x0000000084900000, 0x0000000084a00000, 0x0000000084a00000|100%| O|  |TAMS 0x0000000084a00000, 0x0000000084900000| Complete 
|  26|0x0000000084a00000, 0x0000000084b00000, 0x0000000084b00000|100%| O|  |TAMS 0x0000000084b00000, 0x0000000084a00000| Complete 
|  27|0x0000000084b00000, 0x0000000084c00000, 0x0000000084c00000|100%| O|  |TAMS 0x0000000084c00000, 0x0000000084b00000| Untracked 
|  28|0x0000000084c00000, 0x0000000084d00000, 0x0000000084d00000|100%| O|  |TAMS 0x0000000084d00000, 0x0000000084c00000| Untracked 
|  29|0x0000000084d00000, 0x0000000084e00000, 0x0000000084e00000|100%| O|  |TAMS 0x0000000084e00000, 0x0000000084d00000| Untracked 
|  30|0x0000000084e00000, 0x0000000084f00000, 0x0000000084f00000|100%| O|  |TAMS 0x0000000084f00000, 0x0000000084e00000| Untracked 
|  31|0x0000000084f00000, 0x0000000085000000, 0x0000000085000000|100%| O|  |TAMS 0x0000000085000000, 0x0000000084f00000| Untracked 
|  32|0x0000000085000000, 0x0000000085100000, 0x0000000085100000|100%| O|  |TAMS 0x0000000085100000, 0x0000000085000000| Untracked 
|  33|0x0000000085100000, 0x0000000085200000, 0x0000000085200000|100%| O|  |TAMS 0x0000000085200000, 0x0000000085100000| Untracked 
|  34|0x0000000085200000, 0x0000000085300000, 0x0000000085300000|100%| O|  |TAMS 0x0000000085300000, 0x0000000085200000| Untracked 
|  35|0x0000000085300000, 0x0000000085400000, 0x0000000085400000|100%| O|  |TAMS 0x0000000085400000, 0x0000000085300000| Untracked 
|  36|0x0000000085400000, 0x0000000085500000, 0x0000000085500000|100%| O|  |TAMS 0x0000000085500000, 0x0000000085400000| Untracked 
|  37|0x0000000085500000, 0x0000000085600000, 0x0000000085600000|100%| O|  |TAMS 0x0000000085600000, 0x0000000085500000| Complete 
|  38|0x0000000085600000, 0x0000000085700000, 0x0000000085700000|100%| O|  |TAMS 0x0000000085700000, 0x0000000085600000| Untracked 
|  39|0x0000000085700000, 0x0000000085800000, 0x0000000085800000|100%| O|  |TAMS 0x0000000085800000, 0x0000000085700000| Untracked 
|  40|0x0000000085800000, 0x0000000085800000, 0x0000000085900000|  0%| F|  |TAMS 0x0000000085800000, 0x0000000085800000| Untracked 
|  41|0x0000000085900000, 0x0000000085900000, 0x0000000085a00000|  0%| F|  |TAMS 0x0000000085900000, 0x0000000085900000| Untracked 
|  42|0x0000000085a00000, 0x0000000085a00000, 0x0000000085b00000|  0%| F|  |TAMS 0x0000000085a00000, 0x0000000085a00000| Untracked 
|  43|0x0000000085b00000, 0x0000000085b00000, 0x0000000085c00000|  0%| F|  |TAMS 0x0000000085b00000, 0x0000000085b00000| Untracked 
|  44|0x0000000085c00000, 0x0000000085d00000, 0x0000000085d00000|100%| O|  |TAMS 0x0000000085d00000, 0x0000000085c00000| Complete 
|  45|0x0000000085d00000, 0x0000000085d00000, 0x0000000085e00000|  0%| F|  |TAMS 0x0000000085d00000, 0x0000000085d00000| Untracked 
|  46|0x0000000085e00000, 0x0000000085e00000, 0x0000000085f00000|  0%| F|  |TAMS 0x0000000085e00000, 0x0000000085e00000| Untracked 
|  47|0x0000000085f00000, 0x0000000086000000, 0x0000000086000000|100%| O|  |TAMS 0x0000000086000000, 0x0000000085f00000| Complete 
|  48|0x0000000086000000, 0x0000000086100000, 0x0000000086100000|100%| O|  |TAMS 0x0000000086100000, 0x0000000086000000| Complete 
|  49|0x0000000086100000, 0x0000000086200000, 0x0000000086200000|100%| O|  |TAMS 0x0000000086200000, 0x0000000086100000| Complete 
|  50|0x0000000086200000, 0x0000000086300000, 0x0000000086300000|100%| O|  |TAMS 0x0000000086300000, 0x0000000086200000| Untracked 
|  51|0x0000000086300000, 0x0000000086300000, 0x0000000086400000|  0%| F|  |TAMS 0x0000000086300000, 0x0000000086300000| Untracked 
|  52|0x0000000086400000, 0x0000000086500000, 0x0000000086500000|100%| O|  |TAMS 0x0000000086500000, 0x0000000086400000| Untracked 
|  53|0x0000000086500000, 0x0000000086600000, 0x0000000086600000|100%| O|  |TAMS 0x0000000086600000, 0x0000000086500000| Untracked 
|  54|0x0000000086600000, 0x0000000086600000, 0x0000000086700000|  0%| F|  |TAMS 0x0000000086600000, 0x0000000086600000| Untracked 
|  55|0x0000000086700000, 0x0000000086800000, 0x0000000086800000|100%| O|  |TAMS 0x0000000086800000, 0x0000000086700000| Complete 
|  56|0x0000000086800000, 0x0000000086900000, 0x0000000086900000|100%| O|  |TAMS 0x0000000086900000, 0x0000000086800000| Complete 
|  57|0x0000000086900000, 0x0000000086900000, 0x0000000086a00000|  0%| F|  |TAMS 0x0000000086900000, 0x0000000086900000| Untracked 
|  58|0x0000000086a00000, 0x0000000086b00000, 0x0000000086b00000|100%| O|  |TAMS 0x0000000086b00000, 0x0000000086a00000| Complete 
|  59|0x0000000086b00000, 0x0000000086b00000, 0x0000000086c00000|  0%| F|  |TAMS 0x0000000086b00000, 0x0000000086b00000| Untracked 
|  60|0x0000000086c00000, 0x0000000086c00000, 0x0000000086d00000|  0%| F|  |TAMS 0x0000000086c00000, 0x0000000086c00000| Untracked 
|  61|0x0000000086d00000, 0x0000000086e00000, 0x0000000086e00000|100%| O|  |TAMS 0x0000000086e00000, 0x0000000086d00000| Complete 
|  62|0x0000000086e00000, 0x0000000086e00000, 0x0000000086f00000|  0%| F|  |TAMS 0x0000000086e00000, 0x0000000086e00000| Untracked 
|  63|0x0000000086f00000, 0x0000000087000000, 0x0000000087000000|100%| O|  |TAMS 0x0000000087000000, 0x0000000086f00000| Complete 
|  64|0x0000000087000000, 0x0000000087100000, 0x0000000087100000|100%| O|  |TAMS 0x0000000087100000, 0x0000000087000000| Complete 
|  65|0x0000000087100000, 0x0000000087100000, 0x0000000087200000|  0%| F|  |TAMS 0x0000000087100000, 0x0000000087100000| Untracked 
|  66|0x0000000087200000, 0x0000000087200000, 0x0000000087300000|  0%| F|  |TAMS 0x0000000087200000, 0x0000000087200000| Untracked 
|  67|0x0000000087300000, 0x0000000087400000, 0x0000000087400000|100%| O|  |TAMS 0x0000000087400000, 0x0000000087300000| Complete 
|  68|0x0000000087400000, 0x0000000087400000, 0x0000000087500000|  0%| F|  |TAMS 0x0000000087400000, 0x0000000087400000| Untracked 
|  69|0x0000000087500000, 0x0000000087600000, 0x0000000087600000|100%| O|  |TAMS 0x0000000087600000, 0x0000000087500000| Untracked 
|  70|0x0000000087600000, 0x0000000087700000, 0x0000000087700000|100%| O|  |TAMS 0x0000000087700000, 0x0000000087600000| Complete 
|  71|0x0000000087700000, 0x0000000087800000, 0x0000000087800000|100%| O|  |TAMS 0x0000000087800000, 0x0000000087700000| Untracked 
|  72|0x0000000087800000, 0x0000000087900000, 0x0000000087900000|100%| O|  |TAMS 0x0000000087900000, 0x0000000087800000| Untracked 
|  73|0x0000000087900000, 0x0000000087a00000, 0x0000000087a00000|100%| O|  |TAMS 0x0000000087a00000, 0x0000000087900000| Complete 
|  74|0x0000000087a00000, 0x0000000087b00000, 0x0000000087b00000|100%| O|  |TAMS 0x0000000087b00000, 0x0000000087a00000| Complete 
|  75|0x0000000087b00000, 0x0000000087c00000, 0x0000000087c00000|100%| O|  |TAMS 0x0000000087c00000, 0x0000000087b00000| Complete 
|  76|0x0000000087c00000, 0x0000000087c00000, 0x0000000087d00000|  0%| F|  |TAMS 0x0000000087c00000, 0x0000000087c00000| Untracked 
|  77|0x0000000087d00000, 0x0000000087e00000, 0x0000000087e00000|100%| O|  |TAMS 0x0000000087e00000, 0x0000000087d00000| Complete 
|  78|0x0000000087e00000, 0x0000000087e00000, 0x0000000087f00000|  0%| F|  |TAMS 0x0000000087e00000, 0x0000000087e00000| Untracked 
|  79|0x0000000087f00000, 0x0000000087f00000, 0x0000000088000000|  0%| F|  |TAMS 0x0000000087f00000, 0x0000000087f00000| Untracked 
|  80|0x0000000088000000, 0x0000000088100000, 0x0000000088100000|100%| O|  |TAMS 0x0000000088100000, 0x0000000088000000| Complete 
|  81|0x0000000088100000, 0x0000000088200000, 0x0000000088200000|100%| O|  |TAMS 0x0000000088200000, 0x0000000088100000| Untracked 
|  82|0x0000000088200000, 0x0000000088300000, 0x0000000088300000|100%| O|  |TAMS 0x0000000088300000, 0x0000000088200000| Untracked 
|  83|0x0000000088300000, 0x0000000088400000, 0x0000000088400000|100%| O|  |TAMS 0x0000000088400000, 0x0000000088300000| Untracked 
|  84|0x0000000088400000, 0x0000000088500000, 0x0000000088500000|100%| O|  |TAMS 0x0000000088500000, 0x0000000088400000| Untracked 
|  85|0x0000000088500000, 0x0000000088500000, 0x0000000088600000|  0%| F|  |TAMS 0x0000000088500000, 0x0000000088500000| Untracked 
|  86|0x0000000088600000, 0x0000000088700000, 0x0000000088700000|100%| O|  |TAMS 0x0000000088700000, 0x0000000088600000| Complete 
|  87|0x0000000088700000, 0x0000000088800000, 0x0000000088800000|100%| O|  |TAMS 0x0000000088800000, 0x0000000088700000| Untracked 
|  88|0x0000000088800000, 0x0000000088900000, 0x0000000088900000|100%| O|  |TAMS 0x0000000088800000, 0x0000000088800000| Untracked 
|  89|0x0000000088900000, 0x0000000088a00000, 0x0000000088a00000|100%| O|  |TAMS 0x0000000088900000, 0x0000000088900000| Untracked 
|  90|0x0000000088a00000, 0x0000000088b00000, 0x0000000088b00000|100%| O|  |TAMS 0x0000000088a00000, 0x0000000088a00000| Untracked 
|  91|0x0000000088b00000, 0x0000000088b00000, 0x0000000088c00000|  0%| F|  |TAMS 0x0000000088b00000, 0x0000000088b00000| Untracked 
|  92|0x0000000088c00000, 0x0000000088c00000, 0x0000000088d00000|  0%| F|  |TAMS 0x0000000088c00000, 0x0000000088c00000| Untracked 
|  93|0x0000000088d00000, 0x0000000088e00000, 0x0000000088e00000|100%|HS|  |TAMS 0x0000000088e00000, 0x0000000088d00000| Complete 
|  94|0x0000000088e00000, 0x0000000088f00000, 0x0000000088f00000|100%| O|  |TAMS 0x0000000088e80000, 0x0000000088e00000| Complete 
|  95|0x0000000088f00000, 0x0000000089000000, 0x0000000089000000|100%| O|  |TAMS 0x0000000088f00000, 0x0000000088f00000| Untracked 
|  96|0x0000000089000000, 0x0000000089100000, 0x0000000089100000|100%| O|  |TAMS 0x0000000089000000, 0x0000000089000000| Untracked 
|  97|0x0000000089100000, 0x0000000089200000, 0x0000000089200000|100%| O|  |TAMS 0x0000000089100000, 0x0000000089100000| Untracked 
|  98|0x0000000089200000, 0x0000000089300000, 0x0000000089300000|100%| O|  |TAMS 0x0000000089300000, 0x0000000089200000| Complete 
|  99|0x0000000089300000, 0x0000000089400000, 0x0000000089400000|100%| O|  |TAMS 0x0000000089400000, 0x0000000089300000| Complete 
| 100|0x0000000089400000, 0x0000000089500000, 0x0000000089500000|100%| O|  |TAMS 0x0000000089500000, 0x0000000089400000| Complete 
| 101|0x0000000089500000, 0x0000000089600000, 0x0000000089600000|100%| O|  |TAMS 0x0000000089600000, 0x0000000089500000| Complete 
| 102|0x0000000089600000, 0x0000000089700000, 0x0000000089700000|100%| O|  |TAMS 0x0000000089700000, 0x0000000089600000| Untracked 
| 103|0x0000000089700000, 0x0000000089800000, 0x0000000089800000|100%| O|  |TAMS 0x0000000089800000, 0x0000000089700000| Untracked 
| 104|0x0000000089800000, 0x0000000089900000, 0x0000000089900000|100%| O|  |TAMS 0x0000000089900000, 0x0000000089800000| Untracked 
| 105|0x0000000089900000, 0x0000000089a00000, 0x0000000089a00000|100%| O|  |TAMS 0x0000000089a00000, 0x0000000089900000| Untracked 
| 106|0x0000000089a00000, 0x0000000089b00000, 0x0000000089b00000|100%| O|  |TAMS 0x0000000089b00000, 0x0000000089a00000| Untracked 
| 107|0x0000000089b00000, 0x0000000089c00000, 0x0000000089c00000|100%| O|  |TAMS 0x0000000089c00000, 0x0000000089b00000| Untracked 
| 108|0x0000000089c00000, 0x0000000089d00000, 0x0000000089d00000|100%| O|  |TAMS 0x0000000089d00000, 0x0000000089c00000| Untracked 
| 109|0x0000000089d00000, 0x0000000089e00000, 0x0000000089e00000|100%| O|  |TAMS 0x0000000089e00000, 0x0000000089d00000| Untracked 
| 110|0x0000000089e00000, 0x0000000089e00000, 0x0000000089f00000|  0%| F|  |TAMS 0x0000000089e00000, 0x0000000089e00000| Untracked 
| 111|0x0000000089f00000, 0x000000008a000000, 0x000000008a000000|100%| O|  |TAMS 0x0000000089f00000, 0x0000000089f00000| Untracked 
| 112|0x000000008a000000, 0x000000008a100000, 0x000000008a100000|100%| O|  |TAMS 0x000000008a000000, 0x000000008a000000| Untracked 
| 113|0x000000008a100000, 0x000000008a200000, 0x000000008a200000|100%| O|  |TAMS 0x000000008a100000, 0x000000008a100000| Untracked 
| 114|0x000000008a200000, 0x000000008a300000, 0x000000008a300000|100%| O|  |TAMS 0x000000008a200000, 0x000000008a200000| Untracked 
| 115|0x000000008a300000, 0x000000008a400000, 0x000000008a400000|100%| O|  |TAMS 0x000000008a300000, 0x000000008a300000| Untracked 
| 116|0x000000008a400000, 0x000000008a500000, 0x000000008a500000|100%| O|  |TAMS 0x000000008a400000, 0x000000008a400000| Untracked 
| 117|0x000000008a500000, 0x000000008a600000, 0x000000008a600000|100%| O|  |TAMS 0x000000008a500000, 0x000000008a500000| Untracked 
| 118|0x000000008a600000, 0x000000008a700000, 0x000000008a700000|100%| O|  |TAMS 0x000000008a600000, 0x000000008a600000| Untracked 
| 119|0x000000008a700000, 0x000000008a800000, 0x000000008a800000|100%| O|  |TAMS 0x000000008a700000, 0x000000008a700000| Untracked 
| 120|0x000000008a800000, 0x000000008a900000, 0x000000008a900000|100%| O|  |TAMS 0x000000008a800000, 0x000000008a800000| Untracked 
| 121|0x000000008a900000, 0x000000008aa00000, 0x000000008aa00000|100%| O|  |TAMS 0x000000008a900000, 0x000000008a900000| Untracked 
| 122|0x000000008aa00000, 0x000000008ab00000, 0x000000008ab00000|100%| O|  |TAMS 0x000000008aa00000, 0x000000008aa00000| Untracked 
| 123|0x000000008ab00000, 0x000000008ac00000, 0x000000008ac00000|100%| O|  |TAMS 0x000000008ab00000, 0x000000008ab00000| Untracked 
| 124|0x000000008ac00000, 0x000000008ad00000, 0x000000008ad00000|100%| O|  |TAMS 0x000000008ac00000, 0x000000008ac00000| Untracked 
| 125|0x000000008ad00000, 0x000000008ae00000, 0x000000008ae00000|100%| O|  |TAMS 0x000000008ad00000, 0x000000008ad00000| Untracked 
| 126|0x000000008ae00000, 0x000000008af00000, 0x000000008af00000|100%| O|  |TAMS 0x000000008ae00000, 0x000000008ae00000| Untracked 
| 127|0x000000008af00000, 0x000000008b000000, 0x000000008b000000|100%| O|  |TAMS 0x000000008af00000, 0x000000008af00000| Untracked 
| 128|0x000000008b000000, 0x000000008b100000, 0x000000008b100000|100%| O|  |TAMS 0x000000008b000000, 0x000000008b000000| Untracked 
| 129|0x000000008b100000, 0x000000008b200000, 0x000000008b200000|100%| O|  |TAMS 0x000000008b100000, 0x000000008b100000| Untracked 
| 130|0x000000008b200000, 0x000000008b300000, 0x000000008b300000|100%| O|  |TAMS 0x000000008b200000, 0x000000008b200000| Untracked 
| 131|0x000000008b300000, 0x000000008b400000, 0x000000008b400000|100%| O|  |TAMS 0x000000008b300000, 0x000000008b300000| Untracked 
| 132|0x000000008b400000, 0x000000008b500000, 0x000000008b500000|100%| O|  |TAMS 0x000000008b400000, 0x000000008b400000| Untracked 
| 133|0x000000008b500000, 0x000000008b600000, 0x000000008b600000|100%| O|  |TAMS 0x000000008b500000, 0x000000008b500000| Untracked 
| 134|0x000000008b600000, 0x000000008b700000, 0x000000008b700000|100%| O|  |TAMS 0x000000008b600000, 0x000000008b600000| Untracked 
| 135|0x000000008b700000, 0x000000008b800000, 0x000000008b800000|100%| O|  |TAMS 0x000000008b700000, 0x000000008b700000| Untracked 
| 136|0x000000008b800000, 0x000000008b900000, 0x000000008b900000|100%| O|  |TAMS 0x000000008b800000, 0x000000008b800000| Untracked 
| 137|0x000000008b900000, 0x000000008ba00000, 0x000000008ba00000|100%| O|  |TAMS 0x000000008b900000, 0x000000008b900000| Untracked 
| 138|0x000000008ba00000, 0x000000008bb00000, 0x000000008bb00000|100%| O|  |TAMS 0x000000008ba00000, 0x000000008ba00000| Untracked 
| 139|0x000000008bb00000, 0x000000008bc00000, 0x000000008bc00000|100%| O|  |TAMS 0x000000008bb00000, 0x000000008bb00000| Untracked 
| 140|0x000000008bc00000, 0x000000008bd00000, 0x000000008bd00000|100%| O|  |TAMS 0x000000008bc00000, 0x000000008bc00000| Untracked 
| 141|0x000000008bd00000, 0x000000008be00000, 0x000000008be00000|100%| O|  |TAMS 0x000000008bd00000, 0x000000008bd00000| Untracked 
| 142|0x000000008be00000, 0x000000008bf00000, 0x000000008bf00000|100%| O|  |TAMS 0x000000008be00000, 0x000000008be00000| Untracked 
| 143|0x000000008bf00000, 0x000000008c000000, 0x000000008c000000|100%| O|  |TAMS 0x000000008bf00000, 0x000000008bf00000| Untracked 
| 144|0x000000008c000000, 0x000000008c100000, 0x000000008c100000|100%| O|  |TAMS 0x000000008c000000, 0x000000008c000000| Untracked 
| 145|0x000000008c100000, 0x000000008c200000, 0x000000008c200000|100%| O|  |TAMS 0x000000008c100000, 0x000000008c100000| Untracked 
| 146|0x000000008c200000, 0x000000008c300000, 0x000000008c300000|100%| O|  |TAMS 0x000000008c200000, 0x000000008c200000| Untracked 
| 147|0x000000008c300000, 0x000000008c400000, 0x000000008c400000|100%| O|  |TAMS 0x000000008c300000, 0x000000008c300000| Untracked 
| 148|0x000000008c400000, 0x000000008c500000, 0x000000008c500000|100%| O|  |TAMS 0x000000008c400000, 0x000000008c400000| Untracked 
| 149|0x000000008c500000, 0x000000008c500000, 0x000000008c600000|  0%| F|  |TAMS 0x000000008c500000, 0x000000008c500000| Untracked 
| 150|0x000000008c600000, 0x000000008c600000, 0x000000008c700000|  0%| F|  |TAMS 0x000000008c600000, 0x000000008c600000| Untracked 
| 151|0x000000008c700000, 0x000000008c700000, 0x000000008c800000|  0%| F|  |TAMS 0x000000008c700000, 0x000000008c700000| Untracked 
| 152|0x000000008c800000, 0x000000008c800000, 0x000000008c900000|  0%| F|  |TAMS 0x000000008c800000, 0x000000008c800000| Untracked 
| 153|0x000000008c900000, 0x000000008c900000, 0x000000008ca00000|  0%| F|  |TAMS 0x000000008c900000, 0x000000008c900000| Untracked 
| 154|0x000000008ca00000, 0x000000008ca00000, 0x000000008cb00000|  0%| F|  |TAMS 0x000000008ca00000, 0x000000008ca00000| Untracked 
| 155|0x000000008cb00000, 0x000000008cb00000, 0x000000008cc00000|  0%| F|  |TAMS 0x000000008cb00000, 0x000000008cb00000| Untracked 
| 156|0x000000008cc00000, 0x000000008cc00000, 0x000000008cd00000|  0%| F|  |TAMS 0x000000008cc00000, 0x000000008cc00000| Untracked 
| 157|0x000000008cd00000, 0x000000008cd00000, 0x000000008ce00000|  0%| F|  |TAMS 0x000000008cd00000, 0x000000008cd00000| Untracked 
| 158|0x000000008ce00000, 0x000000008ce00000, 0x000000008cf00000|  0%| F|  |TAMS 0x000000008ce00000, 0x000000008ce00000| Untracked 
| 159|0x000000008cf00000, 0x000000008cf00000, 0x000000008d000000|  0%| F|  |TAMS 0x000000008cf00000, 0x000000008cf00000| Untracked 
| 160|0x000000008d000000, 0x000000008d000000, 0x000000008d100000|  0%| F|  |TAMS 0x000000008d000000, 0x000000008d000000| Untracked 
| 161|0x000000008d100000, 0x000000008d100000, 0x000000008d200000|  0%| F|  |TAMS 0x000000008d100000, 0x000000008d100000| Untracked 
| 162|0x000000008d200000, 0x000000008d200000, 0x000000008d300000|  0%| F|  |TAMS 0x000000008d200000, 0x000000008d200000| Untracked 
| 163|0x000000008d300000, 0x000000008d300000, 0x000000008d400000|  0%| F|  |TAMS 0x000000008d300000, 0x000000008d300000| Untracked 
| 164|0x000000008d400000, 0x000000008d400000, 0x000000008d500000|  0%| F|  |TAMS 0x000000008d400000, 0x000000008d400000| Untracked 
| 165|0x000000008d500000, 0x000000008d500000, 0x000000008d600000|  0%| F|  |TAMS 0x000000008d500000, 0x000000008d500000| Untracked 
| 166|0x000000008d600000, 0x000000008d600000, 0x000000008d700000|  0%| F|  |TAMS 0x000000008d600000, 0x000000008d600000| Untracked 
| 167|0x000000008d700000, 0x000000008d700000, 0x000000008d800000|  0%| F|  |TAMS 0x000000008d700000, 0x000000008d700000| Untracked 
| 168|0x000000008d800000, 0x000000008d800000, 0x000000008d900000|  0%| F|  |TAMS 0x000000008d800000, 0x000000008d800000| Untracked 
| 169|0x000000008d900000, 0x000000008d900000, 0x000000008da00000|  0%| F|  |TAMS 0x000000008d900000, 0x000000008d900000| Untracked 
| 170|0x000000008da00000, 0x000000008da00000, 0x000000008db00000|  0%| F|  |TAMS 0x000000008da00000, 0x000000008da00000| Untracked 
| 171|0x000000008db00000, 0x000000008db00000, 0x000000008dc00000|  0%| F|  |TAMS 0x000000008db00000, 0x000000008db00000| Untracked 
| 172|0x000000008dc00000, 0x000000008dc00000, 0x000000008dd00000|  0%| F|  |TAMS 0x000000008dc00000, 0x000000008dc00000| Untracked 
| 173|0x000000008dd00000, 0x000000008dd00000, 0x000000008de00000|  0%| F|  |TAMS 0x000000008dd00000, 0x000000008dd00000| Untracked 
| 174|0x000000008de00000, 0x000000008de00000, 0x000000008df00000|  0%| F|  |TAMS 0x000000008de00000, 0x000000008de00000| Untracked 
| 175|0x000000008df00000, 0x000000008df00000, 0x000000008e000000|  0%| F|  |TAMS 0x000000008df00000, 0x000000008df00000| Untracked 
| 176|0x000000008e000000, 0x000000008e000000, 0x000000008e100000|  0%| F|  |TAMS 0x000000008e000000, 0x000000008e000000| Untracked 
| 177|0x000000008e100000, 0x000000008e100000, 0x000000008e200000|  0%| F|  |TAMS 0x000000008e100000, 0x000000008e100000| Untracked 
| 178|0x000000008e200000, 0x000000008e200000, 0x000000008e300000|  0%| F|  |TAMS 0x000000008e200000, 0x000000008e200000| Untracked 
| 179|0x000000008e300000, 0x000000008e300000, 0x000000008e400000|  0%| F|  |TAMS 0x000000008e300000, 0x000000008e300000| Untracked 
| 180|0x000000008e400000, 0x000000008e400000, 0x000000008e500000|  0%| F|  |TAMS 0x000000008e400000, 0x000000008e400000| Untracked 
| 181|0x000000008e500000, 0x000000008e500000, 0x000000008e600000|  0%| F|  |TAMS 0x000000008e500000, 0x000000008e500000| Untracked 
| 182|0x000000008e600000, 0x000000008e600000, 0x000000008e700000|  0%| F|  |TAMS 0x000000008e600000, 0x000000008e600000| Untracked 
| 183|0x000000008e700000, 0x000000008e700000, 0x000000008e800000|  0%| F|  |TAMS 0x000000008e700000, 0x000000008e700000| Untracked 
| 184|0x000000008e800000, 0x000000008e800000, 0x000000008e900000|  0%| F|  |TAMS 0x000000008e800000, 0x000000008e800000| Untracked 
| 185|0x000000008e900000, 0x000000008e900000, 0x000000008ea00000|  0%| F|  |TAMS 0x000000008e900000, 0x000000008e900000| Untracked 
| 186|0x000000008ea00000, 0x000000008ea00000, 0x000000008eb00000|  0%| F|  |TAMS 0x000000008ea00000, 0x000000008ea00000| Untracked 
| 187|0x000000008eb00000, 0x000000008eb00000, 0x000000008ec00000|  0%| F|  |TAMS 0x000000008eb00000, 0x000000008eb00000| Untracked 
| 188|0x000000008ec00000, 0x000000008ec00000, 0x000000008ed00000|  0%| F|  |TAMS 0x000000008ec00000, 0x000000008ec00000| Untracked 
| 189|0x000000008ed00000, 0x000000008ed00000, 0x000000008ee00000|  0%| F|  |TAMS 0x000000008ed00000, 0x000000008ed00000| Untracked 
| 190|0x000000008ee00000, 0x000000008ee00000, 0x000000008ef00000|  0%| F|  |TAMS 0x000000008ee00000, 0x000000008ee00000| Untracked 
| 191|0x000000008ef00000, 0x000000008ef00000, 0x000000008f000000|  0%| F|  |TAMS 0x000000008ef00000, 0x000000008ef00000| Untracked 
| 192|0x000000008f000000, 0x000000008f000000, 0x000000008f100000|  0%| F|  |TAMS 0x000000008f000000, 0x000000008f000000| Untracked 
| 193|0x000000008f100000, 0x000000008f100000, 0x000000008f200000|  0%| F|  |TAMS 0x000000008f100000, 0x000000008f100000| Untracked 
| 194|0x000000008f200000, 0x000000008f200000, 0x000000008f300000|  0%| F|  |TAMS 0x000000008f200000, 0x000000008f200000| Untracked 
| 195|0x000000008f300000, 0x000000008f300000, 0x000000008f400000|  0%| F|  |TAMS 0x000000008f300000, 0x000000008f300000| Untracked 
| 196|0x000000008f400000, 0x000000008f400000, 0x000000008f500000|  0%| F|  |TAMS 0x000000008f400000, 0x000000008f400000| Untracked 
| 197|0x000000008f500000, 0x000000008f500000, 0x000000008f600000|  0%| F|  |TAMS 0x000000008f500000, 0x000000008f500000| Untracked 
| 198|0x000000008f600000, 0x000000008f600000, 0x000000008f700000|  0%| F|  |TAMS 0x000000008f600000, 0x000000008f600000| Untracked 
| 199|0x000000008f700000, 0x000000008f700000, 0x000000008f800000|  0%| F|  |TAMS 0x000000008f700000, 0x000000008f700000| Untracked 
| 200|0x000000008f800000, 0x000000008f800000, 0x000000008f900000|  0%| F|  |TAMS 0x000000008f800000, 0x000000008f800000| Untracked 
| 201|0x000000008f900000, 0x000000008f900000, 0x000000008fa00000|  0%| F|  |TAMS 0x000000008f900000, 0x000000008f900000| Untracked 
| 202|0x000000008fa00000, 0x000000008fa00000, 0x000000008fb00000|  0%| F|  |TAMS 0x000000008fa00000, 0x000000008fa00000| Untracked 
| 203|0x000000008fb00000, 0x000000008fb00000, 0x000000008fc00000|  0%| F|  |TAMS 0x000000008fb00000, 0x000000008fb00000| Untracked 
| 204|0x000000008fc00000, 0x000000008fc00000, 0x000000008fd00000|  0%| F|  |TAMS 0x000000008fc00000, 0x000000008fc00000| Untracked 
| 205|0x000000008fd00000, 0x000000008fd00000, 0x000000008fe00000|  0%| F|  |TAMS 0x000000008fd00000, 0x000000008fd00000| Untracked 
| 206|0x000000008fe00000, 0x000000008fe00000, 0x000000008ff00000|  0%| F|  |TAMS 0x000000008fe00000, 0x000000008fe00000| Untracked 
| 207|0x000000008ff00000, 0x000000008ff00000, 0x0000000090000000|  0%| F|  |TAMS 0x000000008ff00000, 0x000000008ff00000| Untracked 
| 208|0x0000000090000000, 0x0000000090000000, 0x0000000090100000|  0%| F|  |TAMS 0x0000000090000000, 0x0000000090000000| Untracked 
| 209|0x0000000090100000, 0x0000000090100000, 0x0000000090200000|  0%| F|  |TAMS 0x0000000090100000, 0x0000000090100000| Untracked 
| 210|0x0000000090200000, 0x0000000090200000, 0x0000000090300000|  0%| F|  |TAMS 0x0000000090200000, 0x0000000090200000| Untracked 
| 211|0x0000000090300000, 0x0000000090300000, 0x0000000090400000|  0%| F|  |TAMS 0x0000000090300000, 0x0000000090300000| Untracked 
| 212|0x0000000090400000, 0x0000000090500000, 0x0000000090500000|100%| S|CS|TAMS 0x0000000090400000, 0x0000000090400000| Complete 
| 213|0x0000000090500000, 0x0000000090600000, 0x0000000090600000|100%| S|CS|TAMS 0x0000000090500000, 0x0000000090500000| Complete 
| 214|0x0000000090600000, 0x0000000090600000, 0x0000000090700000|  0%| F|  |TAMS 0x0000000090600000, 0x0000000090600000| Untracked 
| 215|0x0000000090700000, 0x0000000090700000, 0x0000000090800000|  0%| F|  |TAMS 0x0000000090700000, 0x0000000090700000| Untracked 
| 216|0x0000000090800000, 0x0000000090800000, 0x0000000090900000|  0%| F|  |TAMS 0x0000000090800000, 0x0000000090800000| Untracked 
| 217|0x0000000090900000, 0x0000000090900000, 0x0000000090a00000|  0%| F|  |TAMS 0x0000000090900000, 0x0000000090900000| Untracked 
| 218|0x0000000090a00000, 0x0000000090a00000, 0x0000000090b00000|  0%| F|  |TAMS 0x0000000090a00000, 0x0000000090a00000| Untracked 

Card table byte_map: [0x000002d4d9d20000,0x000002d4da110000] _byte_map_base: 0x000002d4d9908000

Marking Bits (Prev, Next): (CMBitMap*) 0x000002d4c2416b00, (CMBitMap*) 0x000002d4c2416b40
 Prev Bits: [0x000002d4da500000, 0x000002d4dc440000)
 Next Bits: [0x000002d4dc440000, 0x000002d4de380000)

Polling page: 0x000002d4c1bb0000

Metaspace:

Usage:
  Non-class:     11.14 MB capacity,     8.44 MB ( 76%) used,     2.69 MB ( 24%) free+waste,     7.75 KB ( <1%) overhead. 
      Class:      1.23 MB capacity,   974.48 KB ( 77%) used,   283.27 KB ( 22%) free+waste,     2.25 KB ( <1%) overhead. 
       Both:     12.37 MB capacity,     9.39 MB ( 76%) used,     2.97 MB ( 24%) free+waste,    10.00 KB ( <1%) overhead. 

Virtual space:
  Non-class space:       12.00 MB reserved,      11.25 MB ( 94%) committed 
      Class space:        1.00 GB reserved,       1.25 MB ( <1%) committed 
             Both:        1.01 GB reserved,      12.50 MB (  1%) committed 

Chunk freelists:
   Non-Class:  52.00 KB
       Class:  20.00 KB
        Both:  72.00 KB

MaxMetaspaceSize: 17179869184.00 GB
CompressedClassSpaceSize: 1.00 GB

CodeHeap 'non-profiled nmethods': size=120000Kb used=1674Kb max_used=1674Kb free=118325Kb
 bounds [0x000002d4d20d0000, 0x000002d4d2340000, 0x000002d4d9600000]
CodeHeap 'profiled nmethods': size=120000Kb used=3781Kb max_used=3781Kb free=116219Kb
 bounds [0x000002d4caba0000, 0x000002d4caf60000, 0x000002d4d20d0000]
CodeHeap 'non-nmethods': size=5760Kb used=1179Kb max_used=1358Kb free=4580Kb
 bounds [0x000002d4ca600000, 0x000002d4ca870000, 0x000002d4caba0000]
 total_blobs=2188 nmethods=1749 adapters=352
 compilation: enabled
              stopped_count=0, restarted_count=0
 full_count=0

Compilation events (20 events):
Event: 14.525 Thread 0x000002d4e0dc2d20 1774       4       java.lang.String::getChars (54 bytes)
Event: 14.527 Thread 0x000002d4e872d020 nmethod 1755 0x000002d4d226cc10 code [0x000002d4d226cda0, 0x000002d4d226d178]
Event: 14.527 Thread 0x000002d4e872d020 1775       4       java.lang.StringLatin1::getChars (12 bytes)
Event: 14.529 Thread 0x000002d4e872d020 nmethod 1775 0x000002d4d226d290 code [0x000002d4d226d400, 0x000002d4d226d578]
Event: 14.529 Thread 0x000002d4e872d020 1769       4       org.jetbrains.kotlin.com.google.gwt.dev.js.rhino.LineBuffer::fill (209 bytes)
Event: 14.532 Thread 0x000002d4e0dc2d20 nmethod 1774 0x000002d4d226d610 code [0x000002d4d226d7a0, 0x000002d4d226dad8]
Event: 14.532 Thread 0x000002d4e0dc2d20 1776   !   4       java.io.StringReader::read (133 bytes)
Event: 14.540 Thread 0x000002d4e0dc2d20 nmethod 1776 0x000002d4d226dd90 code [0x000002d4d226df40, 0x000002d4d226e758]
Event: 14.543 Thread 0x000002d4e872d020 nmethod 1769 0x000002d4d226ec10 code [0x000002d4d226edc0, 0x000002d4d226f878]
Event: 14.550 Thread 0x000002d4e0dc3810 1777       3       org.jetbrains.kotlin.com.google.gwt.dev.js.rhino.Parser::unaryExpr (291 bytes)
Event: 14.552 Thread 0x000002d4e0dc3810 nmethod 1777 0x000002d4caf4e810 code [0x000002d4caf4eb40, 0x000002d4caf4fa88]
Event: 14.553 Thread 0x000002d4e0dc3810 1778       3       org.jetbrains.kotlin.com.google.gwt.dev.js.rhino.IRFactory::createReturn (27 bytes)
Event: 14.553 Thread 0x000002d4e0dc3810 nmethod 1778 0x000002d4caf50110 code [0x000002d4caf502e0, 0x000002d4caf50838]
Event: 14.562 Thread 0x000002d4e0dc2d20 1779       4       org.jetbrains.kotlin.com.google.gwt.dev.js.rhino.Parser::variables (108 bytes)
Event: 14.640 Thread 0x000002d4e0dc2d20 nmethod 1779 0x000002d4d226fd90 code [0x000002d4d226ffc0, 0x000002d4d2271e40]
Event: 14.705 Thread 0x000002d4e0dc2d20 1780       4       org.jetbrains.kotlin.com.google.gwt.dev.js.rhino.Parser::unaryExpr (291 bytes)
Event: 14.742 Thread 0x000002d4e0dc3810 1781       3       org.jetbrains.kotlin.com.google.gwt.dev.js.rhino.IRFactory::createSwitch (11 bytes)
Event: 14.742 Thread 0x000002d4e0dc3810 nmethod 1781 0x000002d4caf50a10 code [0x000002d4caf50bc0, 0x000002d4caf50e58]
Event: 14.746 Thread 0x000002d4e0dc3810 1782       3       org.jetbrains.kotlin.com.google.gwt.dev.js.rhino.IRFactory::createUnary (13 bytes)
Event: 14.770 Thread 0x000002d4e0dc3810 nmethod 1782 0x000002d4caf50f90 code [0x000002d4caf51140, 0x000002d4caf512e8]

GC Heap History (20 events):
Event: 8.101 GC heap after
{Heap after GC invocations=5 (full 0):
 garbage-first heap   total 169984K, used 75776K [0x0000000083000000, 0x0000000100000000)
  region size 1024K, 4 young (4096K), 4 survivors (4096K)
 Metaspace       used 9323K, capacity 12408K, committed 12544K, reserved 1060864K
  class space    used 955K, capacity 1260K, committed 1280K, reserved 1048576K
}
Event: 9.058 GC heap before
{Heap before GC invocations=5 (full 0):
 garbage-first heap   total 169984K, used 87040K [0x0000000083000000, 0x0000000100000000)
  region size 1024K, 13 young (13312K), 4 survivors (4096K)
 Metaspace       used 9342K, capacity 12408K, committed 12544K, reserved 1060864K
  class space    used 955K, capacity 1260K, committed 1280K, reserved 1048576K
}
Event: 9.124 GC heap after
{Heap after GC invocations=6 (full 0):
 garbage-first heap   total 169984K, used 85504K [0x0000000083000000, 0x0000000100000000)
  region size 1024K, 5 young (5120K), 5 survivors (5120K)
 Metaspace       used 9342K, capacity 12408K, committed 12544K, reserved 1060864K
  class space    used 955K, capacity 1260K, committed 1280K, reserved 1048576K
}
Event: 10.967 GC heap before
{Heap before GC invocations=7 (full 0):
 garbage-first heap   total 169984K, used 128512K [0x0000000083000000, 0x0000000100000000)
  region size 1024K, 29 young (29696K), 5 survivors (5120K)
 Metaspace       used 9445K, capacity 12536K, committed 12800K, reserved 1060864K
  class space    used 963K, capacity 1260K, committed 1280K, reserved 1048576K
}
Event: 10.992 GC heap after
{Heap after GC invocations=8 (full 0):
 garbage-first heap   total 169984K, used 102400K [0x0000000083000000, 0x0000000100000000)
  region size 1024K, 4 young (4096K), 4 survivors (4096K)
 Metaspace       used 9445K, capacity 12536K, committed 12800K, reserved 1060864K
  class space    used 963K, capacity 1260K, committed 1280K, reserved 1048576K
}
Event: 11.065 GC heap before
{Heap before GC invocations=8 (full 0):
 garbage-first heap   total 169984K, used 106496K [0x0000000083000000, 0x0000000100000000)
  region size 1024K, 8 young (8192K), 4 survivors (4096K)
 Metaspace       used 9445K, capacity 12536K, committed 12800K, reserved 1060864K
  class space    used 963K, capacity 1260K, committed 1280K, reserved 1048576K
}
Event: 11.111 GC heap after
{Heap after GC invocations=9 (full 0):
 garbage-first heap   total 169984K, used 91648K [0x0000000083000000, 0x0000000100000000)
  region size 1024K, 1 young (1024K), 1 survivors (1024K)
 Metaspace       used 9445K, capacity 12536K, committed 12800K, reserved 1060864K
  class space    used 963K, capacity 1260K, committed 1280K, reserved 1048576K
}
Event: 11.225 GC heap before
{Heap before GC invocations=9 (full 0):
 garbage-first heap   total 169984K, used 98816K [0x0000000083000000, 0x0000000100000000)
  region size 1024K, 8 young (8192K), 1 survivors (1024K)
 Metaspace       used 9447K, capacity 12536K, committed 12800K, reserved 1060864K
  class space    used 964K, capacity 1260K, committed 1280K, reserved 1048576K
}
Event: 11.259 GC heap after
{Heap after GC invocations=10 (full 0):
 garbage-first heap   total 224256K, used 83968K [0x0000000083000000, 0x0000000100000000)
  region size 1024K, 1 young (1024K), 1 survivors (1024K)
 Metaspace       used 9447K, capacity 12536K, committed 12800K, reserved 1060864K
  class space    used 964K, capacity 1260K, committed 1280K, reserved 1048576K
}
Event: 11.717 GC heap before
{Heap before GC invocations=10 (full 0):
 garbage-first heap   total 224256K, used 132096K [0x0000000083000000, 0x0000000100000000)
  region size 1024K, 48 young (49152K), 1 survivors (1024K)
 Metaspace       used 9543K, capacity 12600K, committed 12800K, reserved 1060864K
  class space    used 971K, capacity 1260K, committed 1280K, reserved 1048576K
}
Event: 12.210 GC heap after
{Heap after GC invocations=11 (full 0):
 garbage-first heap   total 224256K, used 110592K [0x0000000083000000, 0x0000000100000000)
  region size 1024K, 6 young (6144K), 6 survivors (6144K)
 Metaspace       used 9543K, capacity 12600K, committed 12800K, reserved 1060864K
  class space    used 971K, capacity 1260K, committed 1280K, reserved 1048576K
}
Event: 12.331 GC heap before
{Heap before GC invocations=11 (full 0):
 garbage-first heap   total 224256K, used 116736K [0x0000000083000000, 0x0000000100000000)
  region size 1024K, 13 young (13312K), 6 survivors (6144K)
 Metaspace       used 9560K, capacity 12600K, committed 12800K, reserved 1060864K
  class space    used 971K, capacity 1260K, committed 1280K, reserved 1048576K
}
Event: 12.336 GC heap after
{Heap after GC invocations=12 (full 0):
 garbage-first heap   total 224256K, used 113152K [0x0000000083000000, 0x0000000100000000)
  region size 1024K, 1 young (1024K), 1 survivors (1024K)
 Metaspace       used 9560K, capacity 12600K, committed 12800K, reserved 1060864K
  class space    used 971K, capacity 1260K, committed 1280K, reserved 1048576K
}
Event: 12.650 GC heap before
{Heap before GC invocations=13 (full 0):
 garbage-first heap   total 224256K, used 117248K [0x0000000083000000, 0x0000000100000000)
  region size 1024K, 9 young (9216K), 1 survivors (1024K)
 Metaspace       used 9565K, capacity 12600K, committed 12800K, reserved 1060864K
  class space    used 971K, capacity 1260K, committed 1280K, reserved 1048576K
}
Event: 12.652 GC heap after
{Heap after GC invocations=14 (full 0):
 garbage-first heap   total 224256K, used 109148K [0x0000000083000000, 0x0000000100000000)
  region size 1024K, 1 young (1024K), 1 survivors (1024K)
 Metaspace       used 9565K, capacity 12600K, committed 12800K, reserved 1060864K
  class space    used 971K, capacity 1260K, committed 1280K, reserved 1048576K
}
Event: 13.562 GC heap before
{Heap before GC invocations=15 (full 0):
 garbage-first heap   total 224256K, used 152156K [0x0000000083000000, 0x0000000100000000)
  region size 1024K, 43 young (44032K), 1 survivors (1024K)
 Metaspace       used 9608K, capacity 12664K, committed 12800K, reserved 1060864K
  class space    used 974K, capacity 1260K, committed 1280K, reserved 1048576K
}
Event: 13.608 GC heap after
{Heap after GC invocations=16 (full 0):
 garbage-first heap   total 224256K, used 132051K [0x0000000083000000, 0x0000000100000000)
  region size 1024K, 6 young (6144K), 6 survivors (6144K)
 Metaspace       used 9608K, capacity 12664K, committed 12800K, reserved 1060864K
  class space    used 974K, capacity 1260K, committed 1280K, reserved 1048576K
}
Event: 14.746 GC heap before
{Heap before GC invocations=17 (full 0):
 garbage-first heap   total 224256K, used 161747K [0x0000000083000000, 0x0000000100000000)
  region size 1024K, 38 young (38912K), 6 survivors (6144K)
 Metaspace       used 9614K, capacity 12664K, committed 12800K, reserved 1060864K
  class space    used 974K, capacity 1260K, committed 1280K, reserved 1048576K
}
Event: 14.769 GC heap after
{Heap after GC invocations=18 (full 0):
 garbage-first heap   total 224256K, used 136192K [0x0000000083000000, 0x0000000100000000)
  region size 1024K, 5 young (5120K), 5 survivors (5120K)
 Metaspace       used 9614K, capacity 12664K, committed 12800K, reserved 1060864K
  class space    used 974K, capacity 1260K, committed 1280K, reserved 1048576K
}
Event: 14.827 GC heap before
{Heap before GC invocations=18 (full 0):
 garbage-first heap   total 224256K, used 141312K [0x0000000083000000, 0x0000000100000000)
  region size 1024K, 10 young (10240K), 5 survivors (5120K)
 Metaspace       used 9614K, capacity 12664K, committed 12800K, reserved 1060864K
  class space    used 974K, capacity 1260K, committed 1280K, reserved 1048576K
}

Deoptimization events (20 events):
Event: 14.322 Thread 0x000002d4c23d57e0 DEOPT PACKING pc=0x000002d4caf4833c sp=0x000000ef164fb110
Event: 14.322 Thread 0x000002d4c23d57e0 DEOPT UNPACKING pc=0x000002d4ca64e23f sp=0x000000ef164fa690 mode 0
Event: 14.336 Thread 0x000002d4c23d57e0 DEOPT PACKING pc=0x000002d4caf4833c sp=0x000000ef164fd000
Event: 14.336 Thread 0x000002d4c23d57e0 DEOPT UNPACKING pc=0x000002d4ca64e23f sp=0x000000ef164fc580 mode 0
Event: 14.346 Thread 0x000002d4c23d57e0 DEOPT PACKING pc=0x000002d4caf4833c sp=0x000000ef164fbe80
Event: 14.346 Thread 0x000002d4c23d57e0 DEOPT UNPACKING pc=0x000002d4ca64e23f sp=0x000000ef164fb400 mode 0
Event: 14.359 Thread 0x000002d4c23d57e0 DEOPT PACKING pc=0x000002d4caf4833c sp=0x000000ef164fc840
Event: 14.359 Thread 0x000002d4c23d57e0 DEOPT UNPACKING pc=0x000002d4ca64e23f sp=0x000000ef164fbdc0 mode 0
Event: 14.363 Thread 0x000002d4c23d57e0 DEOPT PACKING pc=0x000002d4caf4833c sp=0x000000ef164fac00
Event: 14.363 Thread 0x000002d4c23d57e0 DEOPT UNPACKING pc=0x000002d4ca64e23f sp=0x000000ef164fa180 mode 0
Event: 14.366 Thread 0x000002d4c23d57e0 DEOPT PACKING pc=0x000002d4caf4833c sp=0x000000ef164fd270
Event: 14.366 Thread 0x000002d4c23d57e0 DEOPT UNPACKING pc=0x000002d4ca64e23f sp=0x000000ef164fc7f0 mode 0
Event: 14.368 Thread 0x000002d4c23d57e0 DEOPT PACKING pc=0x000002d4caf4833c sp=0x000000ef164fad60
Event: 14.368 Thread 0x000002d4c23d57e0 DEOPT UNPACKING pc=0x000002d4ca64e23f sp=0x000000ef164fa2e0 mode 0
Event: 14.369 Thread 0x000002d4c23d57e0 DEOPT PACKING pc=0x000002d4caf4833c sp=0x000000ef164fae80
Event: 14.369 Thread 0x000002d4c23d57e0 DEOPT UNPACKING pc=0x000002d4ca64e23f sp=0x000000ef164fa400 mode 0
Event: 14.371 Thread 0x000002d4c23d57e0 DEOPT PACKING pc=0x000002d4caf4833c sp=0x000000ef164fb690
Event: 14.371 Thread 0x000002d4c23d57e0 DEOPT UNPACKING pc=0x000002d4ca64e23f sp=0x000000ef164fac10 mode 0
Event: 14.377 Thread 0x000002d4c23d57e0 DEOPT PACKING pc=0x000002d4caf4833c sp=0x000000ef164fa000
Event: 14.377 Thread 0x000002d4c23d57e0 DEOPT UNPACKING pc=0x000002d4ca64e23f sp=0x000000ef164f9580 mode 0

Classes unloaded (0 events):
No events

Classes redefined (0 events):
No events

Internal exceptions (3 events):
Event: 0.584 Thread 0x000002d4c23d57e0 Exception <a 'java/lang/NoSuchMethodError'{0x000000008a243198}: 'void java.lang.invoke.DirectMethodHandle$Holder.invokeSpecial(java.lang.Object, java.lang.Object, java.lang.Object)'> (0x000000008a243198) 
thrown [./open/src/hotspot/share/interpreter/linkResolver.cpp, line 782]
Event: 1.420 Thread 0x000002d4c23d57e0 Exception <a 'java/lang/NoSuchMethodError'{0x000000008a6fb248}: 'java.lang.Object java.lang.invoke.DirectMethodHandle$Holder.newInvokeSpecial(java.lang.Object, java.lang.Object, java.lang.Object, java.lang.Object, java.lang.Object)'> (0x000000008a6fb248) 
thrown [./open/src/hotspot/share/interpreter/linkResolver.cpp, line 782]
Event: 6.358 Thread 0x000002d4c23d57e0 Exception <a 'java/lang/NoSuchMethodError'{0x00000000893f4208}: 'java.lang.Object java.lang.invoke.DirectMethodHandle$Holder.invokeStaticInit(java.lang.Object, int)'> (0x00000000893f4208) 
thrown [./open/src/hotspot/share/interpreter/linkResolver.cpp, line 782]

Events (20 events):
Event: 12.643 Executing VM operation: G1Concurrent done
Event: 12.650 Executing VM operation: G1TryInitiateConcMark
Event: 12.652 Executing VM operation: G1TryInitiateConcMark done
Event: 12.834 Executing VM operation: G1Concurrent
Event: 13.042 Executing VM operation: G1Concurrent done
Event: 13.169 Executing VM operation: G1Concurrent
Event: 13.171 Executing VM operation: G1Concurrent done
Event: 13.513 Executing VM operation: HandshakeAllThreads
Event: 13.513 Executing VM operation: HandshakeAllThreads done
Event: 13.552 Executing VM operation: G1TryInitiateConcMark
Event: 13.608 Executing VM operation: G1TryInitiateConcMark done
Event: 13.785 Executing VM operation: G1Concurrent
Event: 13.790 Executing VM operation: G1Concurrent done
Event: 13.892 Executing VM operation: G1Concurrent
Event: 13.898 Executing VM operation: G1Concurrent done
Event: 14.396 Thread 0x000002d4e872d020 Thread added: 0x000002d4e872d020
Event: 14.705 Thread 0x000002d4e872d020 Thread exited: 0x000002d4e872d020
Event: 14.746 Executing VM operation: G1CollectForAllocation
Event: 14.769 Executing VM operation: G1CollectForAllocation done
Event: 14.827 Executing VM operation: G1CollectForAllocation


Dynamic libraries:
0x00007ff642e40000 - 0x00007ff642e4d000 	C:\Program Files\Java\jdk-15.0.1\bin\java.exe
0x00007ffd96810000 - 0x00007ffd96a05000 	C:\WINDOWS\SYSTEM32\ntdll.dll
0x00007ffd952d0000 - 0x00007ffd9538d000 	C:\WINDOWS\System32\KERNEL32.DLL
0x00007ffd943c0000 - 0x00007ffd94688000 	C:\WINDOWS\System32\KERNELBASE.dll
0x00007ffd94210000 - 0x00007ffd94310000 	C:\WINDOWS\System32\ucrtbase.dll
0x00007ffd8f010000 - 0x00007ffd8f029000 	C:\Program Files\Java\jdk-15.0.1\bin\VCRUNTIME140.dll
0x00007ffd8f130000 - 0x00007ffd8f148000 	C:\Program Files\Java\jdk-15.0.1\bin\jli.dll
0x00007ffd95f80000 - 0x00007ffd96120000 	C:\WINDOWS\System32\USER32.dll
0x00007ffd94840000 - 0x00007ffd94862000 	C:\WINDOWS\System32\win32u.dll
0x00007ffd95160000 - 0x00007ffd9518a000 	C:\WINDOWS\System32\GDI32.dll
0x00007ffd7ac20000 - 0x00007ffd7aeba000 	C:\WINDOWS\WinSxS\amd64_microsoft.windows.common-controls_6595b64144ccf1df_6.0.19041.844_none_ca00b6081b84eb1d\COMCTL32.dll
0x00007ffd94100000 - 0x00007ffd9420b000 	C:\WINDOWS\System32\gdi32full.dll
0x00007ffd94710000 - 0x00007ffd947ad000 	C:\WINDOWS\System32\msvcp_win.dll
0x00007ffd949b0000 - 0x00007ffd94a4e000 	C:\WINDOWS\System32\msvcrt.dll
0x00007ffd967a0000 - 0x00007ffd967d0000 	C:\WINDOWS\System32\IMM32.DLL
0x00007ffd8ee90000 - 0x00007ffd8ee9c000 	C:\Program Files\Java\jdk-15.0.1\bin\vcruntime140_1.dll
0x00007ffd66df0000 - 0x00007ffd66e81000 	C:\Program Files\Java\jdk-15.0.1\bin\msvcp140.dll
0x00007ffd480d0000 - 0x00007ffd48c2e000 	C:\Program Files\Java\jdk-15.0.1\bin\server\jvm.dll
0x00007ffd95190000 - 0x00007ffd9523c000 	C:\WINDOWS\System32\ADVAPI32.dll
0x00007ffd95660000 - 0x00007ffd956fb000 	C:\WINDOWS\System32\sechost.dll
0x00007ffd95390000 - 0x00007ffd954bb000 	C:\WINDOWS\System32\RPCRT4.dll
0x00007ffd94be0000 - 0x00007ffd94be8000 	C:\WINDOWS\System32\PSAPI.DLL
0x00007ffd8eca0000 - 0x00007ffd8eca9000 	C:\WINDOWS\SYSTEM32\WSOCK32.dll
0x00007ffd7aee0000 - 0x00007ffd7af07000 	C:\WINDOWS\SYSTEM32\WINMM.dll
0x00007ffd86130000 - 0x00007ffd8613a000 	C:\WINDOWS\SYSTEM32\VERSION.dll
0x00007ffd95240000 - 0x00007ffd952ab000 	C:\WINDOWS\System32\WS2_32.dll
0x00007ffd92820000 - 0x00007ffd92832000 	C:\WINDOWS\SYSTEM32\kernel.appcore.dll
0x00007ffd8ec90000 - 0x00007ffd8ec9a000 	C:\Program Files\Java\jdk-15.0.1\bin\jimage.dll
0x00007ffd924b0000 - 0x00007ffd92694000 	C:\WINDOWS\SYSTEM32\DBGHELP.DLL
0x00007ffd90c90000 - 0x00007ffd90cbc000 	C:\WINDOWS\SYSTEM32\dbgcore.DLL
0x00007ffd94690000 - 0x00007ffd94710000 	C:\WINDOWS\System32\bcryptPrimitives.dll
0x00007ffd79970000 - 0x00007ffd79995000 	C:\Program Files\Java\jdk-15.0.1\bin\java.dll
0x00007ffd95700000 - 0x00007ffd95e42000 	C:\WINDOWS\System32\SHELL32.dll
0x00007ffd91af0000 - 0x00007ffd92280000 	C:\WINDOWS\SYSTEM32\windows.storage.dll
0x00007ffd94bf0000 - 0x00007ffd94f45000 	C:\WINDOWS\System32\combase.dll
0x00007ffd939c0000 - 0x00007ffd939ec000 	C:\WINDOWS\SYSTEM32\Wldp.dll
0x00007ffd966f0000 - 0x00007ffd9679e000 	C:\WINDOWS\System32\SHCORE.dll
0x00007ffd94b80000 - 0x00007ffd94bd5000 	C:\WINDOWS\System32\shlwapi.dll
0x00007ffd93e90000 - 0x00007ffd93eaf000 	C:\WINDOWS\SYSTEM32\profapi.dll
0x00007ffd86570000 - 0x00007ffd86589000 	C:\Program Files\Java\jdk-15.0.1\bin\net.dll
0x00007ffd8c1b0000 - 0x00007ffd8c2bb000 	C:\WINDOWS\SYSTEM32\WINHTTP.dll
0x00007ffd93730000 - 0x00007ffd9379a000 	C:\WINDOWS\system32\mswsock.dll
0x00007ffd85e20000 - 0x00007ffd85e32000 	C:\Program Files\Java\jdk-15.0.1\bin\nio.dll
0x00007ffd816f0000 - 0x00007ffd81708000 	C:\Program Files\Java\jdk-15.0.1\bin\zip.dll
0x00007ffd8b3b0000 - 0x00007ffd8b3c0000 	C:\Program Files\Java\jdk-15.0.1\bin\verify.dll

dbghelp: loaded successfully - version: 4.0.5 - missing functions: none
symbol engine: initialized successfully - sym options: 0x614 - pdb path: .;C:\Program Files\Java\jdk-15.0.1\bin;C:\WINDOWS\SYSTEM32;C:\WINDOWS\WinSxS\amd64_microsoft.windows.common-controls_6595b64144ccf1df_6.0.19041.844_none_ca00b6081b84eb1d;C:\Program Files\Java\jdk-15.0.1\bin\server

VM Arguments:
java_command: org.jetbrains.kotlin.cli.js.dce.K2JSDce @C:\Users\ricok\Desktop\Masterarbeit\luposdate3000\src\luposdate3000_parser\build\20210614_15769021106705464643.compiler.options
java_class_path (initial): C:\Users\ricok\.gradle\caches\modules-2\files-2.1\org.jetbrains.kotlin\kotlin-compiler-embeddable\1.5.0\6e53e0ca3cf7eff1a4df71171c8f9604b983e1d6\kotlin-compiler-embeddable-1.5.0.jar;C:\Users\ricok\.gradle\caches\modules-2\files-2.1\org.jetbrains.kotlin\kotlin-reflect\1.5.0\47806fe8ed30dbdf9e697eda5e9c9a3905ff3363\kotlin-reflect-1.5.0.jar;C:\Users\ricok\.gradle\caches\modules-2\files-2.1\org.jetbrains.kotlin\kotlin-stdlib\1.5.0\29dae2501ca094416d15af0e21470cb634780444\kotlin-stdlib-1.5.0.jar;C:\Users\ricok\.gradle\caches\modules-2\files-2.1\org.jetbrains.kotlin\kotlin-script-runtime\1.5.0\a2d66828077376fc1851a6fdbf25865935f4101d\kotlin-script-runtime-1.5.0.jar;C:\Users\ricok\.gradle\caches\modules-2\files-2.1\org.jetbrains.kotlin\kotlin-daemon-embeddable\1.5.0\7f3567acfef59ff865a99a584d814bde87226dd5\kotlin-daemon-embeddable-1.5.0.jar;C:\Users\ricok\.gradle\caches\modules-2\files-2.1\org.jetbrains.intellij.deps\trove4j\1.0.20181211\216c2e14b070f334479d800987affe4054cd563f\trove4j-1.0.20181211.jar;C:\Users\ricok\.gradle\caches\modules-2\files-2.1\org.jetbrains\annotations\13.0\919f0dfe192fb4e063e7dacadee7f8bb9a2672a9\annotations-13.0.jar;C:\Users\ricok\.gradle\caches\modules-2\files-2.1\org.jetbrains.kotlin\kotlin-stdlib-common\1.5.0\4080d69efca5e39e9b4972f125e40f1607bd6460\kotlin-stdlib-common-1.5.0.jar
Launcher Type: SUN_STANDARD

[Global flags]
     intx CICompilerCount                          = 4                                         {product} {ergonomic}
     uint ConcGCThreads                            = 2                                         {product} {ergonomic}
     uint G1ConcRefinementThreads                  = 8                                         {product} {ergonomic}
   size_t G1HeapRegionSize                         = 1048576                                   {product} {ergonomic}
    uintx GCDrainStackTargetSize                   = 64                                        {product} {ergonomic}
   size_t InitialHeapSize                          = 132120576                                 {product} {ergonomic}
   size_t MarkStackSize                            = 4194304                                   {product} {ergonomic}
   size_t MaxHeapSize                              = 2097152000                                {product} {ergonomic}
   size_t MaxNewSize                               = 1258291200                                {product} {ergonomic}
   size_t MinHeapDeltaBytes                        = 1048576                                   {product} {ergonomic}
   size_t MinHeapSize                              = 8388608                                   {product} {ergonomic}
    uintx NonNMethodCodeHeapSize                   = 5839372                                {pd product} {ergonomic}
    uintx NonProfiledCodeHeapSize                  = 122909434                              {pd product} {ergonomic}
    uintx ProfiledCodeHeapSize                     = 122909434                              {pd product} {ergonomic}
    uintx ReservedCodeCacheSize                    = 251658240                              {pd product} {ergonomic}
     bool SegmentedCodeCache                       = true                                      {product} {ergonomic}
   size_t SoftMaxHeapSize                          = 2097152000                             {manageable} {ergonomic}
     bool UseCompressedClassPointers               = true                                 {lp64_product} {ergonomic}
     bool UseCompressedOops                        = true                                 {lp64_product} {ergonomic}
     bool UseG1GC                                  = true                                      {product} {ergonomic}
     bool UseLargePagesIndividualAllocation        = false                                  {pd product} {ergonomic}

Logging:
Log output configuration:
 #0: stdout all=warning uptime,level,tags
 #1: stderr all=off uptime,level,tags

Environment Variables:
PATH=C:\Users\ricok\.sdkman\candidates\gradle\current\bin;C:\Users\ricok\bin;C:\Program Files\Git\mingw64\bin;C:\Program Files\Git\usr\local\bin;C:\Program Files\Git\usr\bin;C:\Program Files\Git\usr\bin;C:\Program Files\Git\mingw64\bin;C:\Program Files\Git\usr\bin;C:\Users\ricok\bin;C:\WINDOWS\system32;C:\WINDOWS;C:\WINDOWS\System32\Wbem;C:\WINDOWS\System32\WindowsPowerShell\v1.0;C:\WINDOWS\System32\OpenSSH;C:\Program Files\Git\cmd;C:\Program Files\nodejs;C:\Gradle\gradle-7.0\bin;C:\Gradle\gradle-6.8.3\bin;C:\Program Files\Java\jdk-15.0.1\bin;C:\Users\ricok\AppData\Local\Microsoft\WindowsApps;C:\Users\ricok\AppData\Local\Programs\MiKTeX\miktex\bin\x64;C:\Program Files\JetBrains\IntelliJ IDEA 2020.2\bin;C:\Users\ricok\AppData\Roaming\npm;C:\Users\ricok\kotlin\dist\kotlinc\bin;C:\Program Files\Git\usr\bin\vendor_perl;C:\Program Files\Git\usr\bin\core_perl
USERNAME=ricok
SHELL=C:\Program Files\Git\usr\bin\bash.exe
DISPLAY=needs-to-be-defined
LANG=de_DE.UTF-8
OS=Windows_NT
PROCESSOR_IDENTIFIER=Intel64 Family 6 Model 142 Stepping 12, GenuineIntel



---------------  S Y S T E M  ---------------

OS:
 Windows 10 , 64 bit Build 19041 (10.0.19041.928)
OS uptime: 0 days 1:59 hours

CPU: total 8 (initial active 8) (4 cores per cpu, 2 threads per core) family 6 model 142 stepping 12 microcode 0xde, cmov, cx8, fxsr, mmx, sse, sse2, sse3, ssse3, sse4.1, sse4.2, popcnt, vzeroupper, avx, avx2, aes, clmul, erms, 3dnowpref, lzcnt, ht, tsc, tscinvbit, bmi1, bmi2, adx, fma, clflush, clflushopt

Memory: 4k page, system-wide physical 7998M (409M free)
TotalPageFile size 32574M (AvailPageFile size 199M)
current process WorkingSet (physical memory assigned to process): 298M, peak: 298M
current process commit charge ("private bytes"): 347M, peak: 564M

vm_info: OpenJDK 64-Bit Server VM (15.0.1+9-18) for windows-amd64 JRE (15.0.1+9-18), built on Sep 15 2020 14:39:31 by "mach5one" with unknown MS VC++:1925

END.
