#
# There is insufficient memory for the Java Runtime Environment to continue.
# Native memory allocation (mmap) failed to map 156237824 bytes for G1 virtual space
# Possible reasons:
#   The system is out of physical RAM or swap space
#   The process is running with CompressedOops enabled, and the Java Heap may be blocking the growth of the native heap
# Possible solutions:
#   Reduce memory load on the system
#   Increase physical memory or swap space
#   Check if swap backing store is full
#   Decrease Java heap size (-Xmx/-Xms)
#   Decrease number of Java threads
#   Decrease Java thread stack sizes (-Xss)
#   Set larger code cache with -XX:ReservedCodeCacheSize=
#   JVM is running with Unscaled Compressed Oops mode in which the Java heap is
#     placed in the first 4GB address space. The Java Heap base address is the
#     maximum limit for the native heap growth. Please use -XX:HeapBaseMinAddress
#     to set the Java Heap base and to place the Java Heap above 4GB virtual address.
# This output file may be truncated or incomplete.
#
#  Out of Memory Error (./open/src/hotspot/os/windows/os_windows.cpp:3472), pid=16080, tid=2788
#
# JRE version: OpenJDK Runtime Environment (15.0.1+9) (build 15.0.1+9-18)
# Java VM: OpenJDK 64-Bit Server VM (15.0.1+9-18, mixed mode, sharing, tiered, compressed oops, g1 gc, windows-amd64)
# No core dump will be written. Minidumps are not enabled by default on client versions of Windows
#

---------------  S U M M A R Y ------------

Command Line: org.jetbrains.kotlin.cli.js.dce.K2JSDce @C:\Users\ricok\Desktop\Masterarbeit\luposdate3000\src\luposdate3000_optimizer_distributed_query\build\20210614_17837461437981785726.compiler.options

Host: Intel(R) Core(TM) i5-8265U CPU @ 1.60GHz, 8 cores, 7G,  Windows 10 , 64 bit Build 19041 (10.0.19041.1023)
Time: Mon Jun 14 11:47:20 2021 Mitteleuropäische Sommerzeit elapsed time: 5.129130 seconds (0d 0h 0m 5s)

---------------  T H R E A D  ---------------

Current thread (0x0000022dfc8c7130):  VMThread "VM Thread" [stack: 0x000000f111000000,0x000000f111100000] [id=2788]

Stack: [0x000000f111000000,0x000000f111100000]
[error occurred during error reporting (printing stack bounds), id 0xc0000005, EXCEPTION_ACCESS_VIOLATION (0xc0000005) at pc=0x0000022de61410ad]

Native frames: (J=compiled Java code, j=interpreted, Vv=VM code, C=native code)
V  [jvm.dll+0x62ae9a]
V  [jvm.dll+0x781389]
V  [jvm.dll+0x782ae3]
V  [jvm.dll+0x7830a5]
V  [jvm.dll+0x78305b]
V  [jvm.dll+0x62a2b9]
V  [jvm.dll+0x62aa88]
C  [ntdll.dll+0xa217f]
C  [ntdll.dll+0x51454]
C  [ntdll.dll+0xa0cae]
C  0x0000022de61410ad

VM_Operation (0x000000f1109fe410): G1CollectForAllocation, mode: safepoint, requested by thread 0x0000022dddf14a70


---------------  P R O C E S S  ---------------

Threads class SMR info:
_java_thread_list=0x0000022dfd99c960, length=13, elements={
0x0000022dddf14a70, 0x0000022dfc8cf300, 0x0000022dfc8cfde0, 0x0000022dfc8e3c00,
0x0000022dfc8e64d0, 0x0000022dfc8e6e90, 0x0000022dfc8e7c30, 0x0000022dfc8f2ef0,
0x0000022dfc93e010, 0x0000022dfd34c4a0, 0x0000022dfd359c90, 0x0000022dfd4b7130,
0x0000022dfd99beb0
}

Java Threads: ( => current thread )
  0x0000022dddf14a70 JavaThread "main" [_thread_blocked, id=14688, stack(0x000000f110900000,0x000000f110a00000)]
  0x0000022dfc8cf300 JavaThread "Reference Handler" daemon [_thread_blocked, id=14736, stack(0x000000f111100000,0x000000f111200000)]
  0x0000022dfc8cfde0 JavaThread "Finalizer" daemon [_thread_blocked, id=10528, stack(0x000000f111200000,0x000000f111300000)]
  0x0000022dfc8e3c00 JavaThread "Signal Dispatcher" daemon [_thread_blocked, id=3516, stack(0x000000f111300000,0x000000f111400000)]
  0x0000022dfc8e64d0 JavaThread "Attach Listener" daemon [_thread_blocked, id=2460, stack(0x000000f111400000,0x000000f111500000)]
  0x0000022dfc8e6e90 JavaThread "Service Thread" daemon [_thread_blocked, id=5676, stack(0x000000f111500000,0x000000f111600000)]
  0x0000022dfc8e7c30 JavaThread "C2 CompilerThread0" daemon [_thread_in_native, id=3344, stack(0x000000f111600000,0x000000f111700000)]
  0x0000022dfc8f2ef0 JavaThread "C1 CompilerThread0" daemon [_thread_blocked, id=6860, stack(0x000000f111700000,0x000000f111800000)]
  0x0000022dfc93e010 JavaThread "Sweeper thread" daemon [_thread_blocked, id=7640, stack(0x000000f111800000,0x000000f111900000)]
  0x0000022dfd34c4a0 JavaThread "Notification Thread" daemon [_thread_blocked, id=7512, stack(0x000000f111900000,0x000000f111a00000)]
  0x0000022dfd359c90 JavaThread "Common-Cleaner" daemon [_thread_blocked, id=7208, stack(0x000000f111b00000,0x000000f111c00000)]
  0x0000022dfd4b7130 JavaThread "C2 CompilerThread1" daemon [_thread_in_native, id=4164, stack(0x000000f111e00000,0x000000f111f00000)]
  0x0000022dfd99beb0 JavaThread "C2 CompilerThread2" daemon [_thread_blocked, id=8804, stack(0x000000f111f00000,0x000000f112000000)]

Other Threads:
=>0x0000022dfc8c7130 VMThread "VM Thread" [stack: 0x000000f111000000,0x000000f111100000] [id=2788]
  0x0000022dfd350980 WatcherThread [stack: 0x000000f111a00000,0x000000f111b00000] [id=11608]
  0x0000022dddf55480 GCTaskThread "GC Thread#0" [stack: 0x000000f110b00000,0x000000f110c00000] [id=12468]
  0x0000022dfd4024b0 GCTaskThread "GC Thread#1" [stack: 0x000000f111c00000,0x000000f111d00000] [id=9424]
  0x0000022dfd404e20 GCTaskThread "GC Thread#2" [stack: 0x000000f111d00000,0x000000f111e00000] [id=14152]
  0x0000022dfd403b00 GCTaskThread "GC Thread#3" [stack: 0x000000f112300000,0x000000f112400000] [id=11796]
  0x0000022dddf65ee0 ConcurrentGCThread "G1 Main Marker" [stack: 0x000000f110c00000,0x000000f110d00000] [id=10100]
  0x0000022dddf679f0 ConcurrentGCThread "G1 Conc#0" [stack: 0x000000f110d00000,0x000000f110e00000] [id=8000]
  0x0000022dfd4037d0 ConcurrentGCThread "G1 Conc#1" [stack: 0x0000000000000000,0x0000000000000000] [id=8368]
  0x0000022dddfecef0 ConcurrentGCThread "G1 Refine#0" [stack: 0x000000f110e00000,0x000000f110f00000] [id=9516]
  0x0000022dfdd42710 ConcurrentGCThread "G1 Refine#1" [stack: 0x000000f112000000,0x000000f112100000] [id=8628]
  0x0000022dff152730 ConcurrentGCThread "G1 Refine#2" [stack: 0x000000f112100000,0x000000f112200000] [id=11764]
  0x0000022d82f6ec70 ConcurrentGCThread "G1 Refine#3" [stack: 0x000000f112200000,0x000000f112300000] [id=8372]
  0x0000022d825f3670 ConcurrentGCThread "G1 Refine#4" [stack: 0x000000f112400000,0x000000f112500000] [id=4148]
  0x0000022dddfeda00 ConcurrentGCThread "G1 Young RemSet Sampling" [stack: 0x000000f110f00000,0x000000f111000000] [id=2164]

Threads with active compile tasks:
C2 CompilerThread0     5151 1562       4       org.jetbrains.kotlin.com.google.gwt.dev.js.rhino.Parser::statementHelper (1569 bytes)
C2 CompilerThread1     5151 1548       4       org.jetbrains.kotlin.com.google.gwt.dev.js.rhino.Parser::relExpr (78 bytes)
C2 CompilerThread2     5151 1632   !   4       org.jetbrains.kotlin.com.google.gwt.dev.js.rhino.TokenStream::getTokenHelper (2586 bytes)

VM state: at safepoint (normal execution)

VM Mutex/Monitor currently owned by a thread:  ([mutex/lock_event])
[0x0000022dddf11230] Threads_lock - owner thread: 0x0000022dfc8c7130
[0x0000022dddf10930] Heap_lock - owner thread: 0x0000022dddf14a70

Heap address: 0x0000000083000000, size: 2000 MB, Compressed Oops mode: 32-bit
CDS archive(s) mapped at: [0x0000000800000000-0x0000000800b50000-0x0000000800b50000), size 11862016, SharedBaseAddress: 0x0000000800000000, ArchiveRelocationMode: 0.
Compressed class space mapped at: 0x0000000800b50000-0x0000000840b50000, size: 1073741824
Narrow klass base: 0x0000000800000000, Narrow klass shift: 3, Narrow klass range: 0x100000000

GC Precious Log:
 CPUs: 8 total, 8 available
 Memory: 7998M
 Large Page Support: Disabled
 NUMA Support: Disabled
 Compressed Oops: Enabled (32-bit)
 Heap Region Size: 1M
 Heap Min Capacity: 8M
 Heap Initial Capacity: 126M
 Heap Max Capacity: 2000M
 Pre-touch: Disabled
 Parallel Workers: 8
 Concurrent Workers: 2
 Concurrent Refinement Workers: 8
 Periodic GC: Disabled

Heap:
 garbage-first heap   total 360448K, used 144896K [0x0000000083000000, 0x0000000100000000)
  region size 1024K, 5 young (5120K), 5 survivors (5120K)
 Metaspace       used 9620K, capacity 12664K, committed 12800K, reserved 1060864K
  class space    used 974K, capacity 1260K, committed 1280K, reserved 1048576K

Heap Regions: E=young(eden), S=young(survivor), O=old, HS=humongous(starts), HC=humongous(continues), CS=collection set, F=free, OA=open archive, CA=closed archive, TAMS=top-at-mark-start (previous, next)
|   0|0x0000000083000000, 0x0000000083100000, 0x0000000083100000|100%|HS|  |TAMS 0x0000000083000000, 0x0000000083100000| Complete 
|   1|0x0000000083100000, 0x0000000083200000, 0x0000000083200000|100%|HC|  |TAMS 0x0000000083100000, 0x0000000083200000| Complete 
|   2|0x0000000083200000, 0x0000000083300000, 0x0000000083300000|100%|HC|  |TAMS 0x0000000083200000, 0x0000000083300000| Complete 
|   3|0x0000000083300000, 0x0000000083400000, 0x0000000083400000|100%| O|  |TAMS 0x0000000083300000, 0x0000000083400000| Untracked 
|   4|0x0000000083400000, 0x0000000083500000, 0x0000000083500000|100%| O|  |TAMS 0x0000000083400000, 0x0000000083500000| Untracked 
|   5|0x0000000083500000, 0x0000000083600000, 0x0000000083600000|100%| O|  |TAMS 0x0000000083500000, 0x0000000083600000| Untracked 
|   6|0x0000000083600000, 0x0000000083700000, 0x0000000083700000|100%| O|  |TAMS 0x0000000083600000, 0x0000000083700000| Untracked 
|   7|0x0000000083700000, 0x0000000083800000, 0x0000000083800000|100%| O|  |TAMS 0x0000000083700000, 0x0000000083800000| Untracked 
|   8|0x0000000083800000, 0x0000000083900000, 0x0000000083900000|100%| O|  |TAMS 0x0000000083800000, 0x0000000083900000| Untracked 
|   9|0x0000000083900000, 0x0000000083a00000, 0x0000000083a00000|100%| O|  |TAMS 0x0000000083900000, 0x0000000083a00000| Untracked 
|  10|0x0000000083a00000, 0x0000000083b00000, 0x0000000083b00000|100%| O|  |TAMS 0x0000000083a00000, 0x0000000083b00000| Untracked 
|  11|0x0000000083b00000, 0x0000000083c00000, 0x0000000083c00000|100%| O|  |TAMS 0x0000000083b00000, 0x0000000083c00000| Untracked 
|  12|0x0000000083c00000, 0x0000000083d00000, 0x0000000083d00000|100%| O|  |TAMS 0x0000000083c00000, 0x0000000083d00000| Untracked 
|  13|0x0000000083d00000, 0x0000000083e00000, 0x0000000083e00000|100%| O|  |TAMS 0x0000000083d00000, 0x0000000083e00000| Untracked 
|  14|0x0000000083e00000, 0x0000000083f00000, 0x0000000083f00000|100%| O|  |TAMS 0x0000000083e00000, 0x0000000083f00000| Untracked 
|  15|0x0000000083f00000, 0x0000000084000000, 0x0000000084000000|100%|HS|  |TAMS 0x0000000083f00000, 0x0000000084000000| Complete 
|  16|0x0000000084000000, 0x0000000084100000, 0x0000000084100000|100%| O|  |TAMS 0x0000000084000000, 0x0000000084100000| Untracked 
|  17|0x0000000084100000, 0x0000000084200000, 0x0000000084200000|100%| O|  |TAMS 0x0000000084100000, 0x0000000084200000| Untracked 
|  18|0x0000000084200000, 0x0000000084300000, 0x0000000084300000|100%| O|  |TAMS 0x0000000084200000, 0x0000000084300000| Untracked 
|  19|0x0000000084300000, 0x0000000084400000, 0x0000000084400000|100%| O|  |TAMS 0x0000000084300000, 0x0000000084400000| Untracked 
|  20|0x0000000084400000, 0x0000000084500000, 0x0000000084500000|100%| O|  |TAMS 0x0000000084400000, 0x0000000084500000| Untracked 
|  21|0x0000000084500000, 0x0000000084600000, 0x0000000084600000|100%| O|  |TAMS 0x0000000084500000, 0x0000000084600000| Untracked 
|  22|0x0000000084600000, 0x0000000084700000, 0x0000000084700000|100%| O|  |TAMS 0x0000000084600000, 0x0000000084700000| Untracked 
|  23|0x0000000084700000, 0x0000000084800000, 0x0000000084800000|100%| O|  |TAMS 0x0000000084700000, 0x0000000084800000| Untracked 
|  24|0x0000000084800000, 0x0000000084900000, 0x0000000084900000|100%| O|  |TAMS 0x0000000084800000, 0x0000000084900000| Untracked 
|  25|0x0000000084900000, 0x0000000084a00000, 0x0000000084a00000|100%| O|  |TAMS 0x0000000084900000, 0x0000000084a00000| Untracked 
|  26|0x0000000084a00000, 0x0000000084b00000, 0x0000000084b00000|100%| O|  |TAMS 0x0000000084a00000, 0x0000000084b00000| Untracked 
|  27|0x0000000084b00000, 0x0000000084c00000, 0x0000000084c00000|100%| O|  |TAMS 0x0000000084b00000, 0x0000000084c00000| Untracked 
|  28|0x0000000084c00000, 0x0000000084d00000, 0x0000000084d00000|100%| O|  |TAMS 0x0000000084c00000, 0x0000000084d00000| Untracked 
|  29|0x0000000084d00000, 0x0000000084e00000, 0x0000000084e00000|100%| O|  |TAMS 0x0000000084d00000, 0x0000000084e00000| Untracked 
|  30|0x0000000084e00000, 0x0000000084f00000, 0x0000000084f00000|100%| O|  |TAMS 0x0000000084e00000, 0x0000000084f00000| Untracked 
|  31|0x0000000084f00000, 0x0000000085000000, 0x0000000085000000|100%| O|  |TAMS 0x0000000084f00000, 0x0000000085000000| Untracked 
|  32|0x0000000085000000, 0x0000000085100000, 0x0000000085100000|100%| O|  |TAMS 0x0000000085000000, 0x0000000085100000| Untracked 
|  33|0x0000000085100000, 0x0000000085200000, 0x0000000085200000|100%| O|  |TAMS 0x0000000085100000, 0x0000000085200000| Untracked 
|  34|0x0000000085200000, 0x0000000085300000, 0x0000000085300000|100%| O|  |TAMS 0x0000000085200000, 0x0000000085300000| Untracked 
|  35|0x0000000085300000, 0x0000000085400000, 0x0000000085400000|100%| O|  |TAMS 0x0000000085300000, 0x0000000085400000| Untracked 
|  36|0x0000000085400000, 0x0000000085500000, 0x0000000085500000|100%| O|  |TAMS 0x0000000085400000, 0x0000000085500000| Untracked 
|  37|0x0000000085500000, 0x0000000085600000, 0x0000000085600000|100%| O|  |TAMS 0x0000000085500000, 0x0000000085600000| Untracked 
|  38|0x0000000085600000, 0x0000000085700000, 0x0000000085700000|100%| O|  |TAMS 0x0000000085600000, 0x0000000085700000| Untracked 
|  39|0x0000000085700000, 0x0000000085800000, 0x0000000085800000|100%| O|  |TAMS 0x0000000085700000, 0x0000000085700000| Untracked 
|  40|0x0000000085800000, 0x0000000085900000, 0x0000000085900000|100%| O|  |TAMS 0x0000000085800000, 0x0000000085800000| Untracked 
|  41|0x0000000085900000, 0x0000000085a00000, 0x0000000085a00000|100%| O|  |TAMS 0x0000000085900000, 0x0000000085900000| Untracked 
|  42|0x0000000085a00000, 0x0000000085b00000, 0x0000000085b00000|100%| O|  |TAMS 0x0000000085a00000, 0x0000000085a00000| Untracked 
|  43|0x0000000085b00000, 0x0000000085c00000, 0x0000000085c00000|100%| O|  |TAMS 0x0000000085b00000, 0x0000000085c00000| Untracked 
|  44|0x0000000085c00000, 0x0000000085d00000, 0x0000000085d00000|100%| O|  |TAMS 0x0000000085c00000, 0x0000000085d00000| Untracked 
|  45|0x0000000085d00000, 0x0000000085e00000, 0x0000000085e00000|100%| O|  |TAMS 0x0000000085d00000, 0x0000000085e00000| Untracked 
|  46|0x0000000085e00000, 0x0000000085f00000, 0x0000000085f00000|100%| O|  |TAMS 0x0000000085e00000, 0x0000000085f00000| Untracked 
|  47|0x0000000085f00000, 0x0000000086000000, 0x0000000086000000|100%| O|  |TAMS 0x0000000085f00000, 0x0000000086000000| Untracked 
|  48|0x0000000086000000, 0x0000000086100000, 0x0000000086100000|100%| O|  |TAMS 0x0000000086000000, 0x0000000086100000| Untracked 
|  49|0x0000000086100000, 0x0000000086200000, 0x0000000086200000|100%| O|  |TAMS 0x0000000086100000, 0x0000000086200000| Untracked 
|  50|0x0000000086200000, 0x0000000086300000, 0x0000000086300000|100%| O|  |TAMS 0x0000000086200000, 0x0000000086300000| Untracked 
|  51|0x0000000086300000, 0x0000000086400000, 0x0000000086400000|100%| O|  |TAMS 0x0000000086300000, 0x0000000086400000| Untracked 
|  52|0x0000000086400000, 0x0000000086500000, 0x0000000086500000|100%| O|  |TAMS 0x0000000086400000, 0x0000000086500000| Untracked 
|  53|0x0000000086500000, 0x0000000086600000, 0x0000000086600000|100%| O|  |TAMS 0x0000000086500000, 0x0000000086600000| Untracked 
|  54|0x0000000086600000, 0x0000000086700000, 0x0000000086700000|100%| O|  |TAMS 0x0000000086600000, 0x0000000086700000| Untracked 
|  55|0x0000000086700000, 0x0000000086800000, 0x0000000086800000|100%| O|  |TAMS 0x0000000086700000, 0x0000000086800000| Untracked 
|  56|0x0000000086800000, 0x0000000086900000, 0x0000000086900000|100%| O|  |TAMS 0x0000000086800000, 0x0000000086900000| Untracked 
|  57|0x0000000086900000, 0x0000000086a00000, 0x0000000086a00000|100%| O|  |TAMS 0x0000000086900000, 0x0000000086a00000| Untracked 
|  58|0x0000000086a00000, 0x0000000086b00000, 0x0000000086b00000|100%| O|  |TAMS 0x0000000086a00000, 0x0000000086b00000| Untracked 
|  59|0x0000000086b00000, 0x0000000086c00000, 0x0000000086c00000|100%| O|  |TAMS 0x0000000086b00000, 0x0000000086c00000| Untracked 
|  60|0x0000000086c00000, 0x0000000086d00000, 0x0000000086d00000|100%| O|  |TAMS 0x0000000086c00000, 0x0000000086c00000| Untracked 
|  61|0x0000000086d00000, 0x0000000086e00000, 0x0000000086e00000|100%| O|  |TAMS 0x0000000086d00000, 0x0000000086d00000| Untracked 
|  62|0x0000000086e00000, 0x0000000086f00000, 0x0000000086f00000|100%| O|  |TAMS 0x0000000086e00000, 0x0000000086e00000| Untracked 
|  63|0x0000000086f00000, 0x0000000087000000, 0x0000000087000000|100%|HS|  |TAMS 0x0000000086f00000, 0x0000000087000000| Complete 
|  64|0x0000000087000000, 0x0000000087100000, 0x0000000087100000|100%|HC|  |TAMS 0x0000000087000000, 0x0000000087100000| Complete 
|  65|0x0000000087100000, 0x0000000087200000, 0x0000000087200000|100%| O|  |TAMS 0x0000000087100000, 0x0000000087200000| Untracked 
|  66|0x0000000087200000, 0x0000000087300000, 0x0000000087300000|100%| O|  |TAMS 0x0000000087200000, 0x0000000087200000| Untracked 
|  67|0x0000000087300000, 0x0000000087400000, 0x0000000087400000|100%| O|  |TAMS 0x0000000087300000, 0x0000000087300000| Untracked 
|  68|0x0000000087400000, 0x0000000087500000, 0x0000000087500000|100%| O|  |TAMS 0x0000000087400000, 0x0000000087500000| Untracked 
|  69|0x0000000087500000, 0x0000000087600000, 0x0000000087600000|100%| O|  |TAMS 0x0000000087500000, 0x0000000087600000| Untracked 
|  70|0x0000000087600000, 0x0000000087700000, 0x0000000087700000|100%| O|  |TAMS 0x0000000087600000, 0x0000000087700000| Untracked 
|  71|0x0000000087700000, 0x0000000087800000, 0x0000000087800000|100%|HS|  |TAMS 0x0000000087700000, 0x0000000087800000| Complete 
|  72|0x0000000087800000, 0x0000000087900000, 0x0000000087900000|100%| O|  |TAMS 0x0000000087800000, 0x0000000087900000| Untracked 
|  73|0x0000000087900000, 0x0000000087a00000, 0x0000000087a00000|100%| O|  |TAMS 0x0000000087900000, 0x0000000087a00000| Untracked 
|  74|0x0000000087a00000, 0x0000000087b00000, 0x0000000087b00000|100%| O|  |TAMS 0x0000000087a00000, 0x0000000087b00000| Untracked 
|  75|0x0000000087b00000, 0x0000000087c00000, 0x0000000087c00000|100%| O|  |TAMS 0x0000000087b00000, 0x0000000087c00000| Untracked 
|  76|0x0000000087c00000, 0x0000000087d00000, 0x0000000087d00000|100%| O|  |TAMS 0x0000000087c00000, 0x0000000087d00000| Untracked 
|  77|0x0000000087d00000, 0x0000000087e00000, 0x0000000087e00000|100%| O|  |TAMS 0x0000000087d00000, 0x0000000087e00000| Untracked 
|  78|0x0000000087e00000, 0x0000000087f00000, 0x0000000087f00000|100%| O|  |TAMS 0x0000000087e00000, 0x0000000087f00000| Untracked 
|  79|0x0000000087f00000, 0x0000000088000000, 0x0000000088000000|100%| O|  |TAMS 0x0000000087f00000, 0x0000000088000000| Untracked 
|  80|0x0000000088000000, 0x0000000088100000, 0x0000000088100000|100%| O|  |TAMS 0x0000000088000000, 0x0000000088100000| Untracked 
|  81|0x0000000088100000, 0x0000000088200000, 0x0000000088200000|100%| O|  |TAMS 0x0000000088100000, 0x0000000088200000| Untracked 
|  82|0x0000000088200000, 0x0000000088300000, 0x0000000088300000|100%| O|  |TAMS 0x0000000088200000, 0x0000000088300000| Untracked 
|  83|0x0000000088300000, 0x0000000088400000, 0x0000000088400000|100%| O|  |TAMS 0x0000000088300000, 0x0000000088400000| Untracked 
|  84|0x0000000088400000, 0x0000000088500000, 0x0000000088500000|100%| O|  |TAMS 0x0000000088400000, 0x0000000088500000| Untracked 
|  85|0x0000000088500000, 0x0000000088600000, 0x0000000088600000|100%| O|  |TAMS 0x0000000088500000, 0x0000000088600000| Untracked 
|  86|0x0000000088600000, 0x0000000088700000, 0x0000000088700000|100%| O|  |TAMS 0x0000000088600000, 0x0000000088700000| Untracked 
|  87|0x0000000088700000, 0x0000000088800000, 0x0000000088800000|100%| O|  |TAMS 0x0000000088700000, 0x0000000088800000| Untracked 
|  88|0x0000000088800000, 0x0000000088900000, 0x0000000088900000|100%| O|  |TAMS 0x0000000088800000, 0x0000000088900000| Untracked 
|  89|0x0000000088900000, 0x0000000088a00000, 0x0000000088a00000|100%| O|  |TAMS 0x0000000088900000, 0x0000000088a00000| Untracked 
|  90|0x0000000088a00000, 0x0000000088b00000, 0x0000000088b00000|100%| O|  |TAMS 0x0000000088a00000, 0x0000000088b00000| Untracked 
|  91|0x0000000088b00000, 0x0000000088c00000, 0x0000000088c00000|100%| O|  |TAMS 0x0000000088b00000, 0x0000000088c00000| Untracked 
|  92|0x0000000088c00000, 0x0000000088d00000, 0x0000000088d00000|100%| O|  |TAMS 0x0000000088c00000, 0x0000000088d00000| Untracked 
|  93|0x0000000088d00000, 0x0000000088e00000, 0x0000000088e00000|100%| O|  |TAMS 0x0000000088d00000, 0x0000000088e00000| Untracked 
|  94|0x0000000088e00000, 0x0000000088f00000, 0x0000000088f00000|100%| O|  |TAMS 0x0000000088e00000, 0x0000000088f00000| Untracked 
|  95|0x0000000088f00000, 0x0000000089000000, 0x0000000089000000|100%| O|  |TAMS 0x0000000088f00000, 0x0000000089000000| Untracked 
|  96|0x0000000089000000, 0x0000000089100000, 0x0000000089100000|100%| O|  |TAMS 0x0000000089000000, 0x0000000089100000| Untracked 
|  97|0x0000000089100000, 0x0000000089200000, 0x0000000089200000|100%| O|  |TAMS 0x0000000089100000, 0x0000000089200000| Untracked 
|  98|0x0000000089200000, 0x0000000089300000, 0x0000000089300000|100%| O|  |TAMS 0x0000000089200000, 0x0000000089300000| Untracked 
|  99|0x0000000089300000, 0x0000000089400000, 0x0000000089400000|100%| O|  |TAMS 0x0000000089300000, 0x0000000089400000| Untracked 
| 100|0x0000000089400000, 0x0000000089500000, 0x0000000089500000|100%| O|  |TAMS 0x0000000089400000, 0x0000000089500000| Untracked 
| 101|0x0000000089500000, 0x0000000089600000, 0x0000000089600000|100%| O|  |TAMS 0x0000000089500000, 0x0000000089580000| Untracked 
| 102|0x0000000089600000, 0x0000000089700000, 0x0000000089700000|100%| O|  |TAMS 0x0000000089600000, 0x0000000089600000| Untracked 
| 103|0x0000000089700000, 0x0000000089800000, 0x0000000089800000|100%| O|  |TAMS 0x0000000089700000, 0x0000000089700000| Untracked 
| 104|0x0000000089800000, 0x0000000089900000, 0x0000000089900000|100%| O|  |TAMS 0x0000000089800000, 0x0000000089800000| Untracked 
| 105|0x0000000089900000, 0x0000000089a00000, 0x0000000089a00000|100%| O|  |TAMS 0x0000000089900000, 0x0000000089900000| Untracked 
| 106|0x0000000089a00000, 0x0000000089b00000, 0x0000000089b00000|100%| O|  |TAMS 0x0000000089a00000, 0x0000000089a00000| Untracked 
| 107|0x0000000089b00000, 0x0000000089c00000, 0x0000000089c00000|100%| O|  |TAMS 0x0000000089b00000, 0x0000000089b00000| Untracked 
| 108|0x0000000089c00000, 0x0000000089d00000, 0x0000000089d00000|100%| O|  |TAMS 0x0000000089c00000, 0x0000000089c00000| Untracked 
| 109|0x0000000089d00000, 0x0000000089e00000, 0x0000000089e00000|100%| O|  |TAMS 0x0000000089d00000, 0x0000000089d00000| Untracked 
| 110|0x0000000089e00000, 0x0000000089f00000, 0x0000000089f00000|100%| O|  |TAMS 0x0000000089e00000, 0x0000000089e00000| Untracked 
| 111|0x0000000089f00000, 0x000000008a000000, 0x000000008a000000|100%| O|  |TAMS 0x0000000089f00000, 0x0000000089f00000| Untracked 
| 112|0x000000008a000000, 0x000000008a100000, 0x000000008a100000|100%| O|  |TAMS 0x000000008a000000, 0x000000008a000000| Untracked 
| 113|0x000000008a100000, 0x000000008a100000, 0x000000008a200000|  0%| F|  |TAMS 0x000000008a100000, 0x000000008a100000| Untracked 
| 114|0x000000008a200000, 0x000000008a200000, 0x000000008a300000|  0%| F|  |TAMS 0x000000008a200000, 0x000000008a200000| Untracked 
| 115|0x000000008a300000, 0x000000008a300000, 0x000000008a400000|  0%| F|  |TAMS 0x000000008a300000, 0x000000008a300000| Untracked 
| 116|0x000000008a400000, 0x000000008a400000, 0x000000008a500000|  0%| F|  |TAMS 0x000000008a400000, 0x000000008a400000| Untracked 
| 117|0x000000008a500000, 0x000000008a500000, 0x000000008a600000|  0%| F|  |TAMS 0x000000008a500000, 0x000000008a500000| Untracked 
| 118|0x000000008a600000, 0x000000008a600000, 0x000000008a700000|  0%| F|  |TAMS 0x000000008a600000, 0x000000008a600000| Untracked 
| 119|0x000000008a700000, 0x000000008a800000, 0x000000008a800000|100%|HS|  |TAMS 0x000000008a700000, 0x000000008a700000| Complete 
| 120|0x000000008a800000, 0x000000008a900000, 0x000000008a900000|100%|HC|  |TAMS 0x000000008a800000, 0x000000008a800000| Complete 
| 121|0x000000008a900000, 0x000000008a900000, 0x000000008aa00000|  0%| F|  |TAMS 0x000000008a900000, 0x000000008a900000| Untracked 
| 122|0x000000008aa00000, 0x000000008aa00000, 0x000000008ab00000|  0%| F|  |TAMS 0x000000008aa00000, 0x000000008aa00000| Untracked 
| 123|0x000000008ab00000, 0x000000008ab00000, 0x000000008ac00000|  0%| F|  |TAMS 0x000000008ab00000, 0x000000008ab00000| Untracked 
| 124|0x000000008ac00000, 0x000000008ad00000, 0x000000008ad00000|100%|HS|  |TAMS 0x000000008ac00000, 0x000000008ac00000| Complete 
| 125|0x000000008ad00000, 0x000000008ad00000, 0x000000008ae00000|  0%| F|  |TAMS 0x000000008ad00000, 0x000000008ad00000| Untracked 
| 126|0x000000008ae00000, 0x000000008af00000, 0x000000008af00000|100%|HS|  |TAMS 0x000000008ae00000, 0x000000008ae00000| Complete 
| 127|0x000000008af00000, 0x000000008b000000, 0x000000008b000000|100%| O|  |TAMS 0x000000008af00000, 0x000000008af00000| Untracked 
| 128|0x000000008b000000, 0x000000008b100000, 0x000000008b100000|100%| O|  |TAMS 0x000000008b000000, 0x000000008b000000| Untracked 
| 129|0x000000008b100000, 0x000000008b200000, 0x000000008b200000|100%| O|  |TAMS 0x000000008b100000, 0x000000008b100000| Untracked 
| 130|0x000000008b200000, 0x000000008b300000, 0x000000008b300000|100%| O|  |TAMS 0x000000008b200000, 0x000000008b200000| Untracked 
| 131|0x000000008b300000, 0x000000008b400000, 0x000000008b400000|100%| O|  |TAMS 0x000000008b300000, 0x000000008b300000| Untracked 
| 132|0x000000008b400000, 0x000000008b500000, 0x000000008b500000|100%| O|  |TAMS 0x000000008b400000, 0x000000008b400000| Untracked 
| 133|0x000000008b500000, 0x000000008b600000, 0x000000008b600000|100%| O|  |TAMS 0x000000008b500000, 0x000000008b500000| Untracked 
| 134|0x000000008b600000, 0x000000008b700000, 0x000000008b700000|100%| O|  |TAMS 0x000000008b600000, 0x000000008b600000| Untracked 
| 135|0x000000008b700000, 0x000000008b800000, 0x000000008b800000|100%| O|  |TAMS 0x000000008b700000, 0x000000008b700000| Untracked 
| 136|0x000000008b800000, 0x000000008b900000, 0x000000008b900000|100%| O|  |TAMS 0x000000008b800000, 0x000000008b800000| Untracked 
| 137|0x000000008b900000, 0x000000008ba00000, 0x000000008ba00000|100%| O|  |TAMS 0x000000008b900000, 0x000000008b900000| Untracked 
| 138|0x000000008ba00000, 0x000000008bb00000, 0x000000008bb00000|100%| O|  |TAMS 0x000000008ba00000, 0x000000008ba00000| Untracked 
| 139|0x000000008bb00000, 0x000000008bc00000, 0x000000008bc00000|100%| O|  |TAMS 0x000000008bb00000, 0x000000008bb00000| Untracked 
| 140|0x000000008bc00000, 0x000000008bd00000, 0x000000008bd00000|100%| O|  |TAMS 0x000000008bc00000, 0x000000008bc00000| Untracked 
| 141|0x000000008bd00000, 0x000000008be00000, 0x000000008be00000|100%| O|  |TAMS 0x000000008bd00000, 0x000000008bd00000| Untracked 
| 142|0x000000008be00000, 0x000000008bf00000, 0x000000008bf00000|100%| O|  |TAMS 0x000000008be00000, 0x000000008be00000| Untracked 
| 143|0x000000008bf00000, 0x000000008c000000, 0x000000008c000000|100%| O|  |TAMS 0x000000008bf00000, 0x000000008bf00000| Untracked 
| 144|0x000000008c000000, 0x000000008c100000, 0x000000008c100000|100%| O|  |TAMS 0x000000008c000000, 0x000000008c000000| Untracked 
| 145|0x000000008c100000, 0x000000008c200000, 0x000000008c200000|100%| O|  |TAMS 0x000000008c100000, 0x000000008c100000| Untracked 
| 146|0x000000008c200000, 0x000000008c280000, 0x000000008c300000| 50%| O|  |TAMS 0x000000008c200000, 0x000000008c200000| Untracked 
| 147|0x000000008c300000, 0x000000008c300000, 0x000000008c400000|  0%| F|  |TAMS 0x000000008c300000, 0x000000008c300000| Untracked 
| 148|0x000000008c400000, 0x000000008c400000, 0x000000008c500000|  0%| F|  |TAMS 0x000000008c400000, 0x000000008c400000| Untracked 
| 149|0x000000008c500000, 0x000000008c500000, 0x000000008c600000|  0%| F|  |TAMS 0x000000008c500000, 0x000000008c500000| Untracked 
| 150|0x000000008c600000, 0x000000008c600000, 0x000000008c700000|  0%| F|  |TAMS 0x000000008c600000, 0x000000008c600000| Untracked 
| 151|0x000000008c700000, 0x000000008c700000, 0x000000008c800000|  0%| F|  |TAMS 0x000000008c700000, 0x000000008c700000| Untracked 
| 152|0x000000008c800000, 0x000000008c800000, 0x000000008c900000|  0%| F|  |TAMS 0x000000008c800000, 0x000000008c800000| Untracked 
| 153|0x000000008c900000, 0x000000008c900000, 0x000000008ca00000|  0%| F|  |TAMS 0x000000008c900000, 0x000000008c900000| Untracked 
| 154|0x000000008ca00000, 0x000000008ca00000, 0x000000008cb00000|  0%| F|  |TAMS 0x000000008ca00000, 0x000000008ca00000| Untracked 
| 155|0x000000008cb00000, 0x000000008cb00000, 0x000000008cc00000|  0%| F|  |TAMS 0x000000008cb00000, 0x000000008cb00000| Untracked 
| 156|0x000000008cc00000, 0x000000008cc00000, 0x000000008cd00000|  0%| F|  |TAMS 0x000000008cc00000, 0x000000008cc00000| Untracked 
| 157|0x000000008cd00000, 0x000000008cd00000, 0x000000008ce00000|  0%| F|  |TAMS 0x000000008cd00000, 0x000000008cd00000| Untracked 
| 158|0x000000008ce00000, 0x000000008ce00000, 0x000000008cf00000|  0%| F|  |TAMS 0x000000008ce00000, 0x000000008ce00000| Untracked 
| 159|0x000000008cf00000, 0x000000008cf00000, 0x000000008d000000|  0%| F|  |TAMS 0x000000008cf00000, 0x000000008cf00000| Untracked 
| 160|0x000000008d000000, 0x000000008d000000, 0x000000008d100000|  0%| F|  |TAMS 0x000000008d000000, 0x000000008d000000| Untracked 
| 161|0x000000008d100000, 0x000000008d100000, 0x000000008d200000|  0%| F|  |TAMS 0x000000008d100000, 0x000000008d100000| Untracked 
| 162|0x000000008d200000, 0x000000008d200000, 0x000000008d300000|  0%| F|  |TAMS 0x000000008d200000, 0x000000008d200000| Untracked 
| 163|0x000000008d300000, 0x000000008d300000, 0x000000008d400000|  0%| F|  |TAMS 0x000000008d300000, 0x000000008d300000| Untracked 
| 164|0x000000008d400000, 0x000000008d400000, 0x000000008d500000|  0%| F|  |TAMS 0x000000008d400000, 0x000000008d400000| Untracked 
| 165|0x000000008d500000, 0x000000008d500000, 0x000000008d600000|  0%| F|  |TAMS 0x000000008d500000, 0x000000008d500000| Untracked 
| 166|0x000000008d600000, 0x000000008d600000, 0x000000008d700000|  0%| F|  |TAMS 0x000000008d600000, 0x000000008d600000| Untracked 
| 167|0x000000008d700000, 0x000000008d700000, 0x000000008d800000|  0%| F|  |TAMS 0x000000008d700000, 0x000000008d700000| Untracked 
| 168|0x000000008d800000, 0x000000008d800000, 0x000000008d900000|  0%| F|  |TAMS 0x000000008d800000, 0x000000008d800000| Untracked 
| 169|0x000000008d900000, 0x000000008da00000, 0x000000008da00000|100%| S|CS|TAMS 0x000000008d900000, 0x000000008d900000| Complete 
| 170|0x000000008da00000, 0x000000008db00000, 0x000000008db00000|100%| S|CS|TAMS 0x000000008da00000, 0x000000008da00000| Complete 
| 171|0x000000008db00000, 0x000000008dc00000, 0x000000008dc00000|100%| S|CS|TAMS 0x000000008db00000, 0x000000008db00000| Complete 
| 172|0x000000008dc00000, 0x000000008dd00000, 0x000000008dd00000|100%| S|CS|TAMS 0x000000008dc00000, 0x000000008dc00000| Complete 
| 173|0x000000008dd00000, 0x000000008de00000, 0x000000008de00000|100%| S|CS|TAMS 0x000000008dd00000, 0x000000008dd00000| Complete 
| 174|0x000000008de00000, 0x000000008de00000, 0x000000008df00000|  0%| F|  |TAMS 0x000000008de00000, 0x000000008de00000| Untracked 
| 175|0x000000008df00000, 0x000000008df00000, 0x000000008e000000|  0%| F|  |TAMS 0x000000008df00000, 0x000000008df00000| Untracked 
| 176|0x000000008e000000, 0x000000008e000000, 0x000000008e100000|  0%| F|  |TAMS 0x000000008e000000, 0x000000008e000000| Untracked 
| 177|0x000000008e100000, 0x000000008e100000, 0x000000008e200000|  0%| F|  |TAMS 0x000000008e100000, 0x000000008e100000| Untracked 
| 178|0x000000008e200000, 0x000000008e200000, 0x000000008e300000|  0%| F|  |TAMS 0x000000008e200000, 0x000000008e200000| Untracked 
| 179|0x000000008e300000, 0x000000008e300000, 0x000000008e400000|  0%| F|  |TAMS 0x000000008e300000, 0x000000008e300000| Untracked 
| 180|0x000000008e400000, 0x000000008e400000, 0x000000008e500000|  0%| F|  |TAMS 0x000000008e400000, 0x000000008e400000| Untracked 
| 181|0x000000008e500000, 0x000000008e500000, 0x000000008e600000|  0%| F|  |TAMS 0x000000008e500000, 0x000000008e500000| Untracked 
| 182|0x000000008e600000, 0x000000008e600000, 0x000000008e700000|  0%| F|  |TAMS 0x000000008e600000, 0x000000008e600000| Untracked 
| 183|0x000000008e700000, 0x000000008e700000, 0x000000008e800000|  0%| F|  |TAMS 0x000000008e700000, 0x000000008e700000| Untracked 
| 184|0x000000008e800000, 0x000000008e800000, 0x000000008e900000|  0%| F|  |TAMS 0x000000008e800000, 0x000000008e800000| Untracked 
| 185|0x000000008e900000, 0x000000008e900000, 0x000000008ea00000|  0%| F|  |TAMS 0x000000008e900000, 0x000000008e900000| Untracked 
| 186|0x000000008ea00000, 0x000000008ea00000, 0x000000008eb00000|  0%| F|  |TAMS 0x000000008ea00000, 0x000000008ea00000| Untracked 
| 187|0x000000008eb00000, 0x000000008eb00000, 0x000000008ec00000|  0%| F|  |TAMS 0x000000008eb00000, 0x000000008eb00000| Untracked 
| 188|0x000000008ec00000, 0x000000008ec00000, 0x000000008ed00000|  0%| F|  |TAMS 0x000000008ec00000, 0x000000008ec00000| Untracked 
| 189|0x000000008ed00000, 0x000000008ed00000, 0x000000008ee00000|  0%| F|  |TAMS 0x000000008ed00000, 0x000000008ed00000| Untracked 
| 190|0x000000008ee00000, 0x000000008ee00000, 0x000000008ef00000|  0%| F|  |TAMS 0x000000008ee00000, 0x000000008ee00000| Untracked 
| 191|0x000000008ef00000, 0x000000008ef00000, 0x000000008f000000|  0%| F|  |TAMS 0x000000008ef00000, 0x000000008ef00000| Untracked 
| 192|0x000000008f000000, 0x000000008f000000, 0x000000008f100000|  0%| F|  |TAMS 0x000000008f000000, 0x000000008f000000| Untracked 
| 193|0x000000008f100000, 0x000000008f100000, 0x000000008f200000|  0%| F|  |TAMS 0x000000008f100000, 0x000000008f100000| Untracked 
| 194|0x000000008f200000, 0x000000008f200000, 0x000000008f300000|  0%| F|  |TAMS 0x000000008f200000, 0x000000008f200000| Untracked 
| 195|0x000000008f300000, 0x000000008f300000, 0x000000008f400000|  0%| F|  |TAMS 0x000000008f300000, 0x000000008f300000| Untracked 
| 196|0x000000008f400000, 0x000000008f400000, 0x000000008f500000|  0%| F|  |TAMS 0x000000008f400000, 0x000000008f400000| Untracked 
| 197|0x000000008f500000, 0x000000008f500000, 0x000000008f600000|  0%| F|  |TAMS 0x000000008f500000, 0x000000008f500000| Untracked 
| 198|0x000000008f600000, 0x000000008f600000, 0x000000008f700000|  0%| F|  |TAMS 0x000000008f600000, 0x000000008f600000| Untracked 
| 199|0x000000008f700000, 0x000000008f700000, 0x000000008f800000|  0%| F|  |TAMS 0x000000008f700000, 0x000000008f700000| Untracked 
| 200|0x000000008f800000, 0x000000008f800000, 0x000000008f900000|  0%| F|  |TAMS 0x000000008f800000, 0x000000008f800000| Untracked 
| 201|0x000000008f900000, 0x000000008f900000, 0x000000008fa00000|  0%| F|  |TAMS 0x000000008f900000, 0x000000008f900000| Untracked 
| 202|0x000000008fa00000, 0x000000008fa00000, 0x000000008fb00000|  0%| F|  |TAMS 0x000000008fa00000, 0x000000008fa00000| Untracked 

Card table byte_map: [0x0000022df5860000,0x0000022df5c50000] _byte_map_base: 0x0000022df5448000

Marking Bits (Prev, Next): (CMBitMap*) 0x0000022dddf55b80, (CMBitMap*) 0x0000022dddf55bc0
 Prev Bits: [0x0000022df6040000, 0x0000022df7f80000)
 Next Bits: [0x0000022df7f80000, 0x0000022df9ec0000)

Polling page: 0x0000022ddd6f0000

Metaspace:

Usage:
  Non-class:     11.14 MB capacity,     8.44 MB ( 76%) used,     2.69 MB ( 24%) free+waste,     7.75 KB ( <1%) overhead. 
      Class:      1.23 MB capacity,   974.37 KB ( 77%) used,   283.38 KB ( 22%) free+waste,     2.25 KB ( <1%) overhead. 
       Both:     12.37 MB capacity,     9.40 MB ( 76%) used,     2.96 MB ( 24%) free+waste,    10.00 KB ( <1%) overhead. 

Virtual space:
  Non-class space:       12.00 MB reserved,      11.25 MB ( 94%) committed 
      Class space:        1.00 GB reserved,       1.25 MB ( <1%) committed 
             Both:        1.01 GB reserved,      12.50 MB (  1%) committed 

Chunk freelists:
   Non-Class:  52.00 KB
       Class:  20.00 KB
        Both:  72.00 KB

MaxMetaspaceSize: 17179869184.00 GB
CompressedClassSpaceSize: 1.00 GB

CodeHeap 'non-profiled nmethods': size=120000Kb used=805Kb max_used=805Kb free=119194Kb
 bounds [0x0000022dedc10000, 0x0000022dede80000, 0x0000022df5140000]
CodeHeap 'profiled nmethods': size=120000Kb used=3215Kb max_used=3215Kb free=116784Kb
 bounds [0x0000022de66e0000, 0x0000022de6a10000, 0x0000022dedc10000]
CodeHeap 'non-nmethods': size=5760Kb used=1183Kb max_used=1306Kb free=4576Kb
 bounds [0x0000022de6140000, 0x0000022de63b0000, 0x0000022de66e0000]
 total_blobs=2018 nmethods=1578 adapters=352
 compilation: enabled
              stopped_count=0, restarted_count=0
 full_count=0

Compilation events (20 events):
Event: 4.977 Thread 0x0000022dfc8f2ef0 1657       2       java.lang.AbstractStringBuilder::isLatin1 (19 bytes)
Event: 4.977 Thread 0x0000022dfc8f2ef0 nmethod 1657 0x0000022de69fee90 code [0x0000022de69ff020, 0x0000022de69ff138]
Event: 4.977 Thread 0x0000022dfc8f2ef0 1658       2       java.lang.StringBuilder::append (8 bytes)
Event: 4.978 Thread 0x0000022dfc8f2ef0 nmethod 1658 0x0000022de69ff210 code [0x0000022de69ff3a0, 0x0000022de69ff4c8]
Event: 4.978 Thread 0x0000022dfc8f2ef0 1659       3       org.jetbrains.kotlin.js.parser.sourcemaps.JsonParser::parseString (204 bytes)
Event: 4.979 Thread 0x0000022dfc8f2ef0 nmethod 1659 0x0000022de69ff590 code [0x0000022de69ff8a0, 0x0000022de6a007d8]
Event: 4.979 Thread 0x0000022dfc8f2ef0 1660       2       java.lang.AbstractStringBuilder::append (77 bytes)
Event: 4.980 Thread 0x0000022dfc8f2ef0 nmethod 1660 0x0000022de6a00e10 code [0x0000022de6a00fc0, 0x0000022de6a01248]
Event: 4.980 Thread 0x0000022dfc8f2ef0 1663 %     3       org.jetbrains.kotlin.js.parser.sourcemaps.JsonParser::parseString @ 19 (204 bytes)
Event: 4.982 Thread 0x0000022dfc8f2ef0 nmethod 1663% 0x0000022de6a01410 code [0x0000022de6a01740, 0x0000022de6a02738]
Event: 4.982 Thread 0x0000022dfc8f2ef0 1662       2       java.lang.StringUTF16::putCharsSB (44 bytes)
Event: 4.982 Thread 0x0000022dfc8f2ef0 nmethod 1662 0x0000022de6a02e10 code [0x0000022de6a02fc0, 0x0000022de6a031b8]
Event: 4.982 Thread 0x0000022dfc8f2ef0 1661       2       java.lang.StringUTF16::length (5 bytes)
Event: 4.982 Thread 0x0000022dfc8f2ef0 nmethod 1661 0x0000022de6a03390 code [0x0000022de6a03520, 0x0000022de6a035f8]
Event: 5.030 Thread 0x0000022dfc8f2ef0 1665       2       kotlin.TuplesKt::to (10 bytes)
Event: 5.030 Thread 0x0000022dfc8f2ef0 nmethod 1665 0x0000022de6a03690 code [0x0000022de6a03820, 0x0000022de6a03a18]
Event: 5.030 Thread 0x0000022dfc8f2ef0 1666       2       java.lang.StringBuilder::toString (35 bytes)
Event: 5.031 Thread 0x0000022dfc8f2ef0 nmethod 1666 0x0000022de6a03b10 code [0x0000022de6a03cc0, 0x0000022de6a03e58]
Event: 5.037 Thread 0x0000022dfd99beb0 nmethod 1556 0x0000022dedccc110 code [0x0000022dedccc8a0, 0x0000022dedcd4da8]
Event: 5.037 Thread 0x0000022dfd99beb0 1632   !   4       org.jetbrains.kotlin.com.google.gwt.dev.js.rhino.TokenStream::getTokenHelper (2586 bytes)

GC Heap History (17 events):
Event: 1.890 GC heap before
{Heap before GC invocations=0 (full 0):
 garbage-first heap   total 129024K, used 26624K [0x0000000083000000, 0x0000000100000000)
  region size 1024K, 23 young (23552K), 0 survivors (0K)
 Metaspace       used 6671K, capacity 10002K, committed 10240K, reserved 1058816K
  class space    used 669K, capacity 970K, committed 1024K, reserved 1048576K
}
Event: 1.976 GC heap after
{Heap after GC invocations=1 (full 0):
 garbage-first heap   total 129024K, used 5549K [0x0000000083000000, 0x0000000100000000)
  region size 1024K, 3 young (3072K), 3 survivors (3072K)
 Metaspace       used 6671K, capacity 10002K, committed 10240K, reserved 1058816K
  class space    used 669K, capacity 970K, committed 1024K, reserved 1048576K
}
Event: 2.768 GC heap before
{Heap before GC invocations=1 (full 0):
 garbage-first heap   total 129024K, used 39341K [0x0000000083000000, 0x0000000100000000)
  region size 1024K, 36 young (36864K), 3 survivors (3072K)
 Metaspace       used 9215K, capacity 12344K, committed 12544K, reserved 1060864K
  class space    used 953K, capacity 1260K, committed 1280K, reserved 1048576K
}
Event: 2.792 GC heap after
{Heap after GC invocations=2 (full 0):
 garbage-first heap   total 129024K, used 15658K [0x0000000083000000, 0x0000000100000000)
  region size 1024K, 5 young (5120K), 5 survivors (5120K)
 Metaspace       used 9215K, capacity 12344K, committed 12544K, reserved 1060864K
  class space    used 953K, capacity 1260K, committed 1280K, reserved 1048576K
}
Event: 3.219 GC heap before
{Heap before GC invocations=2 (full 0):
 garbage-first heap   total 129024K, used 63786K [0x0000000083000000, 0x0000000100000000)
  region size 1024K, 48 young (49152K), 5 survivors (5120K)
 Metaspace       used 9528K, capacity 12600K, committed 12800K, reserved 1060864K
  class space    used 974K, capacity 1260K, committed 1280K, reserved 1048576K
}
Event: 3.273 GC heap after
{Heap after GC invocations=3 (full 0):
 garbage-first heap   total 129024K, used 36134K [0x0000000083000000, 0x0000000100000000)
  region size 1024K, 6 young (6144K), 6 survivors (6144K)
 Metaspace       used 9528K, capacity 12600K, committed 12800K, reserved 1060864K
  class space    used 974K, capacity 1260K, committed 1280K, reserved 1048576K
}
Event: 3.376 GC heap before
{Heap before GC invocations=3 (full 0):
 garbage-first heap   total 129024K, used 53542K [0x0000000083000000, 0x0000000100000000)
  region size 1024K, 23 young (23552K), 6 survivors (6144K)
 Metaspace       used 9533K, capacity 12600K, committed 12800K, reserved 1060864K
  class space    used 974K, capacity 1260K, committed 1280K, reserved 1048576K
}
Event: 3.405 GC heap after
{Heap after GC invocations=4 (full 0):
 garbage-first heap   total 129024K, used 42496K [0x0000000083000000, 0x0000000100000000)
  region size 1024K, 3 young (3072K), 3 survivors (3072K)
 Metaspace       used 9533K, capacity 12600K, committed 12800K, reserved 1060864K
  class space    used 974K, capacity 1260K, committed 1280K, reserved 1048576K
}
Event: 3.637 GC heap before
{Heap before GC invocations=4 (full 0):
 garbage-first heap   total 129024K, used 83456K [0x0000000083000000, 0x0000000100000000)
  region size 1024K, 40 young (40960K), 3 survivors (3072K)
 Metaspace       used 9580K, capacity 12600K, committed 12800K, reserved 1060864K
  class space    used 974K, capacity 1260K, committed 1280K, reserved 1048576K
}
Event: 3.677 GC heap after
{Heap after GC invocations=5 (full 0):
 garbage-first heap   total 207872K, used 61952K [0x0000000083000000, 0x0000000100000000)
  region size 1024K, 5 young (5120K), 5 survivors (5120K)
 Metaspace       used 9580K, capacity 12600K, committed 12800K, reserved 1060864K
  class space    used 974K, capacity 1260K, committed 1280K, reserved 1048576K
}
Event: 4.111 GC heap before
{Heap before GC invocations=5 (full 0):
 garbage-first heap   total 207872K, used 128512K [0x0000000083000000, 0x0000000100000000)
  region size 1024K, 55 young (56320K), 5 survivors (5120K)
 Metaspace       used 9603K, capacity 12600K, committed 12800K, reserved 1060864K
  class space    used 974K, capacity 1260K, committed 1280K, reserved 1048576K
}
Event: 4.150 GC heap after
{Heap after GC invocations=6 (full 0):
 garbage-first heap   total 207872K, used 84480K [0x0000000083000000, 0x0000000100000000)
  region size 1024K, 7 young (7168K), 7 survivors (7168K)
 Metaspace       used 9603K, capacity 12600K, committed 12800K, reserved 1060864K
  class space    used 974K, capacity 1260K, committed 1280K, reserved 1048576K
}
Event: 4.545 GC heap before
{Heap before GC invocations=6 (full 0):
 garbage-first heap   total 207872K, used 140800K [0x0000000083000000, 0x0000000100000000)
  region size 1024K, 54 young (55296K), 7 survivors (7168K)
 Metaspace       used 9613K, capacity 12664K, committed 12800K, reserved 1060864K
  class space    used 974K, capacity 1260K, committed 1280K, reserved 1048576K
}
Event: 4.585 GC heap after
{Heap after GC invocations=7 (full 0):
 garbage-first heap   total 207872K, used 101888K [0x0000000083000000, 0x0000000100000000)
  region size 1024K, 7 young (7168K), 7 survivors (7168K)
 Metaspace       used 9613K, capacity 12664K, committed 12800K, reserved 1060864K
  class space    used 974K, capacity 1260K, committed 1280K, reserved 1048576K
}
Event: 4.865 GC heap before
{Heap before GC invocations=7 (full 0):
 garbage-first heap   total 207872K, used 142848K [0x0000000083000000, 0x0000000100000000)
  region size 1024K, 47 young (48128K), 7 survivors (7168K)
 Metaspace       used 9618K, capacity 12664K, committed 12800K, reserved 1060864K
  class space    used 974K, capacity 1260K, committed 1280K, reserved 1048576K
}
Event: 4.910 GC heap after
{Heap after GC invocations=8 (full 0):
 garbage-first heap   total 207872K, used 121856K [0x0000000083000000, 0x0000000100000000)
  region size 1024K, 6 young (6144K), 6 survivors (6144K)
 Metaspace       used 9618K, capacity 12664K, committed 12800K, reserved 1060864K
  class space    used 974K, capacity 1260K, committed 1280K, reserved 1048576K
}
Event: 5.083 GC heap before
{Heap before GC invocations=8 (full 0):
 garbage-first heap   total 207872K, used 164864K [0x0000000083000000, 0x0000000100000000)
  region size 1024K, 35 young (35840K), 6 survivors (6144K)
 Metaspace       used 9620K, capacity 12664K, committed 12800K, reserved 1060864K
  class space    used 974K, capacity 1260K, committed 1280K, reserved 1048576K
}

Deoptimization events (20 events):
Event: 5.028 Thread 0x0000022dddf14a70 DEOPT PACKING pc=0x0000022de6a024e3 sp=0x000000f1109fe5f0
Event: 5.028 Thread 0x0000022dddf14a70 DEOPT UNPACKING pc=0x0000022de618e23f sp=0x000000f1109fdb30 mode 0
Event: 5.028 Thread 0x0000022dddf14a70 DEOPT PACKING pc=0x0000022de6a024e3 sp=0x000000f1109fe5f0
Event: 5.028 Thread 0x0000022dddf14a70 DEOPT UNPACKING pc=0x0000022de618e23f sp=0x000000f1109fdb30 mode 0
Event: 5.029 Thread 0x0000022dddf14a70 DEOPT PACKING pc=0x0000022de6a024e3 sp=0x000000f1109fe5f0
Event: 5.029 Thread 0x0000022dddf14a70 DEOPT UNPACKING pc=0x0000022de618e23f sp=0x000000f1109fdb30 mode 0
Event: 5.032 Thread 0x0000022dddf14a70 DEOPT PACKING pc=0x0000022de69ad34d sp=0x000000f1109fe760
Event: 5.032 Thread 0x0000022dddf14a70 DEOPT UNPACKING pc=0x0000022de618e23f sp=0x000000f1109fddc8 mode 0
Event: 5.042 Thread 0x0000022dddf14a70 DEOPT PACKING pc=0x0000022de699ac4f sp=0x000000f1109fe6f0
Event: 5.042 Thread 0x0000022dddf14a70 DEOPT UNPACKING pc=0x0000022de618e23f sp=0x000000f1109fddc8 mode 0
Event: 5.049 Thread 0x0000022dddf14a70 DEOPT PACKING pc=0x0000022de699ac4f sp=0x000000f1109fe6f0
Event: 5.049 Thread 0x0000022dddf14a70 DEOPT UNPACKING pc=0x0000022de618e23f sp=0x000000f1109fddc8 mode 0
Event: 5.056 Thread 0x0000022dddf14a70 DEOPT PACKING pc=0x0000022de699ac4f sp=0x000000f1109fe6f0
Event: 5.056 Thread 0x0000022dddf14a70 DEOPT UNPACKING pc=0x0000022de618e23f sp=0x000000f1109fddc8 mode 0
Event: 5.064 Thread 0x0000022dddf14a70 DEOPT PACKING pc=0x0000022de699ac4f sp=0x000000f1109fe6f0
Event: 5.064 Thread 0x0000022dddf14a70 DEOPT UNPACKING pc=0x0000022de618e23f sp=0x000000f1109fddc8 mode 0
Event: 5.071 Thread 0x0000022dddf14a70 DEOPT PACKING pc=0x0000022de699ac4f sp=0x000000f1109fe6f0
Event: 5.071 Thread 0x0000022dddf14a70 DEOPT UNPACKING pc=0x0000022de618e23f sp=0x000000f1109fddc8 mode 0
Event: 5.079 Thread 0x0000022dddf14a70 DEOPT PACKING pc=0x0000022de699ac4f sp=0x000000f1109fe6f0
Event: 5.079 Thread 0x0000022dddf14a70 DEOPT UNPACKING pc=0x0000022de618e23f sp=0x000000f1109fddc8 mode 0

Classes unloaded (0 events):
No events

Classes redefined (0 events):
No events

Internal exceptions (3 events):
Event: 1.450 Thread 0x0000022dddf14a70 Exception <a 'java/lang/NoSuchMethodError'{0x000000008a2444b8}: 'void java.lang.invoke.DirectMethodHandle$Holder.invokeSpecial(java.lang.Object, java.lang.Object, java.lang.Object)'> (0x000000008a2444b8) 
thrown [./open/src/hotspot/share/interpreter/linkResolver.cpp, line 782]
Event: 2.223 Thread 0x0000022dddf14a70 Exception <a 'java/lang/NoSuchMethodError'{0x000000008a6f7ba0}: 'java.lang.Object java.lang.invoke.DirectMethodHandle$Holder.newInvokeSpecial(java.lang.Object, java.lang.Object, java.lang.Object, java.lang.Object, java.lang.Object)'> (0x000000008a6f7ba0) 
thrown [./open/src/hotspot/share/interpreter/linkResolver.cpp, line 782]
Event: 2.656 Thread 0x0000022dddf14a70 Exception <a 'java/lang/NoSuchMethodError'{0x0000000088b33788}: 'java.lang.Object java.lang.invoke.DirectMethodHandle$Holder.invokeStaticInit(java.lang.Object, int)'> (0x0000000088b33788) 
thrown [./open/src/hotspot/share/interpreter/linkResolver.cpp, line 782]

Events (20 events):
Event: 2.648 loading class java/util/DualPivotQuicksort done
Event: 2.766 Executing VM operation: G1CollectForAllocation
Event: 2.792 Executing VM operation: G1CollectForAllocation done
Event: 2.834 loading class jdk/internal/math/FloatingDecimal$ASCIIToBinaryBuffer
Event: 2.834 loading class jdk/internal/math/FloatingDecimal$ASCIIToBinaryBuffer done
Event: 2.993 loading class java/util/AbstractList$Itr
Event: 2.993 loading class java/util/AbstractList$Itr done
Event: 3.219 Executing VM operation: G1CollectForAllocation
Event: 3.273 Executing VM operation: G1CollectForAllocation done
Event: 3.376 Executing VM operation: G1CollectForAllocation
Event: 3.406 Executing VM operation: G1CollectForAllocation done
Event: 3.636 Executing VM operation: G1CollectForAllocation
Event: 3.682 Executing VM operation: G1CollectForAllocation done
Event: 4.111 Executing VM operation: G1CollectForAllocation
Event: 4.158 Executing VM operation: G1CollectForAllocation done
Event: 4.545 Executing VM operation: G1CollectForAllocation
Event: 4.585 Executing VM operation: G1CollectForAllocation done
Event: 4.865 Executing VM operation: G1CollectForAllocation
Event: 4.910 Executing VM operation: G1CollectForAllocation done
Event: 5.083 Executing VM operation: G1CollectForAllocation


Dynamic libraries:
0x00007ff7cb160000 - 0x00007ff7cb16d000 	C:\Program Files\Java\jdk-15.0.1\bin\java.exe
0x00007ffaa2fb0000 - 0x00007ffaa31a5000 	C:\WINDOWS\SYSTEM32\ntdll.dll
0x00007ffaa2860000 - 0x00007ffaa291d000 	C:\WINDOWS\System32\KERNEL32.DLL
0x00007ffaa08e0000 - 0x00007ffaa0ba8000 	C:\WINDOWS\System32\KERNELBASE.dll
0x00007ffaa0f20000 - 0x00007ffaa1020000 	C:\WINDOWS\System32\ucrtbase.dll
0x00007ffa747b0000 - 0x00007ffa747c8000 	C:\Program Files\Java\jdk-15.0.1\bin\jli.dll
0x00007ffaa1c90000 - 0x00007ffaa1e30000 	C:\WINDOWS\System32\USER32.dll
0x00007ffaa0c90000 - 0x00007ffaa0cb2000 	C:\WINDOWS\System32\win32u.dll
0x00007ffaa1ab0000 - 0x00007ffaa1ada000 	C:\WINDOWS\System32\GDI32.dll
0x00007ffaa0d70000 - 0x00007ffaa0e7b000 	C:\WINDOWS\System32\gdi32full.dll
0x00007ffaa0e80000 - 0x00007ffaa0f1d000 	C:\WINDOWS\System32\msvcp_win.dll
0x00007ffa7f7b0000 - 0x00007ffa7f7c9000 	C:\Program Files\Java\jdk-15.0.1\bin\VCRUNTIME140.dll
0x00007ffa8bf80000 - 0x00007ffa8c21a000 	C:\WINDOWS\WinSxS\amd64_microsoft.windows.common-controls_6595b64144ccf1df_6.0.19041.1052_none_60b8f8fd71f5e8cb\COMCTL32.dll
0x00007ffaa22e0000 - 0x00007ffaa237e000 	C:\WINDOWS\System32\msvcrt.dll
0x00007ffaa2380000 - 0x00007ffaa23b0000 	C:\WINDOWS\System32\IMM32.DLL
0x00007ffa7f7a0000 - 0x00007ffa7f7ac000 	C:\Program Files\Java\jdk-15.0.1\bin\vcruntime140_1.dll
0x00007ffa58760000 - 0x00007ffa587f1000 	C:\Program Files\Java\jdk-15.0.1\bin\msvcp140.dll
0x00007ffa56850000 - 0x00007ffa573ae000 	C:\Program Files\Java\jdk-15.0.1\bin\server\jvm.dll
0x00007ffaa2930000 - 0x00007ffaa29dc000 	C:\WINDOWS\System32\ADVAPI32.dll
0x00007ffaa1020000 - 0x00007ffaa10bb000 	C:\WINDOWS\System32\sechost.dll
0x00007ffaa18d0000 - 0x00007ffaa19fb000 	C:\WINDOWS\System32\RPCRT4.dll
0x00007ffaa2920000 - 0x00007ffaa2928000 	C:\WINDOWS\System32\PSAPI.DLL
0x00007ffa7f660000 - 0x00007ffa7f669000 	C:\WINDOWS\SYSTEM32\WSOCK32.dll
0x00007ffaa27f0000 - 0x00007ffaa285b000 	C:\WINDOWS\System32\WS2_32.dll
0x00007ffa8c3d0000 - 0x00007ffa8c3f7000 	C:\WINDOWS\SYSTEM32\WINMM.dll
0x00007ffa97c10000 - 0x00007ffa97c1a000 	C:\WINDOWS\SYSTEM32\VERSION.dll
0x00007ffa9efc0000 - 0x00007ffa9efd2000 	C:\WINDOWS\SYSTEM32\kernel.appcore.dll
0x00007ffa753b0000 - 0x00007ffa753ba000 	C:\Program Files\Java\jdk-15.0.1\bin\jimage.dll
0x00007ffa9ec50000 - 0x00007ffa9ee34000 	C:\WINDOWS\SYSTEM32\DBGHELP.DLL
0x00007ffa8d760000 - 0x00007ffa8d78c000 	C:\WINDOWS\SYSTEM32\dbgcore.DLL
0x00007ffaa0850000 - 0x00007ffaa08d3000 	C:\WINDOWS\System32\bcryptPrimitives.dll
0x00007ffa70e60000 - 0x00007ffa70e85000 	C:\Program Files\Java\jdk-15.0.1\bin\java.dll
0x00007ffaa10c0000 - 0x00007ffaa17ff000 	C:\WINDOWS\System32\SHELL32.dll
0x00007ffa9e3a0000 - 0x00007ffa9eb30000 	C:\WINDOWS\SYSTEM32\windows.storage.dll
0x00007ffaa23b0000 - 0x00007ffaa2705000 	C:\WINDOWS\System32\combase.dll
0x00007ffaa0160000 - 0x00007ffaa018c000 	C:\WINDOWS\SYSTEM32\Wldp.dll
0x00007ffaa1a00000 - 0x00007ffaa1aae000 	C:\WINDOWS\System32\SHCORE.dll
0x00007ffaa2790000 - 0x00007ffaa27e5000 	C:\WINDOWS\System32\shlwapi.dll
0x00007ffaa0630000 - 0x00007ffaa064f000 	C:\WINDOWS\SYSTEM32\profapi.dll
0x00007ffa67520000 - 0x00007ffa67539000 	C:\Program Files\Java\jdk-15.0.1\bin\net.dll
0x00007ffa9a440000 - 0x00007ffa9a54b000 	C:\WINDOWS\SYSTEM32\WINHTTP.dll
0x00007ffa9fed0000 - 0x00007ffa9ff3a000 	C:\WINDOWS\system32\mswsock.dll
0x00007ffa67500000 - 0x00007ffa67512000 	C:\Program Files\Java\jdk-15.0.1\bin\nio.dll
0x00007ffa64a20000 - 0x00007ffa64a38000 	C:\Program Files\Java\jdk-15.0.1\bin\zip.dll
0x00007ffa674f0000 - 0x00007ffa67500000 	C:\Program Files\Java\jdk-15.0.1\bin\verify.dll

dbghelp: loaded successfully - version: 4.0.5 - missing functions: none
symbol engine: initialized successfully - sym options: 0x614 - pdb path: .;C:\Program Files\Java\jdk-15.0.1\bin;C:\WINDOWS\SYSTEM32;C:\WINDOWS\WinSxS\amd64_microsoft.windows.common-controls_6595b64144ccf1df_6.0.19041.1052_none_60b8f8fd71f5e8cb;C:\Program Files\Java\jdk-15.0.1\bin\server

VM Arguments:
java_command: org.jetbrains.kotlin.cli.js.dce.K2JSDce @C:\Users\ricok\Desktop\Masterarbeit\luposdate3000\src\luposdate3000_optimizer_distributed_query\build\20210614_17837461437981785726.compiler.options
java_class_path (initial): C:\Users\ricok\.gradle\caches\modules-2\files-2.1\org.jetbrains.kotlin\kotlin-compiler-embeddable\1.5.0\6e53e0ca3cf7eff1a4df71171c8f9604b983e1d6\kotlin-compiler-embeddable-1.5.0.jar;C:\Users\ricok\.gradle\caches\modules-2\files-2.1\org.jetbrains.kotlin\kotlin-reflect\1.5.0\47806fe8ed30dbdf9e697eda5e9c9a3905ff3363\kotlin-reflect-1.5.0.jar;C:\Users\ricok\.gradle\caches\modules-2\files-2.1\org.jetbrains.kotlin\kotlin-stdlib\1.5.0\29dae2501ca094416d15af0e21470cb634780444\kotlin-stdlib-1.5.0.jar;C:\Users\ricok\.gradle\caches\modules-2\files-2.1\org.jetbrains.kotlin\kotlin-script-runtime\1.5.0\a2d66828077376fc1851a6fdbf25865935f4101d\kotlin-script-runtime-1.5.0.jar;C:\Users\ricok\.gradle\caches\modules-2\files-2.1\org.jetbrains.kotlin\kotlin-daemon-embeddable\1.5.0\7f3567acfef59ff865a99a584d814bde87226dd5\kotlin-daemon-embeddable-1.5.0.jar;C:\Users\ricok\.gradle\caches\modules-2\files-2.1\org.jetbrains.intellij.deps\trove4j\1.0.20181211\216c2e14b070f334479d800987affe4054cd563f\trove4j-1.0.20181211.jar;C:\Users\ricok\.gradle\caches\modules-2\files-2.1\org.jetbrains\annotations\13.0\919f0dfe192fb4e063e7dacadee7f8bb9a2672a9\annotations-13.0.jar;C:\Users\ricok\.gradle\caches\modules-2\files-2.1\org.jetbrains.kotlin\kotlin-stdlib-common\1.5.0\4080d69efca5e39e9b4972f125e40f1607bd6460\kotlin-stdlib-common-1.5.0.jar
Launcher Type: SUN_STANDARD

[Global flags]
     intx CICompilerCount                          = 4                                         {product} {ergonomic}
     uint ConcGCThreads                            = 2                                         {product} {ergonomic}
     uint G1ConcRefinementThreads                  = 8                                         {product} {ergonomic}
   size_t G1HeapRegionSize                         = 1048576                                   {product} {ergonomic}
    uintx GCDrainStackTargetSize                   = 64                                        {product} {ergonomic}
   size_t InitialHeapSize                          = 132120576                                 {product} {ergonomic}
   size_t MarkStackSize                            = 4194304                                   {product} {ergonomic}
   size_t MaxHeapSize                              = 2097152000                                {product} {ergonomic}
   size_t MaxNewSize                               = 1258291200                                {product} {ergonomic}
   size_t MinHeapDeltaBytes                        = 1048576                                   {product} {ergonomic}
   size_t MinHeapSize                              = 8388608                                   {product} {ergonomic}
    uintx NonNMethodCodeHeapSize                   = 5839372                                {pd product} {ergonomic}
    uintx NonProfiledCodeHeapSize                  = 122909434                              {pd product} {ergonomic}
    uintx ProfiledCodeHeapSize                     = 122909434                              {pd product} {ergonomic}
    uintx ReservedCodeCacheSize                    = 251658240                              {pd product} {ergonomic}
     bool SegmentedCodeCache                       = true                                      {product} {ergonomic}
   size_t SoftMaxHeapSize                          = 2097152000                             {manageable} {ergonomic}
     bool UseCompressedClassPointers               = true                                 {lp64_product} {ergonomic}
     bool UseCompressedOops                        = true                                 {lp64_product} {ergonomic}
     bool UseG1GC                                  = true                                      {product} {ergonomic}
     bool UseLargePagesIndividualAllocation        = false                                  {pd product} {ergonomic}

Logging:
Log output configuration:
 #0: stdout all=warning uptime,level,tags
 #1: stderr all=off uptime,level,tags

Environment Variables:
PATH=C:\Users\ricok\.sdkman\candidates\gradle\current\bin;C:\Users\ricok\bin;C:\Program Files\Git\mingw64\bin;C:\Program Files\Git\usr\local\bin;C:\Program Files\Git\usr\bin;C:\Program Files\Git\usr\bin;C:\Program Files\Git\mingw64\bin;C:\Program Files\Git\usr\bin;C:\Users\ricok\bin;C:\WINDOWS\system32;C:\WINDOWS;C:\WINDOWS\System32\Wbem;C:\WINDOWS\System32\WindowsPowerShell\v1.0;C:\WINDOWS\System32\OpenSSH;C:\Program Files\Git\cmd;C:\Program Files\nodejs;C:\Gradle\gradle-7.0\bin;C:\Gradle\gradle-6.8.3\bin;C:\Program Files\Java\jdk-15.0.1\bin;C:\Users\ricok\AppData\Local\Microsoft\WindowsApps;C:\Users\ricok\AppData\Local\Programs\MiKTeX\miktex\bin\x64;C:\Program Files\JetBrains\IntelliJ IDEA 2020.2\bin;C:\Users\ricok\AppData\Roaming\npm;C:\Users\ricok\kotlin\dist\kotlinc\bin;C:\Program Files\Git\usr\bin\vendor_perl;C:\Program Files\Git\usr\bin\core_perl
USERNAME=ricok
SHELL=C:\Program Files\Git\usr\bin\bash.exe
DISPLAY=needs-to-be-defined
LANG=de_DE.UTF-8
OS=Windows_NT
PROCESSOR_IDENTIFIER=Intel64 Family 6 Model 142 Stepping 12, GenuineIntel



---------------  S Y S T E M  ---------------

OS:
 Windows 10 , 64 bit Build 19041 (10.0.19041.1023)
OS uptime: 0 days 0:12 hours

CPU: total 8 (initial active 8) (4 cores per cpu, 2 threads per core) family 6 model 142 stepping 12 microcode 0xde, cmov, cx8, fxsr, mmx, sse, sse2, sse3, ssse3, sse4.1, sse4.2, popcnt, vzeroupper, avx, avx2, aes, clmul, erms, 3dnowpref, lzcnt, ht, tsc, tscinvbit, bmi1, bmi2, adx, fma, clflush, clflushopt

Memory: 4k page, system-wide physical 7998M (375M free)
TotalPageFile size 10000M (AvailPageFile size 84M)
current process WorkingSet (physical memory assigned to process): 366M, peak: 366M
current process commit charge ("private bytes"): 423M, peak: 572M

vm_info: OpenJDK 64-Bit Server VM (15.0.1+9-18) for windows-amd64 JRE (15.0.1+9-18), built on Sep 15 2020 14:39:31 by "mach5one" with unknown MS VC++:1925

END.
