nohup: ignoring input
found 19849 queries
query 0 / 19849
estimate 139602075.3183785
query 1 / 19849
estimate 192546327.09441376
query 2 / 19849
estimate 277931870.9173548
query 3 / 19849
estimate 59438526.7278457
query 4 / 19849
estimate 66431205.71233498
query 5 / 19849
estimate 65211713.533671774
query 6 / 19849
estimate 47506147.18209028
query 7 / 19849
estimate 156584562.17276394
query 8 / 19849
estimate 280281258.8957185
query 9 / 19849
estimate 387117171.7932734
query 10 / 19849
estimate 65752544.02150488
query 11 / 19849
estimate 56384939.003896564
query 12 / 19849
estimate 74490696.48128673
query 13 / 19849
estimate 56872058.34790368
query 14 / 19849
estimate 45375593.528369956
query 15 / 19849
estimate 79236873.85727215
query 16 / 19849
estimate 242421614.71466017
query 17 / 19849
estimate 53491477.08826804
query 18 / 19849
estimate 217644217.79264113
query 19 / 19849
estimate 83432746.34031312
query 20 / 19849
estimate 146890526.5394108
query 21 / 19849
estimate 53491477.08826804
query 22 / 19849
estimate 60574319.67368997
query 23 / 19849
estimate 60490570.54448737
query 24 / 19849
estimate 47062220.347112596
query 25 / 19849
estimate 50968472.39713054
query 26 / 19849
estimate 58765181.6182082
query 27 / 19849
estimate 53933689.18438777
query 28 / 19849
estimate 66262941.014031455
query 29 / 19849
estimate 61234359.0739865
query 30 / 19849
estimate 69000803.61414354
query 31 / 19849
estimate 50684166.05584371
query 32 / 19849
estimate 66595018.954832695
query 33 / 19849
estimate 58986511.54181933
query 34 / 19849
estimate 67123438.18600209
query 35 / 19849
estimate 65161884.93650315
query 36 / 19849
estimate 60155502.13421715
query 37 / 19849
estimate 53914496.45550072
query 38 / 19849
estimate 58973811.76886407
query 39 / 19849
estimate 110654124.21758033
query 40 / 19849
estimate 189968346.4005638
query 41 / 19849
estimate 61133566.51656211
query 42 / 19849
estimate 275001447.9545754
query 43 / 19849
estimate 273170474.1755926
query 44 / 19849
estimate 66746756.58822246
query 45 / 19849
estimate 48491379.20774663
query 46 / 19849
estimate 53914496.45550072
query 47 / 19849
estimate 265778197.22139424
query 48 / 19849
estimate 70181062.58215399
query 49 / 19849
estimate 211659685.03513595
query 50 / 19849
estimate 121849857.11209449
query 51 / 19849
estimate 83072856.80085471
query 52 / 19849
estimate 63489045.18686086
query 53 / 19849
estimate 59307485.4650321
query 54 / 19849
estimate 272106484.1269536
query 55 / 19849
estimate 159521386.93258017
query 56 / 19849
estimate 341202887.5110791
query 57 / 19849
estimate 60258719.97516585
query 58 / 19849
estimate 72539689.54965901
query 59 / 19849
estimate 61590803.83379474
query 60 / 19849
estimate 52566388.35858978
query 61 / 19849
estimate 61584662.63187568
query 62 / 19849
estimate 387870061.2794766
query 63 / 19849
estimate 53914496.45550072
query 64 / 19849
estimate 85516325.39408477
query 65 / 19849
estimate 67435724.30927442
query 66 / 19849
estimate 53794851.06568687
query 67 / 19849
estimate 435738320.8270406
query 68 / 19849
estimate 76586028.17234975
query 69 / 19849
estimate 562824884.1062762
query 70 / 19849
estimate 84673670.5791093
query 71 / 19849
estimate 53789610.44806968
query 72 / 19849
estimate 78702025.76089077
query 73 / 19849
estimate 53491477.08826804
query 74 / 19849
estimate 58990480.10739187
query 75 / 19849
estimate 94534019.95257881
query 76 / 19849
estimate 73305576.07118425
query 77 / 19849
estimate 152101918.83829674
query 78 / 19849
estimate 153386599.9269653
query 79 / 19849
estimate 78749739.9884106
query 80 / 19849
estimate 78049930.68757701
query 81 / 19849
estimate 80772255.59978399
query 82 / 19849
estimate 70380812.77309483
query 83 / 19849
estimate 78277598.8311856
query 84 / 19849
estimate 59074054.2558321
query 85 / 19849
estimate 78700402.30982283
query 86 / 19849
estimate 204847738.20245382
query 87 / 19849
estimate 86568526.83080904
query 88 / 19849
estimate 418110072.86803174
query 89 / 19849
estimate 82653277.72395726
query 90 / 19849
estimate 60316036.19740868
query 91 / 19849
estimate 69094539.61698045
query 92 / 19849
estimate 60146083.92309861
query 93 / 19849
estimate 67876873.86778297
query 94 / 19849
estimate 82210408.75050764
query 95 / 19849
estimate 60158280.47129765
query 96 / 19849
estimate 67295638.79868676
query 97 / 19849
estimate 62063410.63744421
query 98 / 19849
estimate 73551514.3774391
query 99 / 19849
estimate 66319683.70781959
query 100 / 19849
estimate 176040212.0735704
query 101 / 19849
estimate 60162641.51960249
query 102 / 19849
estimate 50701418.74676984
query 103 / 19849
estimate 85623675.61677614
query 104 / 19849
estimate 83183394.61216123
query 105 / 19849
estimate 60949721.62298582
query 106 / 19849
estimate 67186856.90136844
query 107 / 19849
estimate 193892930.64919972
query 108 / 19849
estimate 81981024.08371161
query 109 / 19849
estimate 50398769.23989495
query 110 / 19849
estimate 78490699.07482024
query 111 / 19849
estimate 118027259.8919225
query 112 / 19849
estimate 273963305.94592106
query 113 / 19849
estimate 66460717.55269261
query 114 / 19849
estimate 53463371.865672916
query 115 / 19849
estimate 66955491.59348374
query 116 / 19849
estimate 67476405.60558678
query 117 / 19849
estimate 50527784.18452505
query 118 / 19849
estimate 340923069.04730654
query 119 / 19849
estimate 52999513.87256603
query 120 / 19849
estimate 234663233.84879798
query 121 / 19849
estimate 52678944.87081773
query 122 / 19849
estimate 80544578.0831457
query 123 / 19849
estimate 66311277.42111164
query 124 / 19849
estimate 52285924.25390802
query 125 / 19849
estimate 61478067.7073115
query 126 / 19849
estimate 58786802.47331725
query 127 / 19849
estimate 82554582.55337349
query 128 / 19849
estimate 181817410.94325855
query 129 / 19849
estimate 350981102.6906199
query 130 / 19849
estimate 63052730.499739625
query 131 / 19849
estimate 42729528.79101951
query 132 / 19849
estimate 65218809.394811116
query 133 / 19849
estimate 174513295.91298318
query 134 / 19849
estimate 241452312.42852908
query 135 / 19849
estimate 230715095.67185965
query 136 / 19849
estimate 69360458.19438942
query 137 / 19849
estimate 60355296.405666105
query 138 / 19849
estimate 52330159.69238061
query 139 / 19849
estimate 365331013.12326455
query 140 / 19849
estimate 197933291.75778776
query 141 / 19849
estimate 46383834.24226719
query 142 / 19849
estimate 86385569.7081062
query 143 / 19849
estimate 67623605.28120342
query 144 / 19849
estimate 59042679.50105162
query 145 / 19849
estimate 66252079.781074494
query 146 / 19849
estimate 338511183.8313725
query 147 / 19849
estimate 57422767.029489025
query 148 / 19849
estimate 69285443.89614418
query 149 / 19849
estimate 57597530.42812004
query 150 / 19849
estimate 370250496.7894652
query 151 / 19849
estimate 454977956.2128379
query 152 / 19849
estimate 190750653.36441067
query 153 / 19849
estimate 67375237.55248497
query 154 / 19849
estimate 72045822.76405124
query 155 / 19849
estimate 89288955.71422787
query 156 / 19849
estimate 66519104.40145579
query 157 / 19849
estimate 70446941.82978107
query 158 / 19849
estimate 60392834.16772283
query 159 / 19849
estimate 83310418.70759806
query 160 / 19849
estimate 66298962.65774632
query 161 / 19849
estimate 272754094.102152
query 162 / 19849
estimate 136217590.04072374
query 163 / 19849
estimate 200173884.9670003
query 164 / 19849
estimate 57716787.594834365
query 165 / 19849
estimate 705621384.293964
query 166 / 19849
estimate 53491477.08826804
query 167 / 19849
estimate 202758843.19431266
query 168 / 19849
estimate 51577370.50863809
query 169 / 19849
estimate 58959238.647393584
query 170 / 19849
estimate 65569781.26827689
query 171 / 19849
estimate 158249188.44962987
query 172 / 19849
estimate 86035073.00123903
query 173 / 19849
estimate 64543447.050117224
query 174 / 19849
estimate 79471838.90026884
query 175 / 19849
estimate 311474240.2952231
query 176 / 19849
estimate 85528422.05382319
query 177 / 19849
estimate 66660429.6458441
query 178 / 19849
estimate 310658748.3809831
query 179 / 19849
estimate 67903579.28418483
query 180 / 19849
estimate 57846446.142582834
query 181 / 19849
estimate 32241269.338928476
query 182 / 19849
estimate 58292541.252090394
query 183 / 19849
estimate 557826686.4860324
query 184 / 19849
estimate 68927000.79266126
query 185 / 19849
estimate 112432057.61163495
query 186 / 19849
estimate 67066019.671410985
query 187 / 19849
estimate 65650204.24250731
query 188 / 19849
estimate 44253516.51188794
query 189 / 19849
estimate 77270081.62358718
query 190 / 19849
estimate 53491477.08826804
query 191 / 19849
estimate 54988844.728267975
query 192 / 19849
estimate 68743332.84374484
query 193 / 19849
estimate 29897215.264589723
query 194 / 19849
estimate 82980620.12205689
query 195 / 19849
estimate 66868275.31600628
query 196 / 19849
estimate 64972283.68968298
query 197 / 19849
estimate 68612443.85526367
query 198 / 19849
estimate 59762649.83547442
query 199 / 19849
estimate 368251565.4980404
query 200 / 19849
estimate 53700202.94854251
query 201 / 19849
estimate 360418269.77920383
query 202 / 19849
estimate 56477912.658145115
query 203 / 19849
estimate 83358173.46610427
query 204 / 19849
estimate 73529791.77193075
query 205 / 19849
estimate 178737737.0795146
query 206 / 19849
estimate 93267329.82082991
query 207 / 19849
estimate 126196854.07780193
query 208 / 19849
estimate 86147506.52665594
query 209 / 19849
estimate 48882770.80215921
query 210 / 19849
estimate 65882093.79958182
query 211 / 19849
estimate 52466192.78847633
query 212 / 19849
estimate 266208732.4433657
query 213 / 19849
estimate 159458679.6510551
query 214 / 19849
estimate 164286110.21612847
query 215 / 19849
estimate 59780520.951064795
query 216 / 19849
estimate 61873429.35450256
query 217 / 19849
estimate 53914496.45550072
query 218 / 19849
estimate 65235975.444941096
query 219 / 19849
estimate 67476405.60558678
query 220 / 19849
estimate 63470546.12621621
query 221 / 19849
estimate 61189496.21060801
query 222 / 19849
estimate 83112628.57865945
query 223 / 19849
estimate 266295059.36820343
query 224 / 19849
estimate 83578304.91165076
query 225 / 19849
estimate 65779851.495975055
query 226 / 19849
estimate 162583189.35841513
query 227 / 19849
estimate 239368625.32023442
query 228 / 19849
estimate 219610847.44375655
query 229 / 19849
estimate 778546855.6757506
query 230 / 19849
estimate 53491477.08826804
query 231 / 19849
estimate 98802472.98057702
query 232 / 19849
estimate 75010690.60088693
query 233 / 19849
estimate 80604056.63698003
query 234 / 19849
estimate 65578329.2893279
query 235 / 19849
estimate 54473779.17277727
query 236 / 19849
estimate 47655548.691827714
query 237 / 19849
estimate 157991820.55387616
query 238 / 19849
estimate 87574345.30043449
query 239 / 19849
estimate 60430240.01638671
query 240 / 19849
estimate 165216957.1046714
query 241 / 19849
estimate 66797325.5388078
query 242 / 19849
estimate 58725482.01022711
query 243 / 19849
estimate 66735984.55463206
query 244 / 19849
estimate 226171761.8032289
query 245 / 19849
estimate 66656220.52334504
query 246 / 19849
estimate 89118674.49713872
query 247 / 19849
estimate 435237305.3112791
query 248 / 19849
estimate 69406834.89225985
query 249 / 19849
estimate 161070339.4488273
query 250 / 19849
estimate 67865067.82558602
query 251 / 19849
estimate 86798869.76849024
query 252 / 19849
estimate 527546103.7656776
query 253 / 19849
estimate 70914532.78500396
query 254 / 19849
estimate 67476405.60558678
query 255 / 19849
estimate 83416188.74854808
query 256 / 19849
estimate 64372446.96368341
query 257 / 19849
estimate 327289603.5669334
query 258 / 19849
estimate 76586028.17234975
query 259 / 19849
estimate 180887707.16650695
query 260 / 19849
estimate 388620390.89372784
query 261 / 19849
estimate 53145424.80491532
query 262 / 19849
estimate 80582162.84123245
query 263 / 19849
estimate 95843057.1011306
query 264 / 19849
estimate 58036305.49930081
query 265 / 19849
estimate 68485413.63437888
query 266 / 19849
estimate 67561918.87702005
query 267 / 19849
estimate 65969116.85946306
query 268 / 19849
estimate 381331532.45913893
query 269 / 19849
estimate 67395017.58915026
query 270 / 19849
estimate 218649955.36268234
query 271 / 19849
estimate 272586264.4787921
query 272 / 19849
estimate 51013102.4074608
query 273 / 19849
estimate 120908056.90818329
query 274 / 19849
estimate 98459743.32070708
query 275 / 19849
estimate 484624818.7743365
query 276 / 19849
estimate 66969543.37799807
query 277 / 19849
estimate 186883899.11420205
query 278 / 19849
estimate 66518039.77760716
query 279 / 19849
estimate 56256473.0999769
query 280 / 19849
estimate 144219614.88680843
query 281 / 19849
estimate 98978463.39079382
query 282 / 19849
estimate 66660429.6458441
query 283 / 19849
estimate 67116923.0454371
query 284 / 19849
estimate 7973745.904872356
query 285 / 19849
estimate 73436365.97305578
query 286 / 19849
estimate 63349020.16302931
query 287 / 19849
estimate 69361742.23321725
query 288 / 19849
estimate 64587816.14561107
query 289 / 19849
estimate 53106942.390721396
query 290 / 19849
estimate 66479188.634162515
query 291 / 19849
estimate 65406207.74139876
query 292 / 19849
estimate 144098801.8504393
query 293 / 19849
estimate 82825562.93225656
query 294 / 19849
estimate 59640270.72332952
query 295 / 19849
estimate 53914496.45550072
query 296 / 19849
estimate 78883115.11614335
query 297 / 19849
estimate 65870530.16746849
query 298 / 19849
estimate 236690120.20729172
query 299 / 19849
estimate 66717627.457470894
query 300 / 19849
estimate 59428454.05820545
query 301 / 19849
estimate 291101143.90414274
query 302 / 19849
estimate 78839265.31403014
query 303 / 19849
estimate 66651938.53172902
query 304 / 19849
estimate 60486140.17070624
query 305 / 19849
estimate 58801643.84841225
query 306 / 19849
estimate 68421752.59325346
query 307 / 19849
estimate 88717458.35945801
query 308 / 19849
estimate 77527666.84383604
query 309 / 19849
estimate 709975328.3868883
query 310 / 19849
estimate 65075373.79528909
query 311 / 19849
estimate 66895135.88011666
query 312 / 19849
estimate 61835268.090166435
query 313 / 19849
estimate 108946485.47299987
query 314 / 19849
estimate 82422895.94423747
query 315 / 19849
estimate 53914496.45550072
query 316 / 19849
estimate 66217383.231983565
query 317 / 19849
estimate 53612128.44192334
query 318 / 19849
estimate 59953986.939770244
query 319 / 19849
estimate 85652654.76487094
query 320 / 19849
estimate 45878679.220537156
query 321 / 19849
estimate 78172409.06499726
query 322 / 19849
estimate 82301572.66317326
query 323 / 19849
estimate 499255185.38314474
query 324 / 19849
estimate 64728747.611479044
query 325 / 19849
estimate 286738130.2700892
query 326 / 19849
estimate 366768786.1352032
query 327 / 19849
estimate 307871583.7104081
query 328 / 19849
estimate 279233417.32974976
query 329 / 19849
estimate 62573426.829365514
query 330 / 19849
estimate 60484808.306746155
query 331 / 19849
estimate 137604576.7269639
query 332 / 19849
estimate 405948534.45092726
query 333 / 19849
estimate 47929748.37081502
query 334 / 19849
estimate 68719721.09806658
query 335 / 19849
estimate 153707849.13552886
query 336 / 19849
estimate 250243586.05228648
query 337 / 19849
estimate 53914496.45550072
query 338 / 19849
estimate 72085774.861834
query 339 / 19849
estimate 82885192.51632965
query 340 / 19849
estimate 128793486.59590307
query 341 / 19849
estimate 53531852.15401773
query 342 / 19849
estimate 53460157.13124967
query 343 / 19849
estimate 60162641.51486366
query 344 / 19849
estimate 254247236.08790928
query 345 / 19849
estimate 166741006.13625276
query 346 / 19849
estimate 94931908.58577302
query 347 / 19849
estimate 84401231.33721
query 348 / 19849
estimate 60258719.97516585
query 349 / 19849
estimate 199675763.62599784
query 350 / 19849
estimate 396579631.8794463
query 351 / 19849
estimate 312575908.1519064
query 352 / 19849
estimate 52003644.54476534
query 353 / 19849
estimate 384080132.8202531
query 354 / 19849
estimate 266744061.6629459
query 355 / 19849
estimate 61132918.86689113
query 356 / 19849
estimate 59386026.20719498
query 357 / 19849
estimate 361531503.7882828
query 358 / 19849
estimate 63260546.7978788
query 359 / 19849
estimate 56653455.823969975
query 360 / 19849
estimate 221197306.73678577
query 361 / 19849
estimate 60396229.568129346
query 362 / 19849
estimate 53237530.23482965
query 363 / 19849
estimate 206903025.29191256
query 364 / 19849
estimate 182665381.5917402
query 365 / 19849
estimate 65007978.67778717
query 366 / 19849
estimate 67739758.94415128
query 367 / 19849
estimate 206950443.1452994
query 368 / 19849
estimate 369833216.08692616
query 369 / 19849
estimate 53914496.45550072
query 370 / 19849
estimate 226987808.91407472
query 371 / 19849
estimate 103723440.92703311
query 372 / 19849
estimate 258998055.94305736
query 373 / 19849
estimate 51804265.87288904
query 374 / 19849
estimate 60538443.67243822
query 375 / 19849
estimate 66198389.54535882
query 376 / 19849
estimate 65411811.335691735
query 377 / 19849
estimate 53914496.45550072
query 378 / 19849
estimate 81092490.0092113
query 379 / 19849
estimate 226473969.25914815
query 380 / 19849
estimate 53411688.5758235
query 381 / 19849
estimate 51465333.77806094
query 382 / 19849
estimate 67421555.1692681
query 383 / 19849
estimate 85209465.05105086
query 384 / 19849
estimate 54713605.36126986
query 385 / 19849
estimate 73786543.5718071
query 386 / 19849
estimate 67316916.38568011
query 387 / 19849
estimate 71022860.06124821
query 388 / 19849
estimate 51059408.4004219
query 389 / 19849
estimate 57966437.43493902
query 390 / 19849
estimate 83210206.81441568
query 391 / 19849
estimate 80630905.02552405
query 392 / 19849
estimate 149143922.46818787
query 393 / 19849
estimate 135965320.46787244
query 394 / 19849
estimate 60846619.1573174
query 395 / 19849
estimate 53411688.5758235
query 396 / 19849
estimate 61998417.35735316
query 397 / 19849
estimate 186345668.50339052
query 398 / 19849
estimate 63312807.158234395
query 399 / 19849
estimate 83152345.98116504
query 400 / 19849
estimate 66694188.41365596
query 401 / 19849
estimate 89225002.6924712
query 402 / 19849
estimate 68630519.73170568
query 403 / 19849
estimate 88417848.10544348
query 404 / 19849
estimate 144514978.59215006
query 405 / 19849
estimate 159619382.76654893
query 406 / 19849
estimate 56403953.063778356
query 407 / 19849
estimate 60957204.383499764
query 408 / 19849
estimate 60218398.82016821
query 409 / 19849
estimate 418568828.73480314
query 410 / 19849
estimate 207328128.4563094
query 411 / 19849
estimate 54732973.19046858
query 412 / 19849
estimate 53914496.45550072
query 413 / 19849
estimate 56058807.28549574
query 414 / 19849
estimate 67696755.62621072
query 415 / 19849
estimate 48235605.25240865
query 416 / 19849
estimate 547013847.3948596
query 417 / 19849
estimate 76173610.05573407
query 418 / 19849
estimate 53143448.72323095
query 419 / 19849
estimate 219589649.68972316
query 420 / 19849
estimate 66152455.18447802
query 421 / 19849
estimate 330968515.1972281
query 422 / 19849
estimate 65406454.42445284
query 423 / 19849
estimate 188604764.41980204
query 424 / 19849
estimate 68633025.05050497
query 425 / 19849
estimate 210673281.4222562
query 426 / 19849
estimate 96912371.99787109
query 427 / 19849
estimate 64874048.00435778
query 428 / 19849
estimate 78952330.18076079
query 429 / 19849
estimate 72915079.58715199
query 430 / 19849
estimate 79236873.85727215
query 431 / 19849
estimate 574767704.13462
query 432 / 19849
estimate 53375217.90554262
query 433 / 19849
estimate 59442773.6546032
query 434 / 19849
estimate 59549626.800923936
query 435 / 19849
estimate 59279098.995644554
query 436 / 19849
estimate 41690754.19454262
query 437 / 19849
estimate 800570526.7150406
query 438 / 19849
estimate 67723842.73348789
query 439 / 19849
estimate 136950143.24500084
query 440 / 19849
estimate 53463371.865672916
query 441 / 19849
estimate 65660350.61119468
query 442 / 19849
estimate 63841108.21733185
query 443 / 19849
estimate 252743247.39458862
query 444 / 19849
estimate 52892166.15374924
query 445 / 19849
estimate 118916923.48499992
query 446 / 19849
estimate 178265791.17804536
query 447 / 19849
estimate 242553582.21473715
query 448 / 19849
estimate 60385735.06770161
query 449 / 19849
estimate 216973213.73834845
query 450 / 19849
estimate 62151488.34159303
query 451 / 19849
estimate 81638806.90008281
query 452 / 19849
estimate 67476405.60558678
query 453 / 19849
estimate 210092597.9553517
query 454 / 19849
estimate 92794839.29908085
query 455 / 19849
estimate 60395246.71715359
query 456 / 19849
estimate 455731658.9542852
query 457 / 19849
estimate 52950336.24120911
query 458 / 19849
estimate 71093995.61347991
query 459 / 19849
estimate 66975236.25550298
query 460 / 19849
estimate 53607533.13551445
query 461 / 19849
estimate 259093721.52094132
query 462 / 19849
estimate 49491382.742363274
query 463 / 19849
estimate 325202119.52332675
query 464 / 19849
estimate 361435983.05696845
query 465 / 19849
estimate 68301331.24920674
query 466 / 19849
estimate 81259746.67831685
query 467 / 19849
estimate 66341145.19990686
query 468 / 19849
estimate 57733418.78188803
query 469 / 19849
estimate 74890470.06540641
query 470 / 19849
estimate 291433915.95166767
query 471 / 19849
estimate 257243687.58744904
query 472 / 19849
estimate 54389667.66582943
query 473 / 19849
estimate 185732941.4219956
query 474 / 19849
estimate 82573506.67638154
query 475 / 19849
estimate 52949105.44172901
query 476 / 19849
estimate 66732393.67449586
query 477 / 19849
estimate 53517904.143514894
query 478 / 19849
estimate 53914496.45550072
query 479 / 19849
estimate 68181278.66031955
query 480 / 19849
estimate 58896931.30851632
query 481 / 19849
estimate 193133235.27306867
query 482 / 19849
estimate 51750613.96548123
query 483 / 19849
estimate 272260179.83747464
query 484 / 19849
estimate 91619665.37419082
query 485 / 19849
estimate 60541448.823551014
query 486 / 19849
estimate 61254998.583122484
query 487 / 19849
estimate 61883006.47306896
query 488 / 19849
estimate 66426559.376518875
query 489 / 19849
estimate 60162641.51486366
query 490 / 19849
estimate 65841630.91650359
query 491 / 19849
estimate 102563931.07148872
query 492 / 19849
estimate 66998063.365736425
query 493 / 19849
estimate 56794043.503099866
query 494 / 19849
estimate 60563038.235248685
query 495 / 19849
estimate 419439441.9255761
query 496 / 19849
estimate 142801452.6816432
query 497 / 19849
estimate 242820870.22292924
query 498 / 19849
estimate 65348891.49263558
query 499 / 19849
estimate 59606826.05205541
query 500 / 19849
estimate 299979486.99588436
query 501 / 19849
estimate 149928641.93056703
query 502 / 19849
estimate 110381968.8926355
query 503 / 19849
estimate 57649654.466697186
query 504 / 19849
estimate 78049930.68757701
query 505 / 19849
estimate 56046725.58478774
query 506 / 19849
estimate 53914496.45550072
query 507 / 19849
estimate 83764870.81419718
query 508 / 19849
estimate 152171781.59991142
query 509 / 19849
estimate 146540392.4817115
query 510 / 19849
estimate 59470094.48458525
query 511 / 19849
estimate 50118132.01688214
query 512 / 19849
estimate 68353709.17096612
query 513 / 19849
estimate 310735996.98501056
query 514 / 19849
estimate 63568790.09594259
query 515 / 19849
estimate 60485921.81339765
query 516 / 19849
estimate 202611617.54901746
query 517 / 19849
estimate 61113398.08512136
query 518 / 19849
estimate 79875088.05710006
query 519 / 19849
estimate 46874293.318561085
query 520 / 19849
estimate 66118965.846370876
query 521 / 19849
estimate 185077112.64331102
query 522 / 19849
estimate 59452487.231443755
query 523 / 19849
estimate 55514675.685822144
query 524 / 19849
estimate 67349517.83674195
query 525 / 19849
estimate 59920634.853660285
query 526 / 19849
estimate 464857529.3290344
query 527 / 19849
estimate 81773538.26275016
query 528 / 19849
estimate 289900788.80285186
query 529 / 19849
estimate 82322755.3551551
query 530 / 19849
estimate 75741922.45229264
query 531 / 19849
estimate 63361944.59803508
query 532 / 19849
estimate 520274085.5227644
query 533 / 19849
estimate 181024169.22841924
query 534 / 19849
estimate 67307393.83611862
query 535 / 19849
estimate 81272738.39740284
query 536 / 19849
estimate 204992575.61106598
query 537 / 19849
estimate 79176169.83453059
query 538 / 19849
estimate 67947838.74053104
query 539 / 19849
estimate 60059466.64511059
query 540 / 19849
estimate 61540218.68899678
query 541 / 19849
estimate 59540367.91689651
query 542 / 19849
estimate 70897989.95320275
query 543 / 19849
estimate 45503221.22249766
query 544 / 19849
estimate 68719662.5037321
query 545 / 19849
estimate 70349039.56146707
query 546 / 19849
estimate 213473883.36196128
query 547 / 19849
estimate 79680959.3248696
query 548 / 19849
estimate 421514374.79981583
query 549 / 19849
estimate 105687781.58138429
query 550 / 19849
estimate 283680400.38799435
query 551 / 19849
estimate 87245454.80965059
query 552 / 19849
estimate 67476405.60558678
query 553 / 19849
estimate 67114694.44066696
query 554 / 19849
estimate 267756953.0010109
query 555 / 19849
estimate 147925808.16565078
query 556 / 19849
estimate 135496057.29783586
query 557 / 19849
estimate 63953223.7367089
query 558 / 19849
estimate 85663225.16708058
query 559 / 19849
estimate 88182220.37389556
query 560 / 19849
estimate 180418619.83582026
query 561 / 19849
estimate 52674932.55499484
query 562 / 19849
estimate 66922421.964439355
query 563 / 19849
estimate 183560498.11282957
query 564 / 19849
estimate 168547711.09703034
query 565 / 19849
estimate 66036658.76289097
query 566 / 19849
estimate 65909925.71512598
query 567 / 19849
estimate 164882397.8340849
query 568 / 19849
estimate 69505778.29501514
query 569 / 19849
estimate 67736475.67972971
query 570 / 19849
estimate 119614905.28398404
query 571 / 19849
estimate 57291591.176987775
query 572 / 19849
estimate 64296069.80107443
query 573 / 19849
estimate 203595130.68354425
query 574 / 19849
estimate 142316487.31173384
query 575 / 19849
estimate 59170223.310657956
query 576 / 19849
estimate 68302627.84571011
query 577 / 19849
estimate 67411094.72882293
query 578 / 19849
estimate 433359601.33193517
query 579 / 19849
estimate 45456391.2972944
query 580 / 19849
estimate 67356751.85989667
query 581 / 19849
estimate 301539046.6921516
query 582 / 19849
estimate 229299726.24569136
query 583 / 19849
estimate 83993848.5493015
query 584 / 19849
estimate 82612825.28684513
query 585 / 19849
estimate 54848396.36787422
query 586 / 19849
estimate 259394938.43554598
query 587 / 19849
estimate 78968517.48200057
query 588 / 19849
estimate 90118657.62815139
query 589 / 19849
estimate 172857780.8165576
query 590 / 19849
estimate 67873396.93280485
query 591 / 19849
estimate 61189263.20712327
query 592 / 19849
estimate 132136322.04186615
query 593 / 19849
estimate 521417386.8675764
query 594 / 19849
estimate 74956830.49363446
query 595 / 19849
estimate 318089237.4758314
query 596 / 19849
estimate 220454539.79015878
query 597 / 19849
estimate 202348265.64105392
query 598 / 19849
estimate 162835750.7587936
query 599 / 19849
estimate 106352026.31644788
query 600 / 19849
estimate 394772079.99040395
query 601 / 19849
estimate 85240142.6361147
query 602 / 19849
estimate 170336503.30170113
query 603 / 19849
estimate 149649647.89329097
query 604 / 19849
estimate 263015067.12551373
query 605 / 19849
estimate 53914496.45550072
query 606 / 19849
estimate 67165643.2181508
query 607 / 19849
estimate 67692150.2417906
query 608 / 19849
estimate 58449474.721580274
query 609 / 19849
estimate 87461491.75038391
query 610 / 19849
estimate 67142303.35586049
query 611 / 19849
estimate 68005855.05501583
query 612 / 19849
estimate 53914496.45550072
query 613 / 19849
estimate 80901698.53350946
query 614 / 19849
estimate 57939441.78637734
query 615 / 19849
estimate 172254867.80434617
query 616 / 19849
estimate 501087885.9063104
query 617 / 19849
estimate 78839265.31403014
query 618 / 19849
estimate 48438592.09814529
query 619 / 19849
estimate 68985704.79551926
query 620 / 19849
estimate 67619053.30901234
query 621 / 19849
estimate 66170197.13212062
query 622 / 19849
estimate 157179300.72382984
query 623 / 19849
estimate 66833871.6128683
query 624 / 19849
estimate 66708318.84574483
query 625 / 19849
estimate 70914532.78500396
query 626 / 19849
estimate 228559881.06589758
query 627 / 19849
estimate 66812251.283819504
query 628 / 19849
estimate 69223356.96407114
query 629 / 19849
estimate 78198544.00777397
query 630 / 19849
estimate 62493749.5487936
query 631 / 19849
estimate 80086529.7403961
query 632 / 19849
estimate 60606446.65976434
query 633 / 19849
estimate 59972990.55393459
query 634 / 19849
estimate 68330446.36396554
query 635 / 19849
estimate 67331129.64419895
query 636 / 19849
estimate 57275223.797632195
query 637 / 19849
estimate 187664463.53596833
query 638 / 19849
estimate 53672322.818385385
query 639 / 19849
estimate 145809802.01767024
query 640 / 19849
estimate 84656925.15350997
query 641 / 19849
estimate 338020740.4813564
query 642 / 19849
estimate 240898180.1896567
query 643 / 19849
estimate 70217998.45830138
query 644 / 19849
estimate 82560502.7075118
query 645 / 19849
estimate 243173027.14653477
query 646 / 19849
estimate 57631028.80450034
query 647 / 19849
estimate 307839943.93154395
query 648 / 19849
estimate 53064529.1664922
query 649 / 19849
estimate 61391382.56107801
query 650 / 19849
estimate 132140673.94151917
query 651 / 19849
estimate 54425732.45831675
query 652 / 19849
estimate 68669269.59588283
query 653 / 19849
estimate 65807434.343542285
query 654 / 19849
estimate 456320340.77711684
query 655 / 19849
estimate 69579472.9760113
query 656 / 19849
estimate 80643140.50434533
query 657 / 19849
estimate 79956814.69152932
query 658 / 19849
estimate 54630231.41651047
query 659 / 19849
estimate 60737616.360334285
query 660 / 19849
estimate 90197817.51366922
query 661 / 19849
estimate 55153818.00856618
query 662 / 19849
estimate 59727393.17248341
query 663 / 19849
estimate 63811849.268153675
query 664 / 19849
estimate 846988453.59453
query 665 / 19849
estimate 74508552.49033232
query 666 / 19849
estimate 328510360.7924276
query 667 / 19849
estimate 83158276.50466496
query 668 / 19849
estimate 65137640.05876821
query 669 / 19849
estimate 66400063.771818765
query 670 / 19849
estimate 63180727.544157825
query 671 / 19849
estimate 192387919.0057041
query 672 / 19849
estimate 74311187.96234
query 673 / 19849
estimate 52352580.83992808
query 674 / 19849
estimate 83647718.63278124
query 675 / 19849
estimate 66595018.954832695
query 676 / 19849
estimate 178942602.739362
query 677 / 19849
estimate 111152569.07398337
query 678 / 19849
estimate 50635979.661133066
query 679 / 19849
estimate 67395017.58915026
query 680 / 19849
estimate 277442678.4883768
query 681 / 19849
estimate 69179567.62025678
query 682 / 19849
estimate 59638590.17512376
query 683 / 19849
estimate 53914496.45550072
query 684 / 19849
estimate 70060728.33724406
query 685 / 19849
estimate 53914496.45550072
query 686 / 19849
estimate 66595018.954832695
query 687 / 19849
estimate 110107879.14518031
query 688 / 19849
estimate 53914496.45550072
query 689 / 19849
estimate 53447354.971814744
query 690 / 19849
estimate 65973348.91523003
query 691 / 19849
estimate 80714007.99178904
query 692 / 19849
estimate 142908615.41022855
query 693 / 19849
estimate 95429114.67553246
query 694 / 19849
estimate 59539805.873625375
query 695 / 19849
estimate 60777885.02565844
query 696 / 19849
estimate 186415990.06562376
query 697 / 19849
estimate 138432484.8930496
query 698 / 19849
estimate 165366139.10057154
query 699 / 19849
estimate 59712690.474021256
query 700 / 19849
estimate 57152238.782680556
query 701 / 19849
estimate 68385257.8444465
query 702 / 19849
estimate 54655051.31184648
query 703 / 19849
estimate 306487538.7757324
query 704 / 19849
estimate 384634639.67934585
query 705 / 19849
estimate 25537702.08782836
query 706 / 19849
estimate 68619091.06619312
query 707 / 19849
estimate 66732393.67449586
query 708 / 19849
estimate 66186087.519635655
query 709 / 19849
estimate 372367112.49969757
query 710 / 19849
estimate 66707870.52031787
query 711 / 19849
estimate 60270497.84409471
query 712 / 19849
estimate 176099157.77803665
query 713 / 19849
estimate 70694668.02013542
query 714 / 19849
estimate 314454423.0840322
query 715 / 19849
estimate 73049824.05579571
query 716 / 19849
estimate 61102809.8825497
query 717 / 19849
estimate 66917205.24328694
query 718 / 19849
estimate 59540316.744671784
query 719 / 19849
estimate 171089973.26852304
query 720 / 19849
estimate 53627693.76136667
query 721 / 19849
estimate 81880461.78509252
query 722 / 19849
estimate 53957482.70432131
query 723 / 19849
estimate 66285621.31216741
query 724 / 19849
estimate 68187430.5223271
query 725 / 19849
estimate 55473665.60379607
query 726 / 19849
estimate 53914496.45550072
query 727 / 19849
estimate 229865096.9866205
query 728 / 19849
estimate 63208759.43302897
query 729 / 19849
estimate 65809874.50061514
query 730 / 19849
estimate 59139785.68914701
query 731 / 19849
estimate 274828667.78491527
query 732 / 19849
estimate 47508158.274386466
query 733 / 19849
estimate 62560600.229765065
query 734 / 19849
estimate 54595786.73889215
query 735 / 19849
estimate 46609383.49657596
query 736 / 19849
estimate 531665476.6923807
query 737 / 19849
estimate 59449184.457658954
query 738 / 19849
estimate 74847995.66399865
query 739 / 19849
estimate 233762439.72184613
query 740 / 19849
estimate 57878721.58428971
query 741 / 19849
estimate 87468779.92772762
query 742 / 19849
estimate 54695204.695842355
query 743 / 19849
estimate 65656111.794093676
query 744 / 19849
estimate 67723842.73350146
query 745 / 19849
estimate 49773016.31088127
query 746 / 19849
estimate 230024359.09937075
query 747 / 19849
estimate 79178294.25240198
query 748 / 19849
estimate 212834639.70723698
query 749 / 19849
estimate 67628204.14536296
query 750 / 19849
estimate 67800011.99754949
query 751 / 19849
estimate 63208759.43302897
query 752 / 19849
estimate 57171304.591301925
query 753 / 19849
estimate 585729945.6901765
query 754 / 19849
estimate 86312512.99858855
query 755 / 19849
estimate 66877572.223564535
query 756 / 19849
estimate 144948657.29165915
query 757 / 19849
estimate 214526554.92808622
query 758 / 19849
estimate 52503180.98360604
query 759 / 19849
estimate 62644511.38893495
query 760 / 19849
estimate 68260323.57408732
query 761 / 19849
estimate 69017324.98778723
query 762 / 19849
estimate 60656564.99268557
query 763 / 19849
estimate 361471231.002841
query 764 / 19849
estimate 79062679.00719823
query 765 / 19849
estimate 58612074.71269789
query 766 / 19849
estimate 52819565.77203556
query 767 / 19849
estimate 191736803.80183738
query 768 / 19849
estimate 58135102.485759936
query 769 / 19849
estimate 59051565.108082116
query 770 / 19849
estimate 94098073.89137885
query 771 / 19849
estimate 239610464.85902607
query 772 / 19849
estimate 69445572.08702117
query 773 / 19849
estimate 83960828.43111363
query 774 / 19849
estimate 55828350.80740133
query 775 / 19849
estimate 61304644.528390355
query 776 / 19849
estimate 63972986.734147966
query 777 / 19849
estimate 66579033.58434732
query 778 / 19849
estimate 376537115.11546326
query 779 / 19849
estimate 50941887.05270714
query 780 / 19849
estimate 123723565.40470624
query 781 / 19849
estimate 682205927.4024197
query 782 / 19849
estimate 50578589.21706549
query 783 / 19849
estimate 244731801.7819099
query 784 / 19849
estimate 96107403.27067396
query 785 / 19849
estimate 53914496.45550072
query 786 / 19849
estimate 59791697.73770547
query 787 / 19849
estimate 169285075.22490466
query 788 / 19849
estimate 57334645.19224063
query 789 / 19849
estimate 201360265.35233656
query 790 / 19849
estimate 66804125.69723641
query 791 / 19849
estimate 81935543.57334557
query 792 / 19849
estimate 60095765.84417109
query 793 / 19849
estimate 53914496.45550072
query 794 / 19849
estimate 45626436.6725336
query 795 / 19849
estimate 70914532.78500396
query 796 / 19849
estimate 58392340.72172359
query 797 / 19849
estimate 79543823.7408357
query 798 / 19849
estimate 309223201.27003497
query 799 / 19849
estimate 63686689.98211451
query 800 / 19849
estimate 211636275.98700193
query 801 / 19849
estimate 139790150.73344544
query 802 / 19849
estimate 280863651.30389655
query 803 / 19849
estimate 53064529.1664922
query 804 / 19849
estimate 61105300.86108506
query 805 / 19849
estimate 63627037.70393754
query 806 / 19849
estimate 67696755.62621072
query 807 / 19849
estimate 278840609.73161966
query 808 / 19849
estimate 57581743.88970291
query 809 / 19849
estimate 335979935.67167753
query 810 / 19849
estimate 126745515.70134299
query 811 / 19849
estimate 59227747.091096014
query 812 / 19849
estimate 249655904.74644667
query 813 / 19849
estimate 56281229.027635455
query 814 / 19849
estimate 67527208.96616367
query 815 / 19849
estimate 54477289.63390879
query 816 / 19849
estimate 113058922.1866193
query 817 / 19849
estimate 65738827.56922368
query 818 / 19849
estimate 58512688.5631212
query 819 / 19849
estimate 41288555.23210651
query 820 / 19849
estimate 210344265.54886726
query 821 / 19849
estimate 66660429.6458441
query 822 / 19849
estimate 210090561.81921175
query 823 / 19849
estimate 58774296.890506744
query 824 / 19849
estimate 65892760.650906675
query 825 / 19849
estimate 59908845.23161307
query 826 / 19849
estimate 68400915.81908385
query 827 / 19849
Traceback (most recent call last):
  File "/src/luposdate3000/src/machinelearning/nextTry/./04_lupos_eval.py", line 82, in <module>
    value=histogram.estimate_intermediates(flatten(query),[int(x) for x in joinOrderString.split(",")])
  File "/src/luposdate3000/src/machinelearning/nextTry/calculate_with_histogram.py", line 127, in estimate_intermediates
    intermediates.append(perform_join(a, b))
  File "/src/luposdate3000/src/machinelearning/nextTry/calculate_with_histogram.py", line 96, in perform_join
    vn = myaverage(result[joinkey])
  File "/src/luposdate3000/src/machinelearning/nextTry/calculate_with_histogram.py", line 75, in myaverage
    return res / len(histogram)
ZeroDivisionError: division by zero
